[ 2017-01-11T09:57:20+08:00 ] 127.0.0.1 /index.php/Home/Cart/lst.html
INFO: [ app_init ] --START--
INFO: Run Behavior\BuildLiteBehavior [ RunTime:0.000020s ]
INFO: [ app_init ] --END-- [ RunTime:0.000479s ]
INFO: [ app_begin ] --START--
INFO: Run Behavior\ReadHtmlCacheBehavior [ RunTime:0.000575s ]
INFO: [ app_begin ] --END-- [ RunTime:0.000642s ]
NOTIC: [8] A session had already been started - ignoring session_start() D:\we\ThinkPHP\Common\functions.php 第 1263 行.
SQL: SHOW COLUMNS FROM `wx_cart` [ RunTime:0.0034s ]
SQL: SHOW COLUMNS FROM `wx_cart` [ RunTime:0.0027s ]
SQL: SELECT * FROM `wx_cart` WHERE `member_id` = '1'  [ RunTime:0.0003s ]
SQL: SHOW COLUMNS FROM `wx_goods` [ RunTime:0.0028s ]
SQL: SELECT `goods_name`,`sm_logo`,`shop_price` FROM `wx_goods` WHERE `id` = 46 LIMIT 1   [ RunTime:0.0003s ]
SQL: SELECT GROUP_CONCAT( CONCAT( b.attr_name,  ":", a.attr_value ) SEPARATOR  "<br/>" ) gastr
					FROM wx_goods_attr a
					LEFT JOIN wx_attribute b ON a.attr_id = b.id
					WHERE a.id
					IN ( 20,39 ) [ RunTime:0.0004s ]
INFO: [ view_parse ] --START--
INFO: [ template_filter ] --START--
INFO: Run Behavior\ContentReplaceBehavior [ RunTime:0.000077s ]
INFO: [ template_filter ] --END-- [ RunTime:0.000146s ]
INFO: Run Behavior\ParseTemplateBehavior [ RunTime:0.008011s ]
INFO: [ view_parse ] --END-- [ RunTime:0.008084s ]
INFO: [ view_filter ] --START--
INFO: Run Behavior\WriteHtmlCacheBehavior [ RunTime:0.000398s ]
INFO: [ view_filter ] --END-- [ RunTime:0.000461s ]
INFO: [ app_end ] --START--
INFO: Run Behavior\ShowPageTraceBehavior [ RunTime:0.000550s ]
INFO: [ app_end ] --END-- [ RunTime:0.000611s ]

[ 2017-01-11T13:38:02+08:00 ] 127.0.0.1 /index.php/Home/Member/lst.html
INFO: [ app_init ] --START--
INFO: Run Behavior\BuildLiteBehavior [ RunTime:0.000020s ]
INFO: [ app_init ] --END-- [ RunTime:0.000405s ]
INFO: [ app_begin ] --START--
INFO: Run Behavior\ReadHtmlCacheBehavior [ RunTime:0.000724s ]
INFO: [ app_begin ] --END-- [ RunTime:0.000794s ]
NOTIC: [8] A session had already been started - ignoring session_start() D:\we\ThinkPHP\Common\functions.php 第 1263 行.
ERR: 非法操作:lst

[ 2017-01-11T17:15:39+08:00 ] 127.0.0.1 /index.php/Home/Member/lst.html
INFO: [ app_init ] --START--
INFO: Run Behavior\BuildLiteBehavior [ RunTime:0.000019s ]
INFO: [ app_init ] --END-- [ RunTime:0.000484s ]
INFO: [ app_begin ] --START--
INFO: Run Behavior\ReadHtmlCacheBehavior [ RunTime:0.000627s ]
INFO: [ app_begin ] --END-- [ RunTime:0.000694s ]
NOTIC: [8] A session had already been started - ignoring session_start() D:\we\ThinkPHP\Common\functions.php 第 1263 行.
ERR: 非法操作:lst

[ 2017-01-11T17:15:57+08:00 ] 127.0.0.1 /index.php/Home/Member/lst.html
INFO: [ app_init ] --START--
INFO: Run Behavior\BuildLiteBehavior [ RunTime:0.000026s ]
INFO: [ app_init ] --END-- [ RunTime:0.000662s ]
INFO: [ app_begin ] --START--
INFO: Run Behavior\ReadHtmlCacheBehavior [ RunTime:0.000830s ]
INFO: [ app_begin ] --END-- [ RunTime:0.000922s ]
NOTIC: [8] A session had already been started - ignoring session_start() D:\we\ThinkPHP\Common\functions.php 第 1263 行.
ERR: 非法操作:lst

[ 2017-01-11T17:16:42+08:00 ] 127.0.0.1 /index.php/Home/Member/lst.html
INFO: [ app_init ] --START--
INFO: Run Behavior\BuildLiteBehavior [ RunTime:0.000022s ]
INFO: [ app_init ] --END-- [ RunTime:0.000488s ]
INFO: [ app_begin ] --START--
INFO: Run Behavior\ReadHtmlCacheBehavior [ RunTime:0.000688s ]
INFO: [ app_begin ] --END-- [ RunTime:0.000771s ]
NOTIC: [8] A session had already been started - ignoring session_start() D:\we\ThinkPHP\Common\functions.php 第 1263 行.
ERR: 模板不存在:./Application/Home/View/Member/lst.html

[ 2017-01-11T17:17:50+08:00 ] 127.0.0.1 /index.php/Home/Member/lst.html
INFO: [ app_init ] --START--
INFO: Run Behavior\BuildLiteBehavior [ RunTime:0.000029s ]
INFO: [ app_init ] --END-- [ RunTime:0.000629s ]
INFO: [ app_begin ] --START--
INFO: Run Behavior\ReadHtmlCacheBehavior [ RunTime:0.000978s ]
INFO: [ app_begin ] --END-- [ RunTime:0.001087s ]
NOTIC: [8] A session had already been started - ignoring session_start() D:\we\ThinkPHP\Common\functions.php 第 1263 行.
INFO: [ view_parse ] --START--
INFO: [ template_filter ] --START--
INFO: Run Behavior\ContentReplaceBehavior [ RunTime:0.000094s ]
INFO: [ template_filter ] --END-- [ RunTime:0.000197s ]
NOTIC: [8] Undefined variable: data D:\we\Application\Runtime\Cache\Home\be7d877e00437092e8292bb2d0ce7dca.php 第 37 行.
NOTIC: [2] Invalid argument supplied for foreach() D:\we\Application\Runtime\Cache\Home\be7d877e00437092e8292bb2d0ce7dca.php 第 37 行.
NOTIC: [8] Undefined variable: page D:\we\Application\Runtime\Cache\Home\be7d877e00437092e8292bb2d0ce7dca.php 第 48 行.
INFO: Run Behavior\ParseTemplateBehavior [ RunTime:0.010157s ]
INFO: [ view_parse ] --END-- [ RunTime:0.010258s ]
INFO: [ view_filter ] --START--
INFO: Run Behavior\WriteHtmlCacheBehavior [ RunTime:0.000631s ]
INFO: [ view_filter ] --END-- [ RunTime:0.000724s ]
INFO: [ app_end ] --START--
INFO: Run Behavior\ShowPageTraceBehavior [ RunTime:0.000596s ]
INFO: [ app_end ] --END-- [ RunTime:0.000659s ]

[ 2017-01-11T17:18:11+08:00 ] 127.0.0.1 /index.php/Home/Member/lst.html
INFO: [ app_init ] --START--
INFO: Run Behavior\BuildLiteBehavior [ RunTime:0.000036s ]
INFO: [ app_init ] --END-- [ RunTime:0.000920s ]
INFO: [ app_begin ] --START--
INFO: Run Behavior\ReadHtmlCacheBehavior [ RunTime:0.001307s ]
INFO: [ app_begin ] --END-- [ RunTime:0.001462s ]
NOTIC: [8] A session had already been started - ignoring session_start() D:\we\ThinkPHP\Common\functions.php 第 1263 行.
INFO: [ view_parse ] --START--
INFO: [ template_filter ] --START--
INFO: Run Behavior\ContentReplaceBehavior [ RunTime:0.000065s ]
INFO: [ template_filter ] --END-- [ RunTime:0.000136s ]
NOTIC: [8] Undefined variable: data D:\we\Application\Runtime\Cache\Home\be7d877e00437092e8292bb2d0ce7dca.php 第 37 行.
NOTIC: [2] Invalid argument supplied for foreach() D:\we\Application\Runtime\Cache\Home\be7d877e00437092e8292bb2d0ce7dca.php 第 37 行.
NOTIC: [8] Undefined variable: page D:\we\Application\Runtime\Cache\Home\be7d877e00437092e8292bb2d0ce7dca.php 第 48 行.
INFO: Run Behavior\ParseTemplateBehavior [ RunTime:0.007100s ]
INFO: [ view_parse ] --END-- [ RunTime:0.007174s ]
INFO: [ view_filter ] --START--
INFO: Run Behavior\WriteHtmlCacheBehavior [ RunTime:0.000471s ]
INFO: [ view_filter ] --END-- [ RunTime:0.000543s ]
INFO: [ app_end ] --START--
INFO: Run Behavior\ShowPageTraceBehavior [ RunTime:0.000669s ]
INFO: [ app_end ] --END-- [ RunTime:0.000740s ]

[ 2017-01-11T17:18:11+08:00 ] 127.0.0.1 /index.php/Home/Member/lst.html
INFO: [ app_init ] --START--
INFO: Run Behavior\BuildLiteBehavior [ RunTime:0.000027s ]
INFO: [ app_init ] --END-- [ RunTime:0.000631s ]
INFO: [ app_begin ] --START--
INFO: Run Behavior\ReadHtmlCacheBehavior [ RunTime:0.000884s ]
INFO: [ app_begin ] --END-- [ RunTime:0.000994s ]
NOTIC: [8] A session had already been started - ignoring session_start() D:\we\ThinkPHP\Common\functions.php 第 1263 行.
INFO: [ view_parse ] --START--
INFO: [ template_filter ] --START--
INFO: Run Behavior\ContentReplaceBehavior [ RunTime:0.000088s ]
INFO: [ template_filter ] --END-- [ RunTime:0.000183s ]
NOTIC: [8] Undefined variable: data D:\we\Application\Runtime\Cache\Home\be7d877e00437092e8292bb2d0ce7dca.php 第 37 行.
NOTIC: [2] Invalid argument supplied for foreach() D:\we\Application\Runtime\Cache\Home\be7d877e00437092e8292bb2d0ce7dca.php 第 37 行.
NOTIC: [8] Undefined variable: page D:\we\Application\Runtime\Cache\Home\be7d877e00437092e8292bb2d0ce7dca.php 第 48 行.
INFO: Run Behavior\ParseTemplateBehavior [ RunTime:0.009761s ]
INFO: [ view_parse ] --END-- [ RunTime:0.009883s ]
INFO: [ view_filter ] --START--
INFO: Run Behavior\WriteHtmlCacheBehavior [ RunTime:0.000658s ]
INFO: [ view_filter ] --END-- [ RunTime:0.000749s ]
INFO: [ app_end ] --START--
INFO: Run Behavior\ShowPageTraceBehavior [ RunTime:0.000989s ]
INFO: [ app_end ] --END-- [ RunTime:0.001084s ]

[ 2017-01-11T17:18:29+08:00 ] 127.0.0.1 /index.php/Home/Member/lst.html
INFO: [ app_init ] --START--
INFO: Run Behavior\BuildLiteBehavior [ RunTime:0.000031s ]
INFO: [ app_init ] --END-- [ RunTime:0.000724s ]
INFO: [ app_begin ] --START--
INFO: Run Behavior\ReadHtmlCacheBehavior [ RunTime:0.001103s ]
INFO: [ app_begin ] --END-- [ RunTime:0.001235s ]
NOTIC: [8] A session had already been started - ignoring session_start() D:\we\ThinkPHP\Common\functions.php 第 1263 行.
INFO: [ view_parse ] --START--
INFO: [ template_filter ] --START--
INFO: Run Behavior\ContentReplaceBehavior [ RunTime:0.000103s ]
INFO: [ template_filter ] --END-- [ RunTime:0.000217s ]
NOTIC: [8] Undefined variable: data D:\we\Application\Runtime\Cache\Home\be7d877e00437092e8292bb2d0ce7dca.php 第 37 行.
NOTIC: [2] Invalid argument supplied for foreach() D:\we\Application\Runtime\Cache\Home\be7d877e00437092e8292bb2d0ce7dca.php 第 37 行.
NOTIC: [8] Undefined variable: page D:\we\Application\Runtime\Cache\Home\be7d877e00437092e8292bb2d0ce7dca.php 第 48 行.
INFO: Run Behavior\ParseTemplateBehavior [ RunTime:0.011550s ]
INFO: [ view_parse ] --END-- [ RunTime:0.011665s ]
INFO: [ view_filter ] --START--
INFO: Run Behavior\WriteHtmlCacheBehavior [ RunTime:0.000796s ]
INFO: [ view_filter ] --END-- [ RunTime:0.000906s ]
INFO: [ app_end ] --START--
INFO: Run Behavior\ShowPageTraceBehavior [ RunTime:0.001145s ]
INFO: [ app_end ] --END-- [ RunTime:0.001259s ]

[ 2017-01-11T17:18:58+08:00 ] 127.0.0.1 /index.php/Home/Member/lst.html
INFO: [ app_init ] --START--
INFO: Run Behavior\BuildLiteBehavior [ RunTime:0.000032s ]
INFO: [ app_init ] --END-- [ RunTime:0.000836s ]
INFO: [ app_begin ] --START--
INFO: Run Behavior\ReadHtmlCacheBehavior [ RunTime:0.001065s ]
INFO: [ app_begin ] --END-- [ RunTime:0.001195s ]
NOTIC: [8] A session had already been started - ignoring session_start() D:\we\ThinkPHP\Common\functions.php 第 1263 行.
INFO: [ view_parse ] --START--
INFO: [ template_filter ] --START--
INFO: Run Behavior\ContentReplaceBehavior [ RunTime:0.000101s ]
INFO: [ template_filter ] --END-- [ RunTime:0.000216s ]
NOTIC: [8] Undefined variable: data D:\we\Application\Runtime\Cache\Home\be7d877e00437092e8292bb2d0ce7dca.php 第 37 行.
NOTIC: [2] Invalid argument supplied for foreach() D:\we\Application\Runtime\Cache\Home\be7d877e00437092e8292bb2d0ce7dca.php 第 37 行.
NOTIC: [8] Undefined variable: page D:\we\Application\Runtime\Cache\Home\be7d877e00437092e8292bb2d0ce7dca.php 第 48 行.
INFO: Run Behavior\ParseTemplateBehavior [ RunTime:0.011442s ]
INFO: [ view_parse ] --END-- [ RunTime:0.011663s ]
INFO: [ view_filter ] --START--
INFO: Run Behavior\WriteHtmlCacheBehavior [ RunTime:0.000727s ]
INFO: [ view_filter ] --END-- [ RunTime:0.000872s ]
INFO: [ app_end ] --START--
INFO: Run Behavior\ShowPageTraceBehavior [ RunTime:0.001119s ]
INFO: [ app_end ] --END-- [ RunTime:0.001235s ]

[ 2017-01-11T17:21:22+08:00 ] 127.0.0.1 /index.php/Home/Member/lst.html
INFO: [ app_init ] --START--
INFO: Run Behavior\BuildLiteBehavior [ RunTime:0.000033s ]
INFO: [ app_init ] --END-- [ RunTime:0.000847s ]
INFO: [ app_begin ] --START--
INFO: Run Behavior\ReadHtmlCacheBehavior [ RunTime:0.001148s ]
INFO: [ app_begin ] --END-- [ RunTime:0.001293s ]
NOTIC: [8] A session had already been started - ignoring session_start() D:\we\ThinkPHP\Common\functions.php 第 1263 行.
INFO: [ view_parse ] --START--
INFO: [ template_filter ] --START--
INFO: Run Behavior\ContentReplaceBehavior [ RunTime:0.000117s ]
INFO: [ template_filter ] --END-- [ RunTime:0.000255s ]
NOTIC: [8] Undefined variable: data D:\we\Application\Runtime\Cache\Home\be7d877e00437092e8292bb2d0ce7dca.php 第 38 行.
NOTIC: [2] Invalid argument supplied for foreach() D:\we\Application\Runtime\Cache\Home\be7d877e00437092e8292bb2d0ce7dca.php 第 38 行.
NOTIC: [8] Undefined variable: page D:\we\Application\Runtime\Cache\Home\be7d877e00437092e8292bb2d0ce7dca.php 第 50 行.
INFO: Run Behavior\ParseTemplateBehavior [ RunTime:0.011908s ]
INFO: [ view_parse ] --END-- [ RunTime:0.012041s ]
INFO: [ view_filter ] --START--
INFO: Run Behavior\WriteHtmlCacheBehavior [ RunTime:0.000787s ]
INFO: [ view_filter ] --END-- [ RunTime:0.000902s ]
INFO: [ app_end ] --START--
INFO: Run Behavior\ShowPageTraceBehavior [ RunTime:0.001112s ]
INFO: [ app_end ] --END-- [ RunTime:0.001247s ]

[ 2017-01-11T17:23:08+08:00 ] 127.0.0.1 /index.php/Home/Member/lst.html
INFO: [ app_init ] --START--
INFO: Run Behavior\BuildLiteBehavior [ RunTime:0.000030s ]
INFO: [ app_init ] --END-- [ RunTime:0.000664s ]
INFO: [ app_begin ] --START--
INFO: Run Behavior\ReadHtmlCacheBehavior [ RunTime:0.000960s ]
INFO: [ app_begin ] --END-- [ RunTime:0.001075s ]
NOTIC: [8] A session had already been started - ignoring session_start() D:\we\ThinkPHP\Common\functions.php 第 1263 行.
SQL: SHOW COLUMNS FROM `wx_member` [ RunTime:0.0040s ]
ERR: Think\Model:search方法不存在！

[ 2017-01-11T17:23:28+08:00 ] 127.0.0.1 /index.php/Home/Member/lst.html
INFO: [ app_init ] --START--
INFO: Run Behavior\BuildLiteBehavior [ RunTime:0.000034s ]
INFO: [ app_init ] --END-- [ RunTime:0.000716s ]
INFO: [ app_begin ] --START--
INFO: Run Behavior\ReadHtmlCacheBehavior [ RunTime:0.001147s ]
INFO: [ app_begin ] --END-- [ RunTime:0.001277s ]
NOTIC: [8] A session had already been started - ignoring session_start() D:\we\ThinkPHP\Common\functions.php 第 1263 行.
SQL: SHOW COLUMNS FROM `wx_member` [ RunTime:0.0027s ]
NOTIC: [8] Undefined variable: where D:\we\Application\Admin\Model\MemberModel.class.php 第 94 行.
SQL: SELECT COUNT(*) AS tp_count FROM wx_member a LIMIT 1   [ RunTime:0.0002s ]
NOTIC: [8] Undefined variable: where D:\we\Application\Admin\Model\MemberModel.class.php 第 101 行.
SQL: SELECT * FROM wx_member a LIMIT 0,2   [ RunTime:0.0002s ]
INFO: [ view_parse ] --START--
INFO: [ template_filter ] --START--
INFO: Run Behavior\ContentReplaceBehavior [ RunTime:0.000065s ]
INFO: [ template_filter ] --END-- [ RunTime:0.000135s ]
NOTIC: [8] Undefined variable: data D:\we\Application\Runtime\Cache\Home\be7d877e00437092e8292bb2d0ce7dca.php 第 38 行.
NOTIC: [2] Invalid argument supplied for foreach() D:\we\Application\Runtime\Cache\Home\be7d877e00437092e8292bb2d0ce7dca.php 第 38 行.
NOTIC: [8] Undefined variable: page D:\we\Application\Runtime\Cache\Home\be7d877e00437092e8292bb2d0ce7dca.php 第 50 行.
INFO: Run Behavior\ParseTemplateBehavior [ RunTime:0.006522s ]
INFO: [ view_parse ] --END-- [ RunTime:0.006603s ]
INFO: [ view_filter ] --START--
INFO: Run Behavior\WriteHtmlCacheBehavior [ RunTime:0.000417s ]
INFO: [ view_filter ] --END-- [ RunTime:0.000486s ]
INFO: [ app_end ] --START--
INFO: Run Behavior\ShowPageTraceBehavior [ RunTime:0.000578s ]
INFO: [ app_end ] --END-- [ RunTime:0.000651s ]

[ 2017-01-11T17:23:52+08:00 ] 127.0.0.1 /index.php/Home/Member/lst.html
INFO: [ app_init ] --START--
INFO: Run Behavior\BuildLiteBehavior [ RunTime:0.000052s ]
INFO: [ app_init ] --END-- [ RunTime:0.001372s ]
INFO: [ app_begin ] --START--
INFO: Run Behavior\ReadHtmlCacheBehavior [ RunTime:0.001949s ]
INFO: [ app_begin ] --END-- [ RunTime:0.002191s ]
NOTIC: [8] A session had already been started - ignoring session_start() D:\we\ThinkPHP\Common\functions.php 第 1263 行.
SQL: SHOW COLUMNS FROM `wx_member` [ RunTime:0.0083s ]
NOTIC: [8] Undefined variable: where D:\we\Application\Admin\Model\MemberModel.class.php 第 94 行.
SQL: SELECT COUNT(*) AS tp_count FROM wx_member a LIMIT 1   [ RunTime:0.0006s ]
NOTIC: [8] Undefined variable: where D:\we\Application\Admin\Model\MemberModel.class.php 第 101 行.
SQL: SELECT * FROM wx_member a LIMIT 0,2   [ RunTime:0.0007s ]
INFO: [ view_parse ] --START--
INFO: [ template_filter ] --START--
INFO: Run Behavior\ContentReplaceBehavior [ RunTime:0.000189s ]
INFO: [ template_filter ] --END-- [ RunTime:0.000416s ]
NOTIC: [8] Undefined variable: data D:\we\Application\Runtime\Cache\Home\be7d877e00437092e8292bb2d0ce7dca.php 第 38 行.
NOTIC: [2] Invalid argument supplied for foreach() D:\we\Application\Runtime\Cache\Home\be7d877e00437092e8292bb2d0ce7dca.php 第 38 行.
NOTIC: [8] Undefined variable: page D:\we\Application\Runtime\Cache\Home\be7d877e00437092e8292bb2d0ce7dca.php 第 50 行.
INFO: Run Behavior\ParseTemplateBehavior [ RunTime:0.020432s ]
INFO: [ view_parse ] --END-- [ RunTime:0.020640s ]
INFO: [ view_filter ] --START--
INFO: Run Behavior\WriteHtmlCacheBehavior [ RunTime:0.001618s ]
INFO: [ view_filter ] --END-- [ RunTime:0.001838s ]
INFO: [ app_end ] --START--
INFO: Run Behavior\ShowPageTraceBehavior [ RunTime:0.002203s ]
INFO: [ app_end ] --END-- [ RunTime:0.002477s ]

[ 2017-01-11T17:26:52+08:00 ] 127.0.0.1 /index.php/Home/Member/lst.html
INFO: [ app_init ] --START--
INFO: Run Behavior\BuildLiteBehavior [ RunTime:0.000029s ]
INFO: [ app_init ] --END-- [ RunTime:0.000646s ]
INFO: [ app_begin ] --START--
INFO: Run Behavior\ReadHtmlCacheBehavior [ RunTime:0.000959s ]
INFO: [ app_begin ] --END-- [ RunTime:0.001081s ]
NOTIC: [8] A session had already been started - ignoring session_start() D:\we\ThinkPHP\Common\functions.php 第 1263 行.
SQL: SHOW COLUMNS FROM `wx_member` [ RunTime:0.0040s ]
NOTIC: [8] Undefined variable: where D:\we\Application\Admin\Model\MemberModel.class.php 第 94 行.
SQL: SELECT COUNT(*) AS tp_count FROM wx_member a LIMIT 1   [ RunTime:0.0003s ]
NOTIC: [8] Undefined variable: where D:\we\Application\Admin\Model\MemberModel.class.php 第 101 行.
SQL: SELECT * FROM wx_member a LIMIT 0,2   [ RunTime:0.0003s ]
INFO: [ view_parse ] --START--
INFO: [ template_filter ] --START--
INFO: Run Behavior\ContentReplaceBehavior [ RunTime:0.000099s ]
INFO: [ template_filter ] --END-- [ RunTime:0.000206s ]
NOTIC: [8] Undefined variable: data D:\we\Application\Runtime\Cache\Home\be7d877e00437092e8292bb2d0ce7dca.php 第 38 行.
NOTIC: [2] Invalid argument supplied for foreach() D:\we\Application\Runtime\Cache\Home\be7d877e00437092e8292bb2d0ce7dca.php 第 38 行.
NOTIC: [8] Undefined variable: page D:\we\Application\Runtime\Cache\Home\be7d877e00437092e8292bb2d0ce7dca.php 第 50 行.
INFO: Run Behavior\ParseTemplateBehavior [ RunTime:0.010380s ]
INFO: [ view_parse ] --END-- [ RunTime:0.010505s ]
INFO: [ view_filter ] --START--
INFO: Run Behavior\WriteHtmlCacheBehavior [ RunTime:0.000863s ]
INFO: [ view_filter ] --END-- [ RunTime:0.000973s ]
INFO: [ app_end ] --START--
INFO: Run Behavior\ShowPageTraceBehavior [ RunTime:0.001093s ]
INFO: [ app_end ] --END-- [ RunTime:0.001214s ]

[ 2017-01-11T17:28:16+08:00 ] 127.0.0.1 /index.php/Home/Member/lst.html
INFO: [ app_init ] --START--
INFO: Run Behavior\BuildLiteBehavior [ RunTime:0.000033s ]
INFO: [ app_init ] --END-- [ RunTime:0.000675s ]
INFO: [ app_begin ] --START--
INFO: Run Behavior\ReadHtmlCacheBehavior [ RunTime:0.000917s ]
INFO: [ app_begin ] --END-- [ RunTime:0.001038s ]
NOTIC: [8] A session had already been started - ignoring session_start() D:\we\ThinkPHP\Common\functions.php 第 1263 行.
SQL: SHOW COLUMNS FROM `wx_member` [ RunTime:0.0042s ]
NOTIC: [8] Undefined variable: where D:\we\Application\Admin\Model\MemberModel.class.php 第 94 行.
SQL: SELECT COUNT(*) AS tp_count FROM wx_member a LIMIT 1   [ RunTime:0.0002s ]
NOTIC: [8] Undefined variable: where D:\we\Application\Admin\Model\MemberModel.class.php 第 101 行.
SQL: SELECT * FROM wx_member a LIMIT 0,2   [ RunTime:0.0003s ]
INFO: [ view_parse ] --START--
INFO: [ template_filter ] --START--
INFO: Run Behavior\ContentReplaceBehavior [ RunTime:0.000066s ]
INFO: [ template_filter ] --END-- [ RunTime:0.000137s ]
NOTIC: [8] Undefined variable: data D:\we\Application\Runtime\Cache\Home\be7d877e00437092e8292bb2d0ce7dca.php 第 39 行.
NOTIC: [2] Invalid argument supplied for foreach() D:\we\Application\Runtime\Cache\Home\be7d877e00437092e8292bb2d0ce7dca.php 第 39 行.
NOTIC: [8] Undefined variable: page D:\we\Application\Runtime\Cache\Home\be7d877e00437092e8292bb2d0ce7dca.php 第 52 行.
INFO: Run Behavior\ParseTemplateBehavior [ RunTime:0.006593s ]
INFO: [ view_parse ] --END-- [ RunTime:0.006668s ]
INFO: [ view_filter ] --START--
INFO: Run Behavior\WriteHtmlCacheBehavior [ RunTime:0.000416s ]
INFO: [ view_filter ] --END-- [ RunTime:0.000481s ]
INFO: [ app_end ] --START--
INFO: Run Behavior\ShowPageTraceBehavior [ RunTime:0.000572s ]
INFO: [ app_end ] --END-- [ RunTime:0.000632s ]

[ 2017-01-11T17:28:57+08:00 ] 127.0.0.1 /index.php/Home/Member/lst.html
INFO: [ app_init ] --START--
INFO: Run Behavior\BuildLiteBehavior [ RunTime:0.000027s ]
INFO: [ app_init ] --END-- [ RunTime:0.000554s ]
INFO: [ app_begin ] --START--
INFO: Run Behavior\ReadHtmlCacheBehavior [ RunTime:0.000868s ]
INFO: [ app_begin ] --END-- [ RunTime:0.000996s ]
NOTIC: [8] A session had already been started - ignoring session_start() D:\we\ThinkPHP\Common\functions.php 第 1263 行.
SQL: SHOW COLUMNS FROM `wx_member` [ RunTime:0.0036s ]
NOTIC: [8] Undefined variable: where D:\we\Application\Admin\Model\MemberModel.class.php 第 94 行.
SQL: SELECT COUNT(*) AS tp_count FROM wx_member a LIMIT 1   [ RunTime:0.0003s ]
NOTIC: [8] Undefined variable: where D:\we\Application\Admin\Model\MemberModel.class.php 第 101 行.
SQL: SELECT * FROM wx_member a LIMIT 0,2   [ RunTime:0.0003s ]
INFO: [ view_parse ] --START--
INFO: [ template_filter ] --START--
INFO: Run Behavior\ContentReplaceBehavior [ RunTime:0.000069s ]
INFO: [ template_filter ] --END-- [ RunTime:0.000151s ]
NOTIC: [2] Illegal string offset 'id' D:\we\Application\Runtime\Cache\Home\be7d877e00437092e8292bb2d0ce7dca.php 第 42 行.
NOTIC: [2] Illegal string offset 'id' D:\we\Application\Runtime\Cache\Home\be7d877e00437092e8292bb2d0ce7dca.php 第 43 行.
NOTIC: [2] Illegal string offset 'email' D:\we\Application\Runtime\Cache\Home\be7d877e00437092e8292bb2d0ce7dca.php 第 44 行.
NOTIC: [2] Illegal string offset 'face' D:\we\Application\Runtime\Cache\Home\be7d877e00437092e8292bb2d0ce7dca.php 第 45 行.
NOTIC: [2] Illegal string offset 'addtime' D:\we\Application\Runtime\Cache\Home\be7d877e00437092e8292bb2d0ce7dca.php 第 46 行.
NOTIC: [2] Illegal string offset 'id' D:\we\Application\Runtime\Cache\Home\be7d877e00437092e8292bb2d0ce7dca.php 第 49 行.
NOTIC: [2] Illegal string offset 'id' D:\we\Application\Runtime\Cache\Home\be7d877e00437092e8292bb2d0ce7dca.php 第 49 行.
NOTIC: [8] Undefined index: id D:\we\Application\Runtime\Cache\Home\be7d877e00437092e8292bb2d0ce7dca.php 第 42 行.
NOTIC: [8] Undefined index: id D:\we\Application\Runtime\Cache\Home\be7d877e00437092e8292bb2d0ce7dca.php 第 43 行.
NOTIC: [8] Undefined index: email D:\we\Application\Runtime\Cache\Home\be7d877e00437092e8292bb2d0ce7dca.php 第 44 行.
NOTIC: [8] Undefined index: face D:\we\Application\Runtime\Cache\Home\be7d877e00437092e8292bb2d0ce7dca.php 第 45 行.
NOTIC: [8] Undefined index: addtime D:\we\Application\Runtime\Cache\Home\be7d877e00437092e8292bb2d0ce7dca.php 第 46 行.
NOTIC: [8] Undefined index: id D:\we\Application\Runtime\Cache\Home\be7d877e00437092e8292bb2d0ce7dca.php 第 49 行.
NOTIC: [8] Undefined index: id D:\we\Application\Runtime\Cache\Home\be7d877e00437092e8292bb2d0ce7dca.php 第 49 行.
NOTIC: [8] Undefined variable: page D:\we\Application\Runtime\Cache\Home\be7d877e00437092e8292bb2d0ce7dca.php 第 52 行.
INFO: Run Behavior\ParseTemplateBehavior [ RunTime:0.008883s ]
INFO: [ view_parse ] --END-- [ RunTime:0.008983s ]
INFO: [ view_filter ] --START--
INFO: Run Behavior\WriteHtmlCacheBehavior [ RunTime:0.000500s ]
INFO: [ view_filter ] --END-- [ RunTime:0.000602s ]
INFO: [ app_end ] --START--
INFO: Run Behavior\ShowPageTraceBehavior [ RunTime:0.000642s ]
INFO: [ app_end ] --END-- [ RunTime:0.000705s ]

[ 2017-01-11T17:29:13+08:00 ] 127.0.0.1 /index.php/Home/Member/lst.html
INFO: [ app_init ] --START--
INFO: Run Behavior\BuildLiteBehavior [ RunTime:0.000028s ]
INFO: [ app_init ] --END-- [ RunTime:0.000611s ]
INFO: [ app_begin ] --START--
INFO: Run Behavior\ReadHtmlCacheBehavior [ RunTime:0.000971s ]
INFO: [ app_begin ] --END-- [ RunTime:0.001081s ]
NOTIC: [8] A session had already been started - ignoring session_start() D:\we\ThinkPHP\Common\functions.php 第 1263 行.
SQL: SHOW COLUMNS FROM `wx_member` [ RunTime:0.0029s ]
NOTIC: [8] Undefined variable: where D:\we\Application\Admin\Model\MemberModel.class.php 第 94 行.
SQL: SELECT COUNT(*) AS tp_count FROM wx_member a LIMIT 1   [ RunTime:0.0002s ]
NOTIC: [8] Undefined variable: where D:\we\Application\Admin\Model\MemberModel.class.php 第 101 行.
SQL: SELECT * FROM wx_member a LIMIT 0,2   [ RunTime:0.0002s ]
INFO: [ view_parse ] --START--
INFO: [ template_filter ] --START--
INFO: Run Behavior\ContentReplaceBehavior [ RunTime:0.000059s ]
INFO: [ template_filter ] --END-- [ RunTime:0.000126s ]
NOTIC: [2] Illegal string offset 'id' D:\we\Application\Runtime\Cache\Home\be7d877e00437092e8292bb2d0ce7dca.php 第 42 行.
NOTIC: [2] Illegal string offset 'id' D:\we\Application\Runtime\Cache\Home\be7d877e00437092e8292bb2d0ce7dca.php 第 43 行.
NOTIC: [2] Illegal string offset 'email' D:\we\Application\Runtime\Cache\Home\be7d877e00437092e8292bb2d0ce7dca.php 第 44 行.
NOTIC: [2] Illegal string offset 'face' D:\we\Application\Runtime\Cache\Home\be7d877e00437092e8292bb2d0ce7dca.php 第 45 行.
NOTIC: [2] Illegal string offset 'addtime' D:\we\Application\Runtime\Cache\Home\be7d877e00437092e8292bb2d0ce7dca.php 第 46 行.
NOTIC: [2] Illegal string offset 'id' D:\we\Application\Runtime\Cache\Home\be7d877e00437092e8292bb2d0ce7dca.php 第 49 行.
NOTIC: [2] Illegal string offset 'id' D:\we\Application\Runtime\Cache\Home\be7d877e00437092e8292bb2d0ce7dca.php 第 49 行.
NOTIC: [8] Undefined index: id D:\we\Application\Runtime\Cache\Home\be7d877e00437092e8292bb2d0ce7dca.php 第 42 行.
NOTIC: [8] Undefined index: id D:\we\Application\Runtime\Cache\Home\be7d877e00437092e8292bb2d0ce7dca.php 第 43 行.
NOTIC: [8] Undefined index: email D:\we\Application\Runtime\Cache\Home\be7d877e00437092e8292bb2d0ce7dca.php 第 44 行.
NOTIC: [8] Undefined index: face D:\we\Application\Runtime\Cache\Home\be7d877e00437092e8292bb2d0ce7dca.php 第 45 行.
NOTIC: [8] Undefined index: addtime D:\we\Application\Runtime\Cache\Home\be7d877e00437092e8292bb2d0ce7dca.php 第 46 行.
NOTIC: [8] Undefined index: id D:\we\Application\Runtime\Cache\Home\be7d877e00437092e8292bb2d0ce7dca.php 第 49 行.
NOTIC: [8] Undefined index: id D:\we\Application\Runtime\Cache\Home\be7d877e00437092e8292bb2d0ce7dca.php 第 49 行.
NOTIC: [8] Undefined variable: page D:\we\Application\Runtime\Cache\Home\be7d877e00437092e8292bb2d0ce7dca.php 第 52 行.
INFO: Run Behavior\ParseTemplateBehavior [ RunTime:0.007700s ]
INFO: [ view_parse ] --END-- [ RunTime:0.007772s ]
INFO: [ view_filter ] --START--
INFO: Run Behavior\WriteHtmlCacheBehavior [ RunTime:0.000470s ]
INFO: [ view_filter ] --END-- [ RunTime:0.000536s ]
INFO: [ app_end ] --START--
INFO: Run Behavior\ShowPageTraceBehavior [ RunTime:0.000573s ]
INFO: [ app_end ] --END-- [ RunTime:0.000645s ]

[ 2017-01-11T17:29:27+08:00 ] 127.0.0.1 /index.php/Home/Member/lst.html
INFO: [ app_init ] --START--
INFO: Run Behavior\BuildLiteBehavior [ RunTime:0.000034s ]
INFO: [ app_init ] --END-- [ RunTime:0.000787s ]
INFO: [ app_begin ] --START--
INFO: Run Behavior\ReadHtmlCacheBehavior [ RunTime:0.001201s ]
INFO: [ app_begin ] --END-- [ RunTime:0.001329s ]
NOTIC: [8] A session had already been started - ignoring session_start() D:\we\ThinkPHP\Common\functions.php 第 1263 行.
SQL: SHOW COLUMNS FROM `wx_member` [ RunTime:0.0033s ]
NOTIC: [8] Undefined variable: where D:\we\Application\Admin\Model\MemberModel.class.php 第 94 行.
SQL: SELECT COUNT(*) AS tp_count FROM wx_member a LIMIT 1   [ RunTime:0.0002s ]
NOTIC: [8] Undefined variable: where D:\we\Application\Admin\Model\MemberModel.class.php 第 101 行.
SQL: SELECT * FROM wx_member a LIMIT 0,2   [ RunTime:0.0003s ]
INFO: [ view_parse ] --START--
INFO: [ template_filter ] --START--
INFO: Run Behavior\ContentReplaceBehavior [ RunTime:0.000073s ]
INFO: [ template_filter ] --END-- [ RunTime:0.000156s ]
NOTIC: [2] Illegal string offset 'id' D:\we\Application\Runtime\Cache\Home\be7d877e00437092e8292bb2d0ce7dca.php 第 41 行.
NOTIC: [2] Illegal string offset 'id' D:\we\Application\Runtime\Cache\Home\be7d877e00437092e8292bb2d0ce7dca.php 第 42 行.
NOTIC: [2] Illegal string offset 'email' D:\we\Application\Runtime\Cache\Home\be7d877e00437092e8292bb2d0ce7dca.php 第 43 行.
NOTIC: [2] Illegal string offset 'face' D:\we\Application\Runtime\Cache\Home\be7d877e00437092e8292bb2d0ce7dca.php 第 44 行.
NOTIC: [2] Illegal string offset 'addtime' D:\we\Application\Runtime\Cache\Home\be7d877e00437092e8292bb2d0ce7dca.php 第 45 行.
NOTIC: [2] Illegal string offset 'id' D:\we\Application\Runtime\Cache\Home\be7d877e00437092e8292bb2d0ce7dca.php 第 48 行.
NOTIC: [2] Illegal string offset 'id' D:\we\Application\Runtime\Cache\Home\be7d877e00437092e8292bb2d0ce7dca.php 第 48 行.
NOTIC: [8] Undefined index: id D:\we\Application\Runtime\Cache\Home\be7d877e00437092e8292bb2d0ce7dca.php 第 41 行.
NOTIC: [8] Undefined index: id D:\we\Application\Runtime\Cache\Home\be7d877e00437092e8292bb2d0ce7dca.php 第 42 行.
NOTIC: [8] Undefined index: email D:\we\Application\Runtime\Cache\Home\be7d877e00437092e8292bb2d0ce7dca.php 第 43 行.
NOTIC: [8] Undefined index: face D:\we\Application\Runtime\Cache\Home\be7d877e00437092e8292bb2d0ce7dca.php 第 44 行.
NOTIC: [8] Undefined index: addtime D:\we\Application\Runtime\Cache\Home\be7d877e00437092e8292bb2d0ce7dca.php 第 45 行.
NOTIC: [8] Undefined index: id D:\we\Application\Runtime\Cache\Home\be7d877e00437092e8292bb2d0ce7dca.php 第 48 行.
NOTIC: [8] Undefined index: id D:\we\Application\Runtime\Cache\Home\be7d877e00437092e8292bb2d0ce7dca.php 第 48 行.
NOTIC: [8] Undefined variable: page D:\we\Application\Runtime\Cache\Home\be7d877e00437092e8292bb2d0ce7dca.php 第 51 行.
INFO: Run Behavior\ParseTemplateBehavior [ RunTime:0.008350s ]
INFO: [ view_parse ] --END-- [ RunTime:0.008438s ]
INFO: [ view_filter ] --START--
INFO: Run Behavior\WriteHtmlCacheBehavior [ RunTime:0.000536s ]
INFO: [ view_filter ] --END-- [ RunTime:0.000614s ]
INFO: [ app_end ] --START--
INFO: Run Behavior\ShowPageTraceBehavior [ RunTime:0.000676s ]
INFO: [ app_end ] --END-- [ RunTime:0.000752s ]

[ 2017-01-11T17:29:51+08:00 ] 127.0.0.1 /index.php/Home/Member/lst.html
INFO: [ app_init ] --START--
INFO: Run Behavior\BuildLiteBehavior [ RunTime:0.000024s ]
INFO: [ app_init ] --END-- [ RunTime:0.000531s ]
INFO: [ app_begin ] --START--
INFO: Run Behavior\ReadHtmlCacheBehavior [ RunTime:0.000741s ]
INFO: [ app_begin ] --END-- [ RunTime:0.000828s ]
NOTIC: [8] A session had already been started - ignoring session_start() D:\we\ThinkPHP\Common\functions.php 第 1263 行.
SQL: SHOW COLUMNS FROM `wx_member` [ RunTime:0.0035s ]
NOTIC: [8] Undefined variable: where D:\we\Application\Admin\Model\MemberModel.class.php 第 94 行.
SQL: SELECT COUNT(*) AS tp_count FROM wx_member a LIMIT 1   [ RunTime:0.0002s ]
NOTIC: [8] Undefined variable: where D:\we\Application\Admin\Model\MemberModel.class.php 第 101 行.
SQL: SELECT * FROM wx_member a LIMIT 0,2   [ RunTime:0.0003s ]
INFO: [ view_parse ] --START--
INFO: [ template_filter ] --START--
INFO: Run Behavior\ContentReplaceBehavior [ RunTime:0.000088s ]
INFO: [ template_filter ] --END-- [ RunTime:0.000200s ]
NOTIC: [2] Illegal string offset 'id' D:\we\Application\Runtime\Cache\Home\be7d877e00437092e8292bb2d0ce7dca.php 第 41 行.
NOTIC: [2] Illegal string offset 'id' D:\we\Application\Runtime\Cache\Home\be7d877e00437092e8292bb2d0ce7dca.php 第 42 行.
NOTIC: [2] Illegal string offset 'email' D:\we\Application\Runtime\Cache\Home\be7d877e00437092e8292bb2d0ce7dca.php 第 43 行.
NOTIC: [2] Illegal string offset 'face' D:\we\Application\Runtime\Cache\Home\be7d877e00437092e8292bb2d0ce7dca.php 第 44 行.
NOTIC: [2] Illegal string offset 'addtime' D:\we\Application\Runtime\Cache\Home\be7d877e00437092e8292bb2d0ce7dca.php 第 45 行.
NOTIC: [2] Illegal string offset 'id' D:\we\Application\Runtime\Cache\Home\be7d877e00437092e8292bb2d0ce7dca.php 第 48 行.
NOTIC: [2] Illegal string offset 'id' D:\we\Application\Runtime\Cache\Home\be7d877e00437092e8292bb2d0ce7dca.php 第 48 行.
NOTIC: [8] Undefined index: id D:\we\Application\Runtime\Cache\Home\be7d877e00437092e8292bb2d0ce7dca.php 第 41 行.
NOTIC: [8] Undefined index: id D:\we\Application\Runtime\Cache\Home\be7d877e00437092e8292bb2d0ce7dca.php 第 42 行.
NOTIC: [8] Undefined index: email D:\we\Application\Runtime\Cache\Home\be7d877e00437092e8292bb2d0ce7dca.php 第 43 行.
NOTIC: [8] Undefined index: face D:\we\Application\Runtime\Cache\Home\be7d877e00437092e8292bb2d0ce7dca.php 第 44 行.
NOTIC: [8] Undefined index: addtime D:\we\Application\Runtime\Cache\Home\be7d877e00437092e8292bb2d0ce7dca.php 第 45 行.
NOTIC: [8] Undefined index: id D:\we\Application\Runtime\Cache\Home\be7d877e00437092e8292bb2d0ce7dca.php 第 48 行.
NOTIC: [8] Undefined index: id D:\we\Application\Runtime\Cache\Home\be7d877e00437092e8292bb2d0ce7dca.php 第 48 行.
NOTIC: [8] Undefined variable: page D:\we\Application\Runtime\Cache\Home\be7d877e00437092e8292bb2d0ce7dca.php 第 51 行.
INFO: Run Behavior\ParseTemplateBehavior [ RunTime:0.009626s ]
INFO: [ view_parse ] --END-- [ RunTime:0.009728s ]
INFO: [ view_filter ] --START--
INFO: Run Behavior\WriteHtmlCacheBehavior [ RunTime:0.000615s ]
INFO: [ view_filter ] --END-- [ RunTime:0.000712s ]
INFO: [ app_end ] --START--
INFO: Run Behavior\ShowPageTraceBehavior [ RunTime:0.000873s ]
INFO: [ app_end ] --END-- [ RunTime:0.000970s ]

[ 2017-01-11T17:29:57+08:00 ] 127.0.0.1 /index.php/Home/Member/lst.html
INFO: [ app_init ] --START--
INFO: Run Behavior\BuildLiteBehavior [ RunTime:0.000025s ]
INFO: [ app_init ] --END-- [ RunTime:0.000573s ]
INFO: [ app_begin ] --START--
INFO: Run Behavior\ReadHtmlCacheBehavior [ RunTime:0.000864s ]
INFO: [ app_begin ] --END-- [ RunTime:0.000967s ]
NOTIC: [8] A session had already been started - ignoring session_start() D:\we\ThinkPHP\Common\functions.php 第 1263 行.
SQL: SHOW COLUMNS FROM `wx_member` [ RunTime:0.0028s ]
NOTIC: [8] Undefined variable: where D:\we\Application\Admin\Model\MemberModel.class.php 第 94 行.
SQL: SELECT COUNT(*) AS tp_count FROM wx_member a LIMIT 1   [ RunTime:0.0002s ]
NOTIC: [8] Undefined variable: where D:\we\Application\Admin\Model\MemberModel.class.php 第 101 行.
SQL: SELECT * FROM wx_member a LIMIT 0,2   [ RunTime:0.0002s ]
INFO: [ view_parse ] --START--
INFO: [ template_filter ] --START--
INFO: Run Behavior\ContentReplaceBehavior [ RunTime:0.000061s ]
INFO: [ template_filter ] --END-- [ RunTime:0.000133s ]
NOTIC: [2] Illegal string offset 'id' D:\we\Application\Runtime\Cache\Home\be7d877e00437092e8292bb2d0ce7dca.php 第 41 行.
NOTIC: [2] Illegal string offset 'id' D:\we\Application\Runtime\Cache\Home\be7d877e00437092e8292bb2d0ce7dca.php 第 42 行.
NOTIC: [2] Illegal string offset 'email' D:\we\Application\Runtime\Cache\Home\be7d877e00437092e8292bb2d0ce7dca.php 第 43 行.
NOTIC: [2] Illegal string offset 'face' D:\we\Application\Runtime\Cache\Home\be7d877e00437092e8292bb2d0ce7dca.php 第 44 行.
NOTIC: [2] Illegal string offset 'addtime' D:\we\Application\Runtime\Cache\Home\be7d877e00437092e8292bb2d0ce7dca.php 第 45 行.
NOTIC: [2] Illegal string offset 'id' D:\we\Application\Runtime\Cache\Home\be7d877e00437092e8292bb2d0ce7dca.php 第 48 行.
NOTIC: [2] Illegal string offset 'id' D:\we\Application\Runtime\Cache\Home\be7d877e00437092e8292bb2d0ce7dca.php 第 48 行.
NOTIC: [8] Undefined index: id D:\we\Application\Runtime\Cache\Home\be7d877e00437092e8292bb2d0ce7dca.php 第 41 行.
NOTIC: [8] Undefined index: id D:\we\Application\Runtime\Cache\Home\be7d877e00437092e8292bb2d0ce7dca.php 第 42 行.
NOTIC: [8] Undefined index: email D:\we\Application\Runtime\Cache\Home\be7d877e00437092e8292bb2d0ce7dca.php 第 43 行.
NOTIC: [8] Undefined index: face D:\we\Application\Runtime\Cache\Home\be7d877e00437092e8292bb2d0ce7dca.php 第 44 行.
NOTIC: [8] Undefined index: addtime D:\we\Application\Runtime\Cache\Home\be7d877e00437092e8292bb2d0ce7dca.php 第 45 行.
NOTIC: [8] Undefined index: id D:\we\Application\Runtime\Cache\Home\be7d877e00437092e8292bb2d0ce7dca.php 第 48 行.
NOTIC: [8] Undefined index: id D:\we\Application\Runtime\Cache\Home\be7d877e00437092e8292bb2d0ce7dca.php 第 48 行.
NOTIC: [8] Undefined variable: page D:\we\Application\Runtime\Cache\Home\be7d877e00437092e8292bb2d0ce7dca.php 第 51 行.
INFO: Run Behavior\ParseTemplateBehavior [ RunTime:0.007497s ]
INFO: [ view_parse ] --END-- [ RunTime:0.007556s ]
INFO: [ view_filter ] --START--
INFO: Run Behavior\WriteHtmlCacheBehavior [ RunTime:0.000409s ]
INFO: [ view_filter ] --END-- [ RunTime:0.000463s ]
INFO: [ app_end ] --START--
INFO: Run Behavior\ShowPageTraceBehavior [ RunTime:0.000534s ]
INFO: [ app_end ] --END-- [ RunTime:0.000591s ]

[ 2017-01-11T17:30:29+08:00 ] 127.0.0.1 /index.php/Home/Member/lst.html
INFO: [ app_init ] --START--
INFO: Run Behavior\BuildLiteBehavior [ RunTime:0.000021s ]
INFO: [ app_init ] --END-- [ RunTime:0.000503s ]
INFO: [ app_begin ] --START--
INFO: Run Behavior\ReadHtmlCacheBehavior [ RunTime:0.000824s ]
INFO: [ app_begin ] --END-- [ RunTime:0.000903s ]
NOTIC: [8] A session had already been started - ignoring session_start() D:\we\ThinkPHP\Common\functions.php 第 1263 行.
SQL: SHOW COLUMNS FROM `wx_member` [ RunTime:0.0030s ]
NOTIC: [8] Undefined variable: where D:\we\Application\Admin\Model\MemberModel.class.php 第 94 行.
SQL: SELECT COUNT(*) AS tp_count FROM wx_member a LIMIT 1   [ RunTime:0.0002s ]
NOTIC: [8] Undefined variable: where D:\we\Application\Admin\Model\MemberModel.class.php 第 101 行.
SQL: SELECT * FROM wx_member a LIMIT 0,2   [ RunTime:0.0002s ]
INFO: [ view_parse ] --START--
INFO: [ template_filter ] --START--
INFO: Run Behavior\ContentReplaceBehavior [ RunTime:0.000067s ]
INFO: [ template_filter ] --END-- [ RunTime:0.000136s ]

[ 2017-01-11T17:30:50+08:00 ] 127.0.0.1 /index.php/Home/Member/lst.html
INFO: [ app_init ] --START--
INFO: Run Behavior\BuildLiteBehavior [ RunTime:0.000022s ]
INFO: [ app_init ] --END-- [ RunTime:0.000535s ]
INFO: [ app_begin ] --START--
INFO: Run Behavior\ReadHtmlCacheBehavior [ RunTime:0.000806s ]
INFO: [ app_begin ] --END-- [ RunTime:0.000892s ]
NOTIC: [8] A session had already been started - ignoring session_start() D:\we\ThinkPHP\Common\functions.php 第 1263 行.
SQL: SHOW COLUMNS FROM `wx_member` [ RunTime:0.0028s ]
NOTIC: [8] Undefined variable: where D:\we\Application\Admin\Model\MemberModel.class.php 第 94 行.
SQL: SELECT COUNT(*) AS tp_count FROM wx_member a LIMIT 1   [ RunTime:0.0002s ]
NOTIC: [8] Undefined variable: where D:\we\Application\Admin\Model\MemberModel.class.php 第 101 行.
SQL: SELECT * FROM wx_member a LIMIT 0,2   [ RunTime:0.0002s ]
INFO: [ view_parse ] --START--
INFO: [ template_filter ] --START--
INFO: Run Behavior\ContentReplaceBehavior [ RunTime:0.000061s ]
INFO: [ template_filter ] --END-- [ RunTime:0.000127s ]

[ 2017-01-11T17:31:56+08:00 ] 127.0.0.1 /index.php/Home/Member/lst.html
INFO: [ app_init ] --START--
INFO: Run Behavior\BuildLiteBehavior [ RunTime:0.000021s ]
INFO: [ app_init ] --END-- [ RunTime:0.000454s ]
INFO: [ app_begin ] --START--
INFO: Run Behavior\ReadHtmlCacheBehavior [ RunTime:0.000639s ]
INFO: [ app_begin ] --END-- [ RunTime:0.000726s ]
NOTIC: [8] A session had already been started - ignoring session_start() D:\we\ThinkPHP\Common\functions.php 第 1263 行.
SQL: SHOW COLUMNS FROM `wx_member` [ RunTime:0.0031s ]
NOTIC: [8] Undefined variable: where D:\we\Application\Admin\Model\MemberModel.class.php 第 94 行.
SQL: SELECT COUNT(*) AS tp_count FROM wx_member a LIMIT 1   [ RunTime:0.0002s ]
NOTIC: [8] Undefined variable: where D:\we\Application\Admin\Model\MemberModel.class.php 第 101 行.
SQL: SELECT * FROM wx_member a LIMIT 0,2   [ RunTime:0.0002s ]
INFO: [ view_parse ] --START--
INFO: [ template_filter ] --START--
INFO: Run Behavior\ContentReplaceBehavior [ RunTime:0.000063s ]
INFO: [ template_filter ] --END-- [ RunTime:0.000135s ]

[ 2017-01-11T17:32:07+08:00 ] 127.0.0.1 /index.php/Home/Member/lst.html
INFO: [ app_init ] --START--
INFO: Run Behavior\BuildLiteBehavior [ RunTime:0.000035s ]
INFO: [ app_init ] --END-- [ RunTime:0.000832s ]
INFO: [ app_begin ] --START--
INFO: Run Behavior\ReadHtmlCacheBehavior [ RunTime:0.001020s ]
INFO: [ app_begin ] --END-- [ RunTime:0.001149s ]
NOTIC: [8] A session had already been started - ignoring session_start() D:\we\ThinkPHP\Common\functions.php 第 1263 行.
SQL: SHOW COLUMNS FROM `wx_member` [ RunTime:0.0056s ]
NOTIC: [8] Undefined variable: where D:\we\Application\Admin\Model\MemberModel.class.php 第 94 行.
SQL: SELECT COUNT(*) AS tp_count FROM wx_member a LIMIT 1   [ RunTime:0.0003s ]
NOTIC: [8] Undefined variable: where D:\we\Application\Admin\Model\MemberModel.class.php 第 101 行.
SQL: SELECT * FROM wx_member a LIMIT 0,2   [ RunTime:0.0004s ]
INFO: [ view_parse ] --START--
INFO: [ template_filter ] --START--
INFO: Run Behavior\ContentReplaceBehavior [ RunTime:0.000125s ]
INFO: [ template_filter ] --END-- [ RunTime:0.000281s ]
INFO: Run Behavior\ParseTemplateBehavior [ RunTime:0.012749s ]
INFO: [ view_parse ] --END-- [ RunTime:0.012901s ]
INFO: [ view_filter ] --START--
INFO: Run Behavior\WriteHtmlCacheBehavior [ RunTime:0.000702s ]
INFO: [ view_filter ] --END-- [ RunTime:0.000826s ]
INFO: [ app_end ] --START--
INFO: Run Behavior\ShowPageTraceBehavior [ RunTime:0.001046s ]
INFO: [ app_end ] --END-- [ RunTime:0.001162s ]

[ 2017-01-11T17:32:17+08:00 ] 127.0.0.1 /index.php/Home/Member/lst.html
INFO: [ app_init ] --START--
INFO: Run Behavior\BuildLiteBehavior [ RunTime:0.000019s ]
INFO: [ app_init ] --END-- [ RunTime:0.000477s ]
INFO: [ app_begin ] --START--
INFO: Run Behavior\ReadHtmlCacheBehavior [ RunTime:0.000599s ]
INFO: [ app_begin ] --END-- [ RunTime:0.000671s ]
NOTIC: [8] A session had already been started - ignoring session_start() D:\we\ThinkPHP\Common\functions.php 第 1263 行.
SQL: SHOW COLUMNS FROM `wx_member` [ RunTime:0.0035s ]
NOTIC: [8] Undefined variable: where D:\we\Application\Admin\Model\MemberModel.class.php 第 94 行.
SQL: SELECT COUNT(*) AS tp_count FROM wx_member a LIMIT 1   [ RunTime:0.0001s ]
NOTIC: [8] Undefined variable: where D:\we\Application\Admin\Model\MemberModel.class.php 第 101 行.
SQL: SELECT * FROM wx_member a LIMIT 0,2   [ RunTime:0.0002s ]
INFO: [ view_parse ] --START--
INFO: [ template_filter ] --START--
INFO: Run Behavior\ContentReplaceBehavior [ RunTime:0.000057s ]
INFO: [ template_filter ] --END-- [ RunTime:0.000120s ]
INFO: Run Behavior\ParseTemplateBehavior [ RunTime:0.006726s ]
INFO: [ view_parse ] --END-- [ RunTime:0.006792s ]
INFO: [ view_filter ] --START--
INFO: Run Behavior\WriteHtmlCacheBehavior [ RunTime:0.000440s ]
INFO: [ view_filter ] --END-- [ RunTime:0.000498s ]
INFO: [ app_end ] --START--
INFO: Run Behavior\ShowPageTraceBehavior [ RunTime:0.000814s ]
INFO: [ app_end ] --END-- [ RunTime:0.000909s ]

[ 2017-01-11T17:32:20+08:00 ] 127.0.0.1 /index.php/Home/Member/lst/p/2.html
INFO: [ app_init ] --START--
INFO: Run Behavior\BuildLiteBehavior [ RunTime:0.000020s ]
INFO: [ app_init ] --END-- [ RunTime:0.000500s ]
INFO: [ app_begin ] --START--
INFO: Run Behavior\ReadHtmlCacheBehavior [ RunTime:0.000796s ]
INFO: [ app_begin ] --END-- [ RunTime:0.000895s ]
NOTIC: [8] A session had already been started - ignoring session_start() D:\we\ThinkPHP\Common\functions.php 第 1263 行.
SQL: SHOW COLUMNS FROM `wx_member` [ RunTime:0.0031s ]
NOTIC: [8] Undefined variable: where D:\we\Application\Admin\Model\MemberModel.class.php 第 94 行.
SQL: SELECT COUNT(*) AS tp_count FROM wx_member a LIMIT 1   [ RunTime:0.0002s ]
NOTIC: [8] Undefined variable: where D:\we\Application\Admin\Model\MemberModel.class.php 第 101 行.
SQL: SELECT * FROM wx_member a LIMIT 2,2   [ RunTime:0.0002s ]
INFO: [ view_parse ] --START--
INFO: [ template_filter ] --START--
INFO: Run Behavior\ContentReplaceBehavior [ RunTime:0.000070s ]
INFO: [ template_filter ] --END-- [ RunTime:0.000150s ]
INFO: Run Behavior\ParseTemplateBehavior [ RunTime:0.087958s ]
INFO: [ view_parse ] --END-- [ RunTime:0.088042s ]
INFO: [ view_filter ] --START--
INFO: Run Behavior\WriteHtmlCacheBehavior [ RunTime:0.000525s ]
INFO: [ view_filter ] --END-- [ RunTime:0.000584s ]
INFO: [ app_end ] --START--
INFO: Run Behavior\ShowPageTraceBehavior [ RunTime:0.000846s ]
INFO: [ app_end ] --END-- [ RunTime:0.000934s ]

[ 2017-01-11T17:32:21+08:00 ] 127.0.0.1 /index.php/Home/Member/lst/p/1.html
INFO: [ app_init ] --START--
INFO: Run Behavior\BuildLiteBehavior [ RunTime:0.000033s ]
INFO: [ app_init ] --END-- [ RunTime:0.000804s ]
INFO: [ app_begin ] --START--
INFO: Run Behavior\ReadHtmlCacheBehavior [ RunTime:0.001136s ]
INFO: [ app_begin ] --END-- [ RunTime:0.001296s ]
NOTIC: [8] A session had already been started - ignoring session_start() D:\we\ThinkPHP\Common\functions.php 第 1263 行.
SQL: SHOW COLUMNS FROM `wx_member` [ RunTime:0.0053s ]
NOTIC: [8] Undefined variable: where D:\we\Application\Admin\Model\MemberModel.class.php 第 94 行.
SQL: SELECT COUNT(*) AS tp_count FROM wx_member a LIMIT 1   [ RunTime:0.0004s ]
NOTIC: [8] Undefined variable: where D:\we\Application\Admin\Model\MemberModel.class.php 第 101 行.
SQL: SELECT * FROM wx_member a LIMIT 0,2   [ RunTime:0.0004s ]
INFO: [ view_parse ] --START--
INFO: [ template_filter ] --START--
INFO: Run Behavior\ContentReplaceBehavior [ RunTime:0.000109s ]
INFO: [ template_filter ] --END-- [ RunTime:0.000236s ]
INFO: Run Behavior\ParseTemplateBehavior [ RunTime:0.079637s ]
INFO: [ view_parse ] --END-- [ RunTime:0.079752s ]
INFO: [ view_filter ] --START--
INFO: Run Behavior\WriteHtmlCacheBehavior [ RunTime:0.000561s ]
INFO: [ view_filter ] --END-- [ RunTime:0.000622s ]
INFO: [ app_end ] --START--
INFO: Run Behavior\ShowPageTraceBehavior [ RunTime:0.000781s ]
INFO: [ app_end ] --END-- [ RunTime:0.000850s ]

[ 2017-01-11T17:34:27+08:00 ] 127.0.0.1 /index.php/Home/Member/lst/p/1.html
INFO: [ app_init ] --START--
INFO: Run Behavior\BuildLiteBehavior [ RunTime:0.000021s ]
INFO: [ app_init ] --END-- [ RunTime:0.000414s ]
INFO: [ app_begin ] --START--
INFO: Run Behavior\ReadHtmlCacheBehavior [ RunTime:0.000943s ]
INFO: [ app_begin ] --END-- [ RunTime:0.001029s ]
NOTIC: [8] A session had already been started - ignoring session_start() D:\we\ThinkPHP\Common\functions.php 第 1263 行.
SQL: SHOW COLUMNS FROM `wx_member` [ RunTime:0.0031s ]
NOTIC: [8] Undefined variable: where D:\we\Application\Admin\Model\MemberModel.class.php 第 94 行.
SQL: SELECT COUNT(*) AS tp_count FROM wx_member a LIMIT 1   [ RunTime:0.0002s ]
NOTIC: [8] Undefined variable: where D:\we\Application\Admin\Model\MemberModel.class.php 第 101 行.
SQL: SELECT * FROM wx_member a LIMIT 0,2   [ RunTime:0.0003s ]
INFO: [ view_parse ] --START--
INFO: [ template_filter ] --START--
INFO: Run Behavior\ContentReplaceBehavior [ RunTime:0.000068s ]
INFO: [ template_filter ] --END-- [ RunTime:0.000144s ]

[ 2017-01-11T17:35:06+08:00 ] 127.0.0.1 /index.php/Home/Member/lst.html
INFO: [ app_init ] --START--
INFO: Run Behavior\BuildLiteBehavior [ RunTime:0.000030s ]
INFO: [ app_init ] --END-- [ RunTime:0.000446s ]
INFO: [ app_begin ] --START--
INFO: Run Behavior\ReadHtmlCacheBehavior [ RunTime:0.000798s ]
INFO: [ app_begin ] --END-- [ RunTime:0.000906s ]
NOTIC: [8] A session had already been started - ignoring session_start() D:\we\ThinkPHP\Common\functions.php 第 1263 行.
SQL: SHOW COLUMNS FROM `wx_member` [ RunTime:0.0034s ]
NOTIC: [8] Undefined variable: where D:\we\Application\Admin\Model\MemberModel.class.php 第 94 行.
SQL: SELECT COUNT(*) AS tp_count FROM wx_member a LIMIT 1   [ RunTime:0.0002s ]
NOTIC: [8] Undefined variable: where D:\we\Application\Admin\Model\MemberModel.class.php 第 101 行.
SQL: SELECT * FROM wx_member a LIMIT 0,2   [ RunTime:0.0002s ]
INFO: [ view_parse ] --START--
INFO: [ template_filter ] --START--
INFO: Run Behavior\ContentReplaceBehavior [ RunTime:0.000062s ]
INFO: [ template_filter ] --END-- [ RunTime:0.000129s ]
INFO: Run Behavior\ParseTemplateBehavior [ RunTime:0.006616s ]
INFO: [ view_parse ] --END-- [ RunTime:0.006702s ]
INFO: [ view_filter ] --START--
INFO: Run Behavior\WriteHtmlCacheBehavior [ RunTime:0.000392s ]
INFO: [ view_filter ] --END-- [ RunTime:0.000452s ]
INFO: [ app_end ] --START--
INFO: Run Behavior\ShowPageTraceBehavior [ RunTime:0.000547s ]
INFO: [ app_end ] --END-- [ RunTime:0.000610s ]

[ 2017-01-11T17:40:22+08:00 ] 127.0.0.1 /index.php/Home/Member/lst.html
INFO: [ app_init ] --START--
INFO: Run Behavior\BuildLiteBehavior [ RunTime:0.000023s ]
INFO: [ app_init ] --END-- [ RunTime:0.000495s ]
INFO: [ app_begin ] --START--
INFO: Run Behavior\ReadHtmlCacheBehavior [ RunTime:0.000674s ]
INFO: [ app_begin ] --END-- [ RunTime:0.000757s ]
NOTIC: [8] A session had already been started - ignoring session_start() D:\we\ThinkPHP\Common\functions.php 第 1263 行.
SQL: SHOW COLUMNS FROM `wx_member` [ RunTime:0.0031s ]
NOTIC: [8] Undefined variable: where D:\we\Application\Admin\Model\MemberModel.class.php 第 94 行.
SQL: SELECT COUNT(*) AS tp_count FROM wx_member a LIMIT 1   [ RunTime:0.0002s ]
NOTIC: [8] Undefined variable: where D:\we\Application\Admin\Model\MemberModel.class.php 第 101 行.
SQL: SELECT * FROM wx_member a LIMIT 0,2   [ RunTime:0.0002s ]
INFO: [ view_parse ] --START--
INFO: [ template_filter ] --START--
INFO: Run Behavior\ContentReplaceBehavior [ RunTime:0.000070s ]
INFO: [ template_filter ] --END-- [ RunTime:0.000138s ]
INFO: Run Behavior\ParseTemplateBehavior [ RunTime:0.007333s ]
INFO: [ view_parse ] --END-- [ RunTime:0.007416s ]
INFO: [ view_filter ] --START--
INFO: Run Behavior\WriteHtmlCacheBehavior [ RunTime:0.000494s ]
INFO: [ view_filter ] --END-- [ RunTime:0.000561s ]
INFO: [ app_end ] --START--
INFO: Run Behavior\ShowPageTraceBehavior [ RunTime:0.000685s ]
INFO: [ app_end ] --END-- [ RunTime:0.000758s ]

[ 2017-01-11T17:40:35+08:00 ] 127.0.0.1 /index.php/Home/Member/lst.html
INFO: [ app_init ] --START--
INFO: Run Behavior\BuildLiteBehavior [ RunTime:0.000021s ]
INFO: [ app_init ] --END-- [ RunTime:0.000614s ]
INFO: [ app_begin ] --START--
INFO: Run Behavior\ReadHtmlCacheBehavior [ RunTime:0.000773s ]
INFO: [ app_begin ] --END-- [ RunTime:0.000843s ]
NOTIC: [8] A session had already been started - ignoring session_start() D:\we\ThinkPHP\Common\functions.php 第 1263 行.
SQL: SHOW COLUMNS FROM `wx_member` [ RunTime:0.0029s ]
NOTIC: [8] Undefined variable: where D:\we\Application\Admin\Model\MemberModel.class.php 第 94 行.
SQL: SELECT COUNT(*) AS tp_count FROM wx_member a LIMIT 1   [ RunTime:0.0002s ]
NOTIC: [8] Undefined variable: where D:\we\Application\Admin\Model\MemberModel.class.php 第 101 行.
SQL: SELECT * FROM wx_member a LIMIT 0,2   [ RunTime:0.0002s ]
INFO: [ view_parse ] --START--
INFO: [ template_filter ] --START--
INFO: Run Behavior\ContentReplaceBehavior [ RunTime:0.000060s ]
INFO: [ template_filter ] --END-- [ RunTime:0.000127s ]
INFO: Run Behavior\ParseTemplateBehavior [ RunTime:0.007276s ]
INFO: [ view_parse ] --END-- [ RunTime:0.007348s ]
INFO: [ view_filter ] --START--
INFO: Run Behavior\WriteHtmlCacheBehavior [ RunTime:0.000424s ]
INFO: [ view_filter ] --END-- [ RunTime:0.000483s ]
INFO: [ app_end ] --START--
INFO: Run Behavior\ShowPageTraceBehavior [ RunTime:0.000574s ]
INFO: [ app_end ] --END-- [ RunTime:0.000635s ]

[ 2017-01-11T17:40:39+08:00 ] 127.0.0.1 /index.php/Home/Member/lst.html
INFO: [ app_init ] --START--
INFO: Run Behavior\BuildLiteBehavior [ RunTime:0.000022s ]
INFO: [ app_init ] --END-- [ RunTime:0.000470s ]
INFO: [ app_begin ] --START--
INFO: Run Behavior\ReadHtmlCacheBehavior [ RunTime:0.000644s ]
INFO: [ app_begin ] --END-- [ RunTime:0.000722s ]
NOTIC: [8] A session had already been started - ignoring session_start() D:\we\ThinkPHP\Common\functions.php 第 1263 行.
SQL: SHOW COLUMNS FROM `wx_member` [ RunTime:0.0027s ]
NOTIC: [8] Undefined variable: where D:\we\Application\Admin\Model\MemberModel.class.php 第 94 行.
SQL: SELECT COUNT(*) AS tp_count FROM wx_member a LIMIT 1   [ RunTime:0.0002s ]
NOTIC: [8] Undefined variable: where D:\we\Application\Admin\Model\MemberModel.class.php 第 101 行.
SQL: SELECT * FROM wx_member a LIMIT 0,2   [ RunTime:0.0002s ]
INFO: [ view_parse ] --START--
INFO: [ template_filter ] --START--
INFO: Run Behavior\ContentReplaceBehavior [ RunTime:0.000067s ]
INFO: [ template_filter ] --END-- [ RunTime:0.000150s ]
INFO: Run Behavior\ParseTemplateBehavior [ RunTime:0.007086s ]
INFO: [ view_parse ] --END-- [ RunTime:0.007159s ]
INFO: [ view_filter ] --START--
INFO: Run Behavior\WriteHtmlCacheBehavior [ RunTime:0.000449s ]
INFO: [ view_filter ] --END-- [ RunTime:0.000513s ]
INFO: [ app_end ] --START--
INFO: Run Behavior\ShowPageTraceBehavior [ RunTime:0.000635s ]
INFO: [ app_end ] --END-- [ RunTime:0.000703s ]

[ 2017-01-11T17:41:03+08:00 ] 127.0.0.1 /index.php/Home/Member/lst.html
INFO: [ app_init ] --START--
INFO: Run Behavior\BuildLiteBehavior [ RunTime:0.000022s ]
INFO: [ app_init ] --END-- [ RunTime:0.000471s ]
INFO: [ app_begin ] --START--
INFO: Run Behavior\ReadHtmlCacheBehavior [ RunTime:0.000655s ]
INFO: [ app_begin ] --END-- [ RunTime:0.000740s ]
NOTIC: [8] A session had already been started - ignoring session_start() D:\we\ThinkPHP\Common\functions.php 第 1263 行.
SQL: SHOW COLUMNS FROM `wx_member` [ RunTime:0.0038s ]
NOTIC: [8] Undefined variable: where D:\we\Application\Admin\Model\MemberModel.class.php 第 94 行.
SQL: SELECT COUNT(*) AS tp_count FROM wx_member a LIMIT 1   [ RunTime:0.0003s ]
NOTIC: [8] Undefined variable: where D:\we\Application\Admin\Model\MemberModel.class.php 第 101 行.
SQL: SELECT * FROM wx_member a LIMIT 0,2   [ RunTime:0.0003s ]
INFO: [ view_parse ] --START--
INFO: [ template_filter ] --START--
INFO: Run Behavior\ContentReplaceBehavior [ RunTime:0.000059s ]
INFO: [ template_filter ] --END-- [ RunTime:0.000121s ]
INFO: Run Behavior\ParseTemplateBehavior [ RunTime:0.006503s ]
INFO: [ view_parse ] --END-- [ RunTime:0.006573s ]
INFO: [ view_filter ] --START--
INFO: Run Behavior\WriteHtmlCacheBehavior [ RunTime:0.000370s ]
INFO: [ view_filter ] --END-- [ RunTime:0.000428s ]
INFO: [ app_end ] --START--
INFO: Run Behavior\ShowPageTraceBehavior [ RunTime:0.000895s ]
INFO: [ app_end ] --END-- [ RunTime:0.000975s ]

[ 2017-01-11T17:41:09+08:00 ] 127.0.0.1 /index.php/Home/Member/lst.html
INFO: [ app_init ] --START--
INFO: Run Behavior\BuildLiteBehavior [ RunTime:0.000022s ]
INFO: [ app_init ] --END-- [ RunTime:0.000498s ]
INFO: [ app_begin ] --START--
INFO: Run Behavior\ReadHtmlCacheBehavior [ RunTime:0.000678s ]
INFO: [ app_begin ] --END-- [ RunTime:0.000760s ]
NOTIC: [8] A session had already been started - ignoring session_start() D:\we\ThinkPHP\Common\functions.php 第 1263 行.
SQL: SHOW COLUMNS FROM `wx_member` [ RunTime:0.0033s ]
NOTIC: [8] Undefined variable: where D:\we\Application\Admin\Model\MemberModel.class.php 第 94 行.
SQL: SELECT COUNT(*) AS tp_count FROM wx_member a LIMIT 1   [ RunTime:0.0002s ]
NOTIC: [8] Undefined variable: where D:\we\Application\Admin\Model\MemberModel.class.php 第 101 行.
SQL: SELECT * FROM wx_member a LIMIT 0,2   [ RunTime:0.0002s ]
INFO: [ view_parse ] --START--
INFO: [ template_filter ] --START--
INFO: Run Behavior\ContentReplaceBehavior [ RunTime:0.000072s ]
INFO: [ template_filter ] --END-- [ RunTime:0.000151s ]
INFO: Run Behavior\ParseTemplateBehavior [ RunTime:0.007339s ]
INFO: [ view_parse ] --END-- [ RunTime:0.007415s ]
INFO: [ view_filter ] --START--
INFO: Run Behavior\WriteHtmlCacheBehavior [ RunTime:0.000498s ]
INFO: [ view_filter ] --END-- [ RunTime:0.000563s ]
INFO: [ app_end ] --START--
INFO: Run Behavior\ShowPageTraceBehavior [ RunTime:0.000697s ]
INFO: [ app_end ] --END-- [ RunTime:0.000776s ]

[ 2017-01-11T17:41:28+08:00 ] 127.0.0.1 /index.php/Home/Member/lst.html
INFO: [ app_init ] --START--
INFO: Run Behavior\BuildLiteBehavior [ RunTime:0.000031s ]
INFO: [ app_init ] --END-- [ RunTime:0.000656s ]
INFO: [ app_begin ] --START--
INFO: Run Behavior\ReadHtmlCacheBehavior [ RunTime:0.001150s ]
INFO: [ app_begin ] --END-- [ RunTime:0.001303s ]
NOTIC: [8] A session had already been started - ignoring session_start() D:\we\ThinkPHP\Common\functions.php 第 1263 行.
SQL: SHOW COLUMNS FROM `wx_member` [ RunTime:0.0031s ]
NOTIC: [8] Undefined variable: where D:\we\Application\Admin\Model\MemberModel.class.php 第 94 行.
SQL: SELECT COUNT(*) AS tp_count FROM wx_member a LIMIT 1   [ RunTime:0.0003s ]
NOTIC: [8] Undefined variable: where D:\we\Application\Admin\Model\MemberModel.class.php 第 101 行.
SQL: SELECT * FROM wx_member a LIMIT 0,2   [ RunTime:0.0003s ]
INFO: [ view_parse ] --START--
INFO: [ template_filter ] --START--
INFO: Run Behavior\ContentReplaceBehavior [ RunTime:0.000075s ]
INFO: [ template_filter ] --END-- [ RunTime:0.000165s ]
INFO: Run Behavior\ParseTemplateBehavior [ RunTime:0.007097s ]
INFO: [ view_parse ] --END-- [ RunTime:0.007191s ]
INFO: [ view_filter ] --START--
INFO: Run Behavior\WriteHtmlCacheBehavior [ RunTime:0.000403s ]
INFO: [ view_filter ] --END-- [ RunTime:0.000460s ]
INFO: [ app_end ] --START--
INFO: Run Behavior\ShowPageTraceBehavior [ RunTime:0.000593s ]
INFO: [ app_end ] --END-- [ RunTime:0.000659s ]

