[ 2017-05-03T00:15:34+08:00 ] 123.125.67.148 /
INFO: [ app_init ] --START--
INFO: Run Behavior\BuildLiteBehavior [ RunTime:0.000000s ]
INFO: [ app_init ] --END-- [ RunTime:0.000000s ]
INFO: [ app_begin ] --START--
INFO: Run Behavior\ReadHtmlCacheBehavior [ RunTime:0.000000s ]
INFO: [ app_begin ] --END-- [ RunTime:0.000000s ]
NOTIC: [2] PDO::__construct() [<a href='pdo.--construct'>pdo.--construct</a>]: [2002] ÓÉÓÚÄ¿±ê»úÆ÷»ý¼«¾Ü¾ø£¬ÎÞ·¨Á¬½Ó¡£
 (trying to connect via tcp://127.0.0.1:3306) C:\web\weixin\wx\ThinkPHP\Library\Think\Db\Driver.class.php ç¬¬ 103 è¡Œ.
ERR: SQLSTATE[HY000] [2002] ÓÉÓÚÄ¿±ê»úÆ÷»ý¼«¾Ü¾ø£¬ÎÞ·¨Á¬½Ó¡£


[ 2017-05-03T00:46:43+08:00 ] 42.236.99.218 /
INFO: [ app_init ] --START--
INFO: Run Behavior\BuildLiteBehavior [ RunTime:0.000000s ]
INFO: [ app_init ] --END-- [ RunTime:0.000000s ]
INFO: [ app_begin ] --START--
INFO: Run Behavior\ReadHtmlCacheBehavior [ RunTime:0.000000s ]
INFO: [ app_begin ] --END-- [ RunTime:0.000000s ]
NOTIC: [2] PDO::__construct() [<a href='pdo.--construct'>pdo.--construct</a>]: [2002] ÓÉÓÚÄ¿±ê»úÆ÷»ý¼«¾Ü¾ø£¬ÎÞ·¨Á¬½Ó¡£
 (trying to connect via tcp://127.0.0.1:3306) C:\web\weixin\wx\ThinkPHP\Library\Think\Db\Driver.class.php ç¬¬ 103 è¡Œ.
ERR: SQLSTATE[HY000] [2002] ÓÉÓÚÄ¿±ê»úÆ÷»ý¼«¾Ü¾ø£¬ÎÞ·¨Á¬½Ó¡£


[ 2017-05-03T04:08:23+08:00 ] 220.181.51.81 /
INFO: [ app_init ] --START--
INFO: Run Behavior\BuildLiteBehavior [ RunTime:0.000000s ]
INFO: [ app_init ] --END-- [ RunTime:0.000000s ]
INFO: [ app_begin ] --START--
INFO: Run Behavior\ReadHtmlCacheBehavior [ RunTime:0.000000s ]
INFO: [ app_begin ] --END-- [ RunTime:0.000000s ]
NOTIC: [2] PDO::__construct() [<a href='pdo.--construct'>pdo.--construct</a>]: [2002] ÓÉÓÚÄ¿±ê»úÆ÷»ý¼«¾Ü¾ø£¬ÎÞ·¨Á¬½Ó¡£
 (trying to connect via tcp://127.0.0.1:3306) C:\web\weixin\wx\ThinkPHP\Library\Think\Db\Driver.class.php ç¬¬ 103 è¡Œ.
ERR: SQLSTATE[HY000] [2002] ÓÉÓÚÄ¿±ê»úÆ÷»ý¼«¾Ü¾ø£¬ÎÞ·¨Á¬½Ó¡£


[ 2017-05-03T04:33:43+08:00 ] 123.125.71.117 /index.php/home/cart/lst.html
INFO: [ app_init ] --START--
INFO: Run Behavior\BuildLiteBehavior [ RunTime:0.000000s ]
INFO: [ app_init ] --END-- [ RunTime:0.000000s ]
INFO: [ app_begin ] --START--
INFO: Run Behavior\ReadHtmlCacheBehavior [ RunTime:0.000000s ]
INFO: [ app_begin ] --END-- [ RunTime:0.000000s ]
NOTIC: [2] PDO::__construct() [<a href='pdo.--construct'>pdo.--construct</a>]: [2002] ÓÉÓÚÄ¿±ê»úÆ÷»ý¼«¾Ü¾ø£¬ÎÞ·¨Á¬½Ó¡£
 (trying to connect via tcp://127.0.0.1:3306) C:\web\weixin\wx\ThinkPHP\Library\Think\Db\Driver.class.php ç¬¬ 103 è¡Œ.
ERR: SQLSTATE[HY000] [2002] ÓÉÓÚÄ¿±ê»úÆ÷»ý¼«¾Ü¾ø£¬ÎÞ·¨Á¬½Ó¡£


[ 2017-05-03T04:59:03+08:00 ] 220.181.108.142 /index.php/home/index/neww.html
INFO: [ app_init ] --START--
INFO: Run Behavior\BuildLiteBehavior [ RunTime:0.000000s ]
INFO: [ app_init ] --END-- [ RunTime:0.000000s ]
INFO: [ app_begin ] --START--
INFO: Run Behavior\ReadHtmlCacheBehavior [ RunTime:0.000000s ]
INFO: [ app_begin ] --END-- [ RunTime:0.000000s ]
NOTIC: [2] PDO::__construct() [<a href='pdo.--construct'>pdo.--construct</a>]: [2002] ÓÉÓÚÄ¿±ê»úÆ÷»ý¼«¾Ü¾ø£¬ÎÞ·¨Á¬½Ó¡£
 (trying to connect via tcp://127.0.0.1:3306) C:\web\weixin\wx\ThinkPHP\Library\Think\Db\Driver.class.php ç¬¬ 103 è¡Œ.
ERR: SQLSTATE[HY000] [2002] ÓÉÓÚÄ¿±ê»úÆ÷»ý¼«¾Ü¾ø£¬ÎÞ·¨Á¬½Ó¡£


[ 2017-05-03T05:10:07+08:00 ] 113.128.105.176 /
INFO: [ app_init ] --START--
INFO: Run Behavior\BuildLiteBehavior [ RunTime:0.000000s ]
INFO: [ app_init ] --END-- [ RunTime:0.000000s ]
INFO: [ app_begin ] --START--
INFO: Run Behavior\ReadHtmlCacheBehavior [ RunTime:0.015625s ]
INFO: [ app_begin ] --END-- [ RunTime:0.015625s ]
NOTIC: [2] PDO::__construct() [<a href='pdo.--construct'>pdo.--construct</a>]: [2002] ÓÉÓÚÄ¿±ê»úÆ÷»ý¼«¾Ü¾ø£¬ÎÞ·¨Á¬½Ó¡£
 (trying to connect via tcp://127.0.0.1:3306) C:\web\weixin\wx\ThinkPHP\Library\Think\Db\Driver.class.php ç¬¬ 103 è¡Œ.
ERR: SQLSTATE[HY000] [2002] ÓÉÓÚÄ¿±ê»úÆ÷»ý¼«¾Ü¾ø£¬ÎÞ·¨Á¬½Ó¡£


[ 2017-05-03T05:24:23+08:00 ] 220.181.108.112 /index.php/home/index/best.html
INFO: [ app_init ] --START--
INFO: Run Behavior\BuildLiteBehavior [ RunTime:0.000000s ]
INFO: [ app_init ] --END-- [ RunTime:0.000000s ]
INFO: [ app_begin ] --START--
INFO: Run Behavior\ReadHtmlCacheBehavior [ RunTime:0.000000s ]
INFO: [ app_begin ] --END-- [ RunTime:0.000000s ]
NOTIC: [2] PDO::__construct() [<a href='pdo.--construct'>pdo.--construct</a>]: [2002] ÓÉÓÚÄ¿±ê»úÆ÷»ý¼«¾Ü¾ø£¬ÎÞ·¨Á¬½Ó¡£
 (trying to connect via tcp://127.0.0.1:3306) C:\web\weixin\wx\ThinkPHP\Library\Think\Db\Driver.class.php ç¬¬ 103 è¡Œ.
ERR: SQLSTATE[HY000] [2002] ÓÉÓÚÄ¿±ê»úÆ÷»ý¼«¾Ü¾ø£¬ÎÞ·¨Á¬½Ó¡£


[ 2017-05-03T05:49:42+08:00 ] 220.181.108.96 /index.php/home/cart/lst.html
INFO: [ app_init ] --START--
INFO: Run Behavior\BuildLiteBehavior [ RunTime:0.000000s ]
INFO: [ app_init ] --END-- [ RunTime:0.000000s ]
INFO: [ app_begin ] --START--
INFO: Run Behavior\ReadHtmlCacheBehavior [ RunTime:0.000000s ]
INFO: [ app_begin ] --END-- [ RunTime:0.000000s ]
NOTIC: [2] PDO::__construct() [<a href='pdo.--construct'>pdo.--construct</a>]: [2002] ÓÉÓÚÄ¿±ê»úÆ÷»ý¼«¾Ü¾ø£¬ÎÞ·¨Á¬½Ó¡£
 (trying to connect via tcp://127.0.0.1:3306) C:\web\weixin\wx\ThinkPHP\Library\Think\Db\Driver.class.php ç¬¬ 103 è¡Œ.
ERR: SQLSTATE[HY000] [2002] ÓÉÓÚÄ¿±ê»úÆ÷»ý¼«¾Ü¾ø£¬ÎÞ·¨Á¬½Ó¡£


[ 2017-05-03T05:50:06+08:00 ] 202.108.211.57 /
INFO: [ app_init ] --START--
INFO: Run Behavior\BuildLiteBehavior [ RunTime:0.000000s ]
INFO: [ app_init ] --END-- [ RunTime:0.000000s ]
INFO: [ app_begin ] --START--
INFO: Run Behavior\ReadHtmlCacheBehavior [ RunTime:0.000000s ]
INFO: [ app_begin ] --END-- [ RunTime:0.000000s ]
NOTIC: [2] PDO::__construct() [<a href='pdo.--construct'>pdo.--construct</a>]: [2002] ÓÉÓÚÄ¿±ê»úÆ÷»ý¼«¾Ü¾ø£¬ÎÞ·¨Á¬½Ó¡£
 (trying to connect via tcp://127.0.0.1:3306) C:\web\weixin\wx\ThinkPHP\Library\Think\Db\Driver.class.php ç¬¬ 103 è¡Œ.
ERR: SQLSTATE[HY000] [2002] ÓÉÓÚÄ¿±ê»úÆ÷»ý¼«¾Ü¾ø£¬ÎÞ·¨Á¬½Ó¡£


[ 2017-05-03T05:50:08+08:00 ] 202.108.211.57 /
INFO: [ app_init ] --START--
INFO: Run Behavior\BuildLiteBehavior [ RunTime:0.000000s ]
INFO: [ app_init ] --END-- [ RunTime:0.000000s ]
INFO: [ app_begin ] --START--
INFO: Run Behavior\ReadHtmlCacheBehavior [ RunTime:0.000000s ]
INFO: [ app_begin ] --END-- [ RunTime:0.000000s ]
NOTIC: [2] PDO::__construct() [<a href='pdo.--construct'>pdo.--construct</a>]: [2002] ÓÉÓÚÄ¿±ê»úÆ÷»ý¼«¾Ü¾ø£¬ÎÞ·¨Á¬½Ó¡£
 (trying to connect via tcp://127.0.0.1:3306) C:\web\weixin\wx\ThinkPHP\Library\Think\Db\Driver.class.php ç¬¬ 103 è¡Œ.
ERR: SQLSTATE[HY000] [2002] ÓÉÓÚÄ¿±ê»úÆ÷»ý¼«¾Ü¾ø£¬ÎÞ·¨Á¬½Ó¡£


[ 2017-05-03T05:50:09+08:00 ] 202.108.211.57 /
INFO: [ app_init ] --START--
INFO: Run Behavior\BuildLiteBehavior [ RunTime:0.000000s ]
INFO: [ app_init ] --END-- [ RunTime:0.000000s ]
INFO: [ app_begin ] --START--
INFO: Run Behavior\ReadHtmlCacheBehavior [ RunTime:0.000000s ]
INFO: [ app_begin ] --END-- [ RunTime:0.000000s ]
NOTIC: [2] PDO::__construct() [<a href='pdo.--construct'>pdo.--construct</a>]: [2002] ÓÉÓÚÄ¿±ê»úÆ÷»ý¼«¾Ü¾ø£¬ÎÞ·¨Á¬½Ó¡£
 (trying to connect via tcp://127.0.0.1:3306) C:\web\weixin\wx\ThinkPHP\Library\Think\Db\Driver.class.php ç¬¬ 103 è¡Œ.
ERR: SQLSTATE[HY000] [2002] ÓÉÓÚÄ¿±ê»úÆ÷»ý¼«¾Ü¾ø£¬ÎÞ·¨Á¬½Ó¡£


[ 2017-05-03T06:15:02+08:00 ] 220.181.108.158 /index.php/home/index/neww.html
INFO: [ app_init ] --START--
INFO: Run Behavior\BuildLiteBehavior [ RunTime:0.000000s ]
INFO: [ app_init ] --END-- [ RunTime:0.000000s ]
INFO: [ app_begin ] --START--
INFO: Run Behavior\ReadHtmlCacheBehavior [ RunTime:0.000000s ]
INFO: [ app_begin ] --END-- [ RunTime:0.000000s ]
NOTIC: [2] PDO::__construct() [<a href='pdo.--construct'>pdo.--construct</a>]: [2002] ÓÉÓÚÄ¿±ê»úÆ÷»ý¼«¾Ü¾ø£¬ÎÞ·¨Á¬½Ó¡£
 (trying to connect via tcp://127.0.0.1:3306) C:\web\weixin\wx\ThinkPHP\Library\Think\Db\Driver.class.php ç¬¬ 103 è¡Œ.
ERR: SQLSTATE[HY000] [2002] ÓÉÓÚÄ¿±ê»úÆ÷»ý¼«¾Ü¾ø£¬ÎÞ·¨Á¬½Ó¡£


[ 2017-05-03T06:18:52+08:00 ] 221.238.131.250 /
INFO: [ app_init ] --START--
INFO: Run Behavior\BuildLiteBehavior [ RunTime:0.000000s ]
INFO: [ app_init ] --END-- [ RunTime:0.000000s ]
INFO: [ app_begin ] --START--
INFO: Run Behavior\ReadHtmlCacheBehavior [ RunTime:0.000000s ]
INFO: [ app_begin ] --END-- [ RunTime:0.000000s ]
NOTIC: [2] PDO::__construct() [<a href='pdo.--construct'>pdo.--construct</a>]: [2002] ÓÉÓÚÄ¿±ê»úÆ÷»ý¼«¾Ü¾ø£¬ÎÞ·¨Á¬½Ó¡£
 (trying to connect via tcp://127.0.0.1:3306) C:\web\weixin\wx\ThinkPHP\Library\Think\Db\Driver.class.php ç¬¬ 103 è¡Œ.
ERR: SQLSTATE[HY000] [2002] ÓÉÓÚÄ¿±ê»úÆ÷»ý¼«¾Ü¾ø£¬ÎÞ·¨Á¬½Ó¡£


[ 2017-05-03T06:48:22+08:00 ] 220.181.108.107 /index.php/home/index/best.html
INFO: [ app_init ] --START--
INFO: Run Behavior\BuildLiteBehavior [ RunTime:0.000000s ]
INFO: [ app_init ] --END-- [ RunTime:0.000000s ]
INFO: [ app_begin ] --START--
INFO: Run Behavior\ReadHtmlCacheBehavior [ RunTime:0.000000s ]
INFO: [ app_begin ] --END-- [ RunTime:0.000000s ]
NOTIC: [2] PDO::__construct() [<a href='pdo.--construct'>pdo.--construct</a>]: [2002] ÓÉÓÚÄ¿±ê»úÆ÷»ý¼«¾Ü¾ø£¬ÎÞ·¨Á¬½Ó¡£
 (trying to connect via tcp://127.0.0.1:3306) C:\web\weixin\wx\ThinkPHP\Library\Think\Db\Driver.class.php ç¬¬ 103 è¡Œ.
ERR: SQLSTATE[HY000] [2002] ÓÉÓÚÄ¿±ê»úÆ÷»ý¼«¾Ü¾ø£¬ÎÞ·¨Á¬½Ó¡£


[ 2017-05-03T10:09:31+08:00 ] 220.181.108.168 /
INFO: [ app_init ] --START--
INFO: Run Behavior\BuildLiteBehavior [ RunTime:0.000000s ]
INFO: [ app_init ] --END-- [ RunTime:0.000000s ]
INFO: [ app_begin ] --START--
INFO: Run Behavior\ReadHtmlCacheBehavior [ RunTime:0.000000s ]
INFO: [ app_begin ] --END-- [ RunTime:0.000000s ]
NOTIC: [2] PDO::__construct() [<a href='pdo.--construct'>pdo.--construct</a>]: [2002] ÓÉÓÚÄ¿±ê»úÆ÷»ý¼«¾Ü¾ø£¬ÎÞ·¨Á¬½Ó¡£
 (trying to connect via tcp://127.0.0.1:3306) C:\web\weixin\wx\ThinkPHP\Library\Think\Db\Driver.class.php ç¬¬ 103 è¡Œ.
ERR: SQLSTATE[HY000] [2002] ÓÉÓÚÄ¿±ê»úÆ÷»ý¼«¾Ü¾ø£¬ÎÞ·¨Á¬½Ó¡£


[ 2017-05-03T11:54:01+08:00 ] 64.246.165.190 /
INFO: [ app_init ] --START--
INFO: Run Behavior\BuildLiteBehavior [ RunTime:0.000000s ]
INFO: [ app_init ] --END-- [ RunTime:0.000000s ]
INFO: [ app_begin ] --START--
INFO: Run Behavior\ReadHtmlCacheBehavior [ RunTime:0.000000s ]
INFO: [ app_begin ] --END-- [ RunTime:0.000000s ]
NOTIC: [2] PDO::__construct() [<a href='pdo.--construct'>pdo.--construct</a>]: [2002] ÓÉÓÚÄ¿±ê»úÆ÷»ý¼«¾Ü¾ø£¬ÎÞ·¨Á¬½Ó¡£
 (trying to connect via tcp://127.0.0.1:3306) C:\web\weixin\wx\ThinkPHP\Library\Think\Db\Driver.class.php ç¬¬ 103 è¡Œ.
ERR: SQLSTATE[HY000] [2002] ÓÉÓÚÄ¿±ê»úÆ÷»ý¼«¾Ü¾ø£¬ÎÞ·¨Á¬½Ó¡£


[ 2017-05-03T15:37:54+08:00 ] 123.125.67.163 /
INFO: [ app_init ] --START--
INFO: Run Behavior\BuildLiteBehavior [ RunTime:0.000000s ]
INFO: [ app_init ] --END-- [ RunTime:0.000000s ]
INFO: [ app_begin ] --START--
INFO: Run Behavior\ReadHtmlCacheBehavior [ RunTime:0.000000s ]
INFO: [ app_begin ] --END-- [ RunTime:0.000000s ]
NOTIC: [2] PDO::__construct() [<a href='pdo.--construct'>pdo.--construct</a>]: [2002] ÓÉÓÚÄ¿±ê»úÆ÷»ý¼«¾Ü¾ø£¬ÎÞ·¨Á¬½Ó¡£
 (trying to connect via tcp://127.0.0.1:3306) C:\web\weixin\wx\ThinkPHP\Library\Think\Db\Driver.class.php ç¬¬ 103 è¡Œ.
ERR: SQLSTATE[HY000] [2002] ÓÉÓÚÄ¿±ê»úÆ÷»ý¼«¾Ü¾ø£¬ÎÞ·¨Á¬½Ó¡£


[ 2017-05-03T15:54:21+08:00 ] 180.76.15.25 /index.php/Home/Member/login.html
INFO: [ app_init ] --START--
INFO: Run Behavior\BuildLiteBehavior [ RunTime:0.000000s ]
INFO: [ app_init ] --END-- [ RunTime:0.000000s ]
INFO: [ app_begin ] --START--
INFO: Run Behavior\ReadHtmlCacheBehavior [ RunTime:0.000000s ]
INFO: [ app_begin ] --END-- [ RunTime:0.000000s ]
INFO: [ view_parse ] --START--
INFO: [ template_filter ] --START--
INFO: Run Behavior\ContentReplaceBehavior [ RunTime:0.000000s ]
INFO: [ template_filter ] --END-- [ RunTime:0.000000s ]
INFO: Run Behavior\ParseTemplateBehavior [ RunTime:0.062500s ]
INFO: [ view_parse ] --END-- [ RunTime:0.062500s ]
INFO: [ view_filter ] --START--
INFO: Run Behavior\WriteHtmlCacheBehavior [ RunTime:0.000000s ]
INFO: [ view_filter ] --END-- [ RunTime:0.000000s ]
INFO: [ app_end ] --START--
INFO: Run Behavior\ShowPageTraceBehavior [ RunTime:0.015625s ]
INFO: [ app_end ] --END-- [ RunTime:0.015625s ]

[ 2017-05-03T16:00:02+08:00 ] 180.153.236.181 /
INFO: [ app_init ] --START--
INFO: Run Behavior\BuildLiteBehavior [ RunTime:0.000000s ]
INFO: [ app_init ] --END-- [ RunTime:0.000000s ]
INFO: [ app_begin ] --START--
INFO: Run Behavior\ReadHtmlCacheBehavior [ RunTime:0.000000s ]
INFO: [ app_begin ] --END-- [ RunTime:0.000000s ]
NOTIC: [2] PDO::__construct() [<a href='pdo.--construct'>pdo.--construct</a>]: [2002] ÓÉÓÚÄ¿±ê»úÆ÷»ý¼«¾Ü¾ø£¬ÎÞ·¨Á¬½Ó¡£
 (trying to connect via tcp://127.0.0.1:3306) C:\web\weixin\wx\ThinkPHP\Library\Think\Db\Driver.class.php ç¬¬ 103 è¡Œ.
ERR: SQLSTATE[HY000] [2002] ÓÉÓÚÄ¿±ê»úÆ÷»ý¼«¾Ü¾ø£¬ÎÞ·¨Á¬½Ó¡£


[ 2017-05-03T16:09:56+08:00 ] 220.181.108.110 /
INFO: [ app_init ] --START--
INFO: Run Behavior\BuildLiteBehavior [ RunTime:0.000000s ]
INFO: [ app_init ] --END-- [ RunTime:0.000000s ]
INFO: [ app_begin ] --START--
INFO: Run Behavior\ReadHtmlCacheBehavior [ RunTime:0.000000s ]
INFO: [ app_begin ] --END-- [ RunTime:0.000000s ]
NOTIC: [2] PDO::__construct() [<a href='pdo.--construct'>pdo.--construct</a>]: [2002] ÓÉÓÚÄ¿±ê»úÆ÷»ý¼«¾Ü¾ø£¬ÎÞ·¨Á¬½Ó¡£
 (trying to connect via tcp://127.0.0.1:3306) C:\web\weixin\wx\ThinkPHP\Library\Think\Db\Driver.class.php ç¬¬ 103 è¡Œ.
ERR: SQLSTATE[HY000] [2002] ÓÉÓÚÄ¿±ê»úÆ÷»ý¼«¾Ü¾ø£¬ÎÞ·¨Á¬½Ó¡£


[ 2017-05-03T17:42:39+08:00 ] 61.135.165.42 /
INFO: [ app_init ] --START--
INFO: Run Behavior\BuildLiteBehavior [ RunTime:0.000000s ]
INFO: [ app_init ] --END-- [ RunTime:0.000000s ]
INFO: [ app_begin ] --START--
INFO: Run Behavior\ReadHtmlCacheBehavior [ RunTime:0.000000s ]
INFO: [ app_begin ] --END-- [ RunTime:0.000000s ]
NOTIC: [2] PDO::__construct() [<a href='pdo.--construct'>pdo.--construct</a>]: [2002] ÓÉÓÚÄ¿±ê»úÆ÷»ý¼«¾Ü¾ø£¬ÎÞ·¨Á¬½Ó¡£
 (trying to connect via tcp://127.0.0.1:3306) C:\web\weixin\wx\ThinkPHP\Library\Think\Db\Driver.class.php ç¬¬ 103 è¡Œ.
ERR: SQLSTATE[HY000] [2002] ÓÉÓÚÄ¿±ê»úÆ÷»ý¼«¾Ü¾ø£¬ÎÞ·¨Á¬½Ó¡£


[ 2017-05-03T22:34:10+08:00 ] 220.181.51.105 /
INFO: [ app_init ] --START--
INFO: Run Behavior\BuildLiteBehavior [ RunTime:0.000000s ]
INFO: [ app_init ] --END-- [ RunTime:0.000000s ]
INFO: [ app_begin ] --START--
INFO: Run Behavior\ReadHtmlCacheBehavior [ RunTime:0.000000s ]
INFO: [ app_begin ] --END-- [ RunTime:0.000000s ]
NOTIC: [2] PDO::__construct() [<a href='pdo.--construct'>pdo.--construct</a>]: [2002] ÓÉÓÚÄ¿±ê»úÆ÷»ý¼«¾Ü¾ø£¬ÎÞ·¨Á¬½Ó¡£
 (trying to connect via tcp://127.0.0.1:3306) C:\web\weixin\wx\ThinkPHP\Library\Think\Db\Driver.class.php ç¬¬ 103 è¡Œ.
ERR: SQLSTATE[HY000] [2002] ÓÉÓÚÄ¿±ê»úÆ÷»ý¼«¾Ü¾ø£¬ÎÞ·¨Á¬½Ó¡£


