[ 2017-02-05T00:27:02+08:00 ] 180.76.15.141 /?WebShieldDRSessionVerify=CyFIV9w2jMcdR3IXxvWW
INFO: [ app_init ] --START--
INFO: Run Behavior\BuildLiteBehavior [ RunTime:0.000000s ]
INFO: [ app_init ] --END-- [ RunTime:0.000000s ]
INFO: [ app_begin ] --START--
INFO: Run Behavior\ReadHtmlCacheBehavior [ RunTime:0.000000s ]
INFO: [ app_begin ] --END-- [ RunTime:0.000000s ]
SQL: SHOW COLUMNS FROM `wx_goods` [ RunTime:0.0000s ]
SQL: SELECT * FROM `wx_goods` WHERE `is_on_sale` = 1 AND `is_delete` = 0 AND `is_hot` = 1 ORDER BY addtime DESC  [ RunTime:0.0000s ]
INFO: [ view_parse ] --START--
INFO: [ template_filter ] --START--
INFO: Run Behavior\ContentReplaceBehavior [ RunTime:0.000000s ]
INFO: [ template_filter ] --END-- [ RunTime:0.000000s ]
INFO: Run Behavior\ParseTemplateBehavior [ RunTime:0.015625s ]
INFO: [ view_parse ] --END-- [ RunTime:0.015625s ]
INFO: [ view_filter ] --START--
INFO: Run Behavior\WriteHtmlCacheBehavior [ RunTime:0.000000s ]
INFO: [ view_filter ] --END-- [ RunTime:0.000000s ]
INFO: [ app_end ] --START--
INFO: Run Behavior\ShowPageTraceBehavior [ RunTime:0.000000s ]
INFO: [ app_end ] --END-- [ RunTime:0.000000s ]

[ 2017-02-05T13:23:03+08:00 ] 66.249.69.209 /
INFO: [ app_init ] --START--
INFO: Run Behavior\BuildLiteBehavior [ RunTime:0.000000s ]
INFO: [ app_init ] --END-- [ RunTime:0.000000s ]
INFO: [ app_begin ] --START--
INFO: Run Behavior\ReadHtmlCacheBehavior [ RunTime:0.000000s ]
INFO: [ app_begin ] --END-- [ RunTime:0.000000s ]
SQL: SHOW COLUMNS FROM `wx_goods` [ RunTime:0.0000s ]
SQL: SELECT * FROM `wx_goods` WHERE `is_on_sale` = 1 AND `is_delete` = 0 AND `is_hot` = 1 ORDER BY addtime DESC  [ RunTime:0.0000s ]
INFO: [ view_parse ] --START--
INFO: [ template_filter ] --START--
INFO: Run Behavior\ContentReplaceBehavior [ RunTime:0.000000s ]
INFO: [ template_filter ] --END-- [ RunTime:0.000000s ]
INFO: Run Behavior\ParseTemplateBehavior [ RunTime:0.015625s ]
INFO: [ view_parse ] --END-- [ RunTime:0.015625s ]
INFO: [ view_filter ] --START--
INFO: Run Behavior\WriteHtmlCacheBehavior [ RunTime:0.000000s ]
INFO: [ view_filter ] --END-- [ RunTime:0.000000s ]
INFO: [ app_end ] --START--
INFO: Run Behavior\ShowPageTraceBehavior [ RunTime:0.015625s ]
INFO: [ app_end ] --END-- [ RunTime:0.015625s ]

[ 2017-02-05T13:31:43+08:00 ] 123.126.68.116 /
INFO: [ app_init ] --START--
INFO: Run Behavior\BuildLiteBehavior [ RunTime:0.000000s ]
INFO: [ app_init ] --END-- [ RunTime:0.000000s ]
INFO: [ app_begin ] --START--
INFO: Run Behavior\ReadHtmlCacheBehavior [ RunTime:0.000000s ]
INFO: [ app_begin ] --END-- [ RunTime:0.000000s ]
SQL: SHOW COLUMNS FROM `wx_goods` [ RunTime:0.0156s ]
SQL: SELECT * FROM `wx_goods` WHERE `is_on_sale` = 1 AND `is_delete` = 0 AND `is_hot` = 1 ORDER BY addtime DESC  [ RunTime:0.0000s ]
INFO: [ view_parse ] --START--
INFO: [ template_filter ] --START--
INFO: Run Behavior\ContentReplaceBehavior [ RunTime:0.000000s ]
INFO: [ template_filter ] --END-- [ RunTime:0.000000s ]
INFO: Run Behavior\ParseTemplateBehavior [ RunTime:0.000000s ]
INFO: [ view_parse ] --END-- [ RunTime:0.000000s ]
INFO: [ view_filter ] --START--
INFO: Run Behavior\WriteHtmlCacheBehavior [ RunTime:0.015625s ]
INFO: [ view_filter ] --END-- [ RunTime:0.015625s ]
INFO: [ app_end ] --START--
INFO: Run Behavior\ShowPageTraceBehavior [ RunTime:0.000000s ]
INFO: [ app_end ] --END-- [ RunTime:0.000000s ]

[ 2017-02-05T14:53:42+08:00 ] 220.181.125.123 /
INFO: [ app_init ] --START--
INFO: Run Behavior\BuildLiteBehavior [ RunTime:0.000000s ]
INFO: [ app_init ] --END-- [ RunTime:0.000000s ]
INFO: [ app_begin ] --START--
INFO: Run Behavior\ReadHtmlCacheBehavior [ RunTime:0.000000s ]
INFO: [ app_begin ] --END-- [ RunTime:0.000000s ]
SQL: SHOW COLUMNS FROM `wx_goods` [ RunTime:0.0000s ]
SQL: SELECT * FROM `wx_goods` WHERE `is_on_sale` = 1 AND `is_delete` = 0 AND `is_hot` = 1 ORDER BY addtime DESC  [ RunTime:0.0000s ]
INFO: [ view_parse ] --START--
INFO: [ template_filter ] --START--
INFO: Run Behavior\ContentReplaceBehavior [ RunTime:0.000000s ]
INFO: [ template_filter ] --END-- [ RunTime:0.000000s ]
INFO: Run Behavior\ParseTemplateBehavior [ RunTime:0.031250s ]
INFO: [ view_parse ] --END-- [ RunTime:0.031250s ]
INFO: [ view_filter ] --START--
INFO: Run Behavior\WriteHtmlCacheBehavior [ RunTime:0.000000s ]
INFO: [ view_filter ] --END-- [ RunTime:0.000000s ]
INFO: [ app_end ] --START--
INFO: Run Behavior\ShowPageTraceBehavior [ RunTime:0.000000s ]
INFO: [ app_end ] --END-- [ RunTime:0.000000s ]

[ 2017-02-05T14:53:51+08:00 ] 66.249.69.202 /
INFO: [ app_init ] --START--
INFO: Run Behavior\BuildLiteBehavior [ RunTime:0.000000s ]
INFO: [ app_init ] --END-- [ RunTime:0.000000s ]
INFO: [ app_begin ] --START--
INFO: Run Behavior\ReadHtmlCacheBehavior [ RunTime:0.000000s ]
INFO: [ app_begin ] --END-- [ RunTime:0.000000s ]
SQL: SHOW COLUMNS FROM `wx_goods` [ RunTime:0.0000s ]
SQL: SELECT * FROM `wx_goods` WHERE `is_on_sale` = 1 AND `is_delete` = 0 AND `is_hot` = 1 ORDER BY addtime DESC  [ RunTime:0.0000s ]
INFO: [ view_parse ] --START--
INFO: [ template_filter ] --START--
INFO: Run Behavior\ContentReplaceBehavior [ RunTime:0.000000s ]
INFO: [ template_filter ] --END-- [ RunTime:0.000000s ]
INFO: Run Behavior\ParseTemplateBehavior [ RunTime:0.015625s ]
INFO: [ view_parse ] --END-- [ RunTime:0.015625s ]
INFO: [ view_filter ] --START--
INFO: Run Behavior\WriteHtmlCacheBehavior [ RunTime:0.000000s ]
INFO: [ view_filter ] --END-- [ RunTime:0.000000s ]
INFO: [ app_end ] --START--
INFO: Run Behavior\ShowPageTraceBehavior [ RunTime:0.000000s ]
INFO: [ app_end ] --END-- [ RunTime:0.000000s ]

[ 2017-02-05T14:54:02+08:00 ] 220.181.125.123 /index.php/Home/Cart/lst.html
INFO: [ app_init ] --START--
INFO: Run Behavior\BuildLiteBehavior [ RunTime:0.000000s ]
INFO: [ app_init ] --END-- [ RunTime:0.000000s ]
INFO: [ app_begin ] --START--
INFO: Run Behavior\ReadHtmlCacheBehavior [ RunTime:0.000000s ]
INFO: [ app_begin ] --END-- [ RunTime:0.000000s ]
SQL: SHOW COLUMNS FROM `wx_cart` [ RunTime:0.0000s ]
SQL: SHOW COLUMNS FROM `wx_goods` [ RunTime:0.0156s ]
INFO: [ view_parse ] --START--
INFO: [ template_filter ] --START--
INFO: Run Behavior\ContentReplaceBehavior [ RunTime:0.000000s ]
INFO: [ template_filter ] --END-- [ RunTime:0.000000s ]
INFO: Run Behavior\ParseTemplateBehavior [ RunTime:0.000000s ]
INFO: [ view_parse ] --END-- [ RunTime:0.000000s ]
INFO: [ view_filter ] --START--
INFO: Run Behavior\WriteHtmlCacheBehavior [ RunTime:0.000000s ]
INFO: [ view_filter ] --END-- [ RunTime:0.000000s ]
INFO: [ app_end ] --START--
INFO: Run Behavior\ShowPageTraceBehavior [ RunTime:0.000000s ]
INFO: [ app_end ] --END-- [ RunTime:0.000000s ]

[ 2017-02-05T21:53:33+08:00 ] 42.236.10.83 /index.php/Home/Index/goods/id/45.html
INFO: [ app_init ] --START--
INFO: Run Behavior\BuildLiteBehavior [ RunTime:0.000000s ]
INFO: [ app_init ] --END-- [ RunTime:0.000000s ]
INFO: [ app_begin ] --START--
INFO: Run Behavior\ReadHtmlCacheBehavior [ RunTime:0.000000s ]
INFO: [ app_begin ] --END-- [ RunTime:0.000000s ]
SQL: SHOW COLUMNS FROM `wx_goods` [ RunTime:0.0000s ]
SQL: SELECT * FROM `wx_goods` WHERE `id` = '45' LIMIT 1   [ RunTime:0.0000s ]
SQL: SHOW COLUMNS FROM `wx_comment` [ RunTime:0.0000s ]
SQL: SELECT COUNT(*) AS tp_count FROM `wx_comment` WHERE `goods_id` = '45' LIMIT 1   [ RunTime:0.0156s ]
NOTIC: D方法实例化没找到模型类Admin\Model\GoodsAttrModel
SQL: SHOW COLUMNS FROM `wx_goods_attr` [ RunTime:0.0000s ]
SQL: SELECT a.*,b.attr_name FROM wx_goods_attr a LEFT JOIN wx_attribute b on a.attr_id=b.id WHERE attr_id IN (SELECT attr_id FROM wx_goods_attr WHERE goods_id=45 GROUP BY attr_id HAVING count(*)>1)  AND a.goods_id=45 [ RunTime:0.0000s ]
SQL: SELECT a.*,b.attr_name FROM wx_goods_attr a left join wx_attribute b on a.attr_id=b.id  WHERE a.goods_id = '45' AND b.attr_type = 0  [ RunTime:0.0000s ]
NOTIC: D方法实例化没找到模型类Admin\Model\GoodsPicsModel
SQL: SHOW COLUMNS FROM `wx_goods_pics` [ RunTime:0.0000s ]
SQL: SELECT * FROM `wx_goods_pics` WHERE `goods_id` = '45'  [ RunTime:0.0000s ]
SQL: SHOW COLUMNS FROM `wx_cart` [ RunTime:0.0000s ]
NOTIC: [8] Undefined index: cart C:\web\weixin\wx\Application\Home\Controller\IndexController.class.php 第 77 行.
NOTIC: [8] Undefined index: cart C:\web\weixin\wx\Application\Home\Controller\IndexController.class.php 第 78 行.
INFO: [ view_parse ] --START--
INFO: [ template_filter ] --START--
INFO: Run Behavior\ContentReplaceBehavior [ RunTime:0.000000s ]
INFO: [ template_filter ] --END-- [ RunTime:0.000000s ]
INFO: Run Behavior\ParseTemplateBehavior [ RunTime:0.031250s ]
INFO: [ view_parse ] --END-- [ RunTime:0.031250s ]
INFO: [ view_filter ] --START--
INFO: Run Behavior\WriteHtmlCacheBehavior [ RunTime:0.000000s ]
INFO: [ view_filter ] --END-- [ RunTime:0.000000s ]
INFO: [ app_end ] --START--
INFO: Run Behavior\ShowPageTraceBehavior [ RunTime:0.000000s ]
INFO: [ app_end ] --END-- [ RunTime:0.000000s ]

[ 2017-02-05T21:53:33+08:00 ] 42.236.99.2 /index.php/Home/Index/Goods/id/userhome.html
INFO: [ app_init ] --START--
INFO: Run Behavior\BuildLiteBehavior [ RunTime:0.000000s ]
INFO: [ app_init ] --END-- [ RunTime:0.000000s ]
INFO: [ app_begin ] --START--
INFO: Run Behavior\ReadHtmlCacheBehavior [ RunTime:0.000000s ]
INFO: [ app_begin ] --END-- [ RunTime:0.000000s ]
SQL: SHOW COLUMNS FROM `wx_goods` [ RunTime:0.0000s ]
SQL: SELECT * FROM `wx_goods` WHERE `id` = 'userhome' LIMIT 1   [ RunTime:0.0000s ]
SQL: SHOW COLUMNS FROM `wx_comment` [ RunTime:0.0000s ]
SQL: SELECT COUNT(*) AS tp_count FROM `wx_comment` WHERE `goods_id` = 'userhome' LIMIT 1   [ RunTime:0.0000s ]
NOTIC: D方法实例化没找到模型类Admin\Model\GoodsAttrModel
SQL: SHOW COLUMNS FROM `wx_goods_attr` [ RunTime:0.0000s ]
ERR: 1054:Unknown column 'userhome' in 'where clause'
 [ SQL语句 ] : SELECT a.*,b.attr_name FROM wx_goods_attr a LEFT JOIN wx_attribute b on a.attr_id=b.id WHERE attr_id IN (SELECT attr_id FROM wx_goods_attr WHERE goods_id=userhome GROUP BY attr_id HAVING count(*)>1)  AND a.goods_id=userhome
ERR: 1054:Unknown column 'userhome' in 'where clause'
 [ SQL语句 ] : SELECT a.*,b.attr_name FROM wx_goods_attr a LEFT JOIN wx_attribute b on a.attr_id=b.id WHERE attr_id IN (SELECT attr_id FROM wx_goods_attr WHERE goods_id=userhome GROUP BY attr_id HAVING count(*)>1)  AND a.goods_id=userhome

[ 2017-02-05T23:16:48+08:00 ] 220.181.125.123 /
INFO: [ app_init ] --START--
INFO: Run Behavior\BuildLiteBehavior [ RunTime:0.000000s ]
INFO: [ app_init ] --END-- [ RunTime:0.000000s ]
INFO: [ app_begin ] --START--
INFO: Run Behavior\ReadHtmlCacheBehavior [ RunTime:0.000000s ]
INFO: [ app_begin ] --END-- [ RunTime:0.000000s ]
SQL: SHOW COLUMNS FROM `wx_goods` [ RunTime:0.0000s ]
SQL: SELECT * FROM `wx_goods` WHERE `is_on_sale` = 1 AND `is_delete` = 0 AND `is_hot` = 1 ORDER BY addtime DESC  [ RunTime:0.0000s ]
INFO: [ view_parse ] --START--
INFO: [ template_filter ] --START--
INFO: Run Behavior\ContentReplaceBehavior [ RunTime:0.000000s ]
INFO: [ template_filter ] --END-- [ RunTime:0.000000s ]
INFO: Run Behavior\ParseTemplateBehavior [ RunTime:0.015625s ]
INFO: [ view_parse ] --END-- [ RunTime:0.015625s ]
INFO: [ view_filter ] --START--
INFO: Run Behavior\WriteHtmlCacheBehavior [ RunTime:0.000000s ]
INFO: [ view_filter ] --END-- [ RunTime:0.000000s ]
INFO: [ app_end ] --START--
INFO: Run Behavior\ShowPageTraceBehavior [ RunTime:0.000000s ]
INFO: [ app_end ] --END-- [ RunTime:0.000000s ]

