[ 2016-11-10T09:06:18+08:00 ] 127.0.0.1 /index.php/m=admin/Index/index
INFO: [ app_init ] --START--
INFO: Run Behavior\BuildLiteBehavior [ RunTime:0.000024s ]
INFO: [ app_init ] --END-- [ RunTime:0.000488s ]
ERR: 无法加载模块:M=admin

[ 2016-11-10T09:06:25+08:00 ] 127.0.0.1 /index.php/m=admin/
INFO: [ app_init ] --START--
INFO: Run Behavior\BuildLiteBehavior [ RunTime:0.000021s ]
INFO: [ app_init ] --END-- [ RunTime:0.000411s ]
ERR: 无法加载模块:M=admin

[ 2016-11-10T09:07:13+08:00 ] 127.0.0.1 /index.php/m=admin&c=index&a=index
INFO: [ app_init ] --START--
INFO: Run Behavior\BuildLiteBehavior [ RunTime:0.000022s ]
INFO: [ app_init ] --END-- [ RunTime:0.000497s ]
ERR: 无法加载模块:M=admin&c=index&a=index

[ 2016-11-10T09:09:36+08:00 ] 127.0.0.1 /index.php/m=admin&c=index&a=index
INFO: [ app_init ] --START--
INFO: Run Behavior\BuildLiteBehavior [ RunTime:0.000049s ]
INFO: [ app_init ] --END-- [ RunTime:0.000952s ]
ERR: 无法加载模块:M=admin&c=index&a=index

[ 2016-11-10T09:15:18+08:00 ] 127.0.0.1 /index.php/m=admin
INFO: [ app_init ] --START--
INFO: Run Behavior\BuildLiteBehavior [ RunTime:0.000018s ]
INFO: [ app_init ] --END-- [ RunTime:0.000405s ]
ERR: 无法加载模块:M=admin

[ 2016-11-10T09:15:39+08:00 ] 127.0.0.1 /index.php/m=admin&c=index&a=index
INFO: [ app_init ] --START--
INFO: Run Behavior\BuildLiteBehavior [ RunTime:0.000035s ]
INFO: [ app_init ] --END-- [ RunTime:0.001065s ]
ERR: 无法加载模块:M=admin&c=index&a=index

[ 2016-11-10T09:17:18+08:00 ] 127.0.0.1 /index.php/m=admin&c=index&a=index
INFO: [ app_init ] --START--
INFO: Run Behavior\BuildLiteBehavior [ RunTime:0.000025s ]
INFO: [ app_init ] --END-- [ RunTime:0.000576s ]
ERR: 无法加载模块:M=admin&c=index&a=index

[ 2016-11-10T09:17:19+08:00 ] 127.0.0.1 /index.php/m=admin&c=index&a=index
INFO: [ app_init ] --START--
INFO: Run Behavior\BuildLiteBehavior [ RunTime:0.000025s ]
INFO: [ app_init ] --END-- [ RunTime:0.000586s ]
ERR: 无法加载模块:M=admin&c=index&a=index

[ 2016-11-10T09:22:00+08:00 ] 127.0.0.1 /index.php/m=admin&c=index&a=index
INFO: [ app_init ] --START--
INFO: Run Behavior\BuildLiteBehavior [ RunTime:0.000028s ]
INFO: [ app_init ] --END-- [ RunTime:0.000733s ]
ERR: 无法加载模块:M=admin&c=index&a=index

[ 2016-11-10T09:22:02+08:00 ] 127.0.0.1 /index.php/m=admin&c=index&a=index
INFO: [ app_init ] --START--
INFO: Run Behavior\BuildLiteBehavior [ RunTime:0.000023s ]
INFO: [ app_init ] --END-- [ RunTime:0.000560s ]
ERR: 无法加载模块:M=admin&c=index&a=index

[ 2016-11-10T09:22:03+08:00 ] 127.0.0.1 /index.php/m=admin&c=index&a=index
INFO: [ app_init ] --START--
INFO: Run Behavior\BuildLiteBehavior [ RunTime:0.000042s ]
INFO: [ app_init ] --END-- [ RunTime:0.001083s ]
ERR: 无法加载模块:M=admin&c=index&a=index

[ 2016-11-10T09:22:03+08:00 ] 127.0.0.1 /index.php/m=admin&c=index&a=index
INFO: [ app_init ] --START--
INFO: Run Behavior\BuildLiteBehavior [ RunTime:0.000026s ]
INFO: [ app_init ] --END-- [ RunTime:0.000660s ]
ERR: 无法加载模块:M=admin&c=index&a=index

[ 2016-11-10T09:22:03+08:00 ] 127.0.0.1 /index.php/m=admin&c=index&a=index
INFO: [ app_init ] --START--
INFO: Run Behavior\BuildLiteBehavior [ RunTime:0.000023s ]
INFO: [ app_init ] --END-- [ RunTime:0.000588s ]
ERR: 无法加载模块:M=admin&c=index&a=index

[ 2016-11-10T09:22:03+08:00 ] 127.0.0.1 /index.php/m=admin&c=index&a=index
INFO: [ app_init ] --START--
INFO: Run Behavior\BuildLiteBehavior [ RunTime:0.000023s ]
INFO: [ app_init ] --END-- [ RunTime:0.000594s ]
ERR: 无法加载模块:M=admin&c=index&a=index

[ 2016-11-10T09:22:04+08:00 ] 127.0.0.1 /index.php/m=admin&c=index&a=index
INFO: [ app_init ] --START--
INFO: Run Behavior\BuildLiteBehavior [ RunTime:0.000025s ]
INFO: [ app_init ] --END-- [ RunTime:0.000548s ]
ERR: 无法加载模块:M=admin&c=index&a=index

[ 2016-11-10T09:22:04+08:00 ] 127.0.0.1 /index.php/m=admin&c=index&a=index
INFO: [ app_init ] --START--
INFO: Run Behavior\BuildLiteBehavior [ RunTime:0.000022s ]
INFO: [ app_init ] --END-- [ RunTime:0.000486s ]
ERR: 无法加载模块:M=admin&c=index&a=index

[ 2016-11-10T09:26:49+08:00 ] 127.0.0.1 /index.php/m=admin&c=index&a=index
INFO: [ app_init ] --START--
INFO: Run Behavior\BuildLiteBehavior [ RunTime:0.000026s ]
INFO: [ app_init ] --END-- [ RunTime:0.000680s ]
ERR: 无法加载模块:M=admin&c=index&a=index

[ 2016-11-10T09:26:51+08:00 ] 127.0.0.1 /index.php/m=admin&c=index&a=index
INFO: [ app_init ] --START--
INFO: Run Behavior\BuildLiteBehavior [ RunTime:0.000022s ]
INFO: [ app_init ] --END-- [ RunTime:0.000479s ]
ERR: 无法加载模块:M=admin&c=index&a=index

[ 2016-11-10T09:26:51+08:00 ] 127.0.0.1 /index.php/m=admin&c=index&a=index
INFO: [ app_init ] --START--
INFO: Run Behavior\BuildLiteBehavior [ RunTime:0.000032s ]
INFO: [ app_init ] --END-- [ RunTime:0.000806s ]
ERR: 无法加载模块:M=admin&c=index&a=index

[ 2016-11-10T09:26:51+08:00 ] 127.0.0.1 /index.php/m=admin&c=index&a=index
INFO: [ app_init ] --START--
INFO: Run Behavior\BuildLiteBehavior [ RunTime:0.000019s ]
INFO: [ app_init ] --END-- [ RunTime:0.000439s ]
ERR: 无法加载模块:M=admin&c=index&a=index

[ 2016-11-10T09:26:52+08:00 ] 127.0.0.1 /index.php/m=admin&c=index&a=index
INFO: [ app_init ] --START--
INFO: Run Behavior\BuildLiteBehavior [ RunTime:0.000022s ]
INFO: [ app_init ] --END-- [ RunTime:0.000519s ]
ERR: 无法加载模块:M=admin&c=index&a=index

[ 2016-11-10T09:26:52+08:00 ] 127.0.0.1 /index.php/m=admin&c=index&a=index
INFO: [ app_init ] --START--
INFO: Run Behavior\BuildLiteBehavior [ RunTime:0.000024s ]
INFO: [ app_init ] --END-- [ RunTime:0.000474s ]
ERR: 无法加载模块:M=admin&c=index&a=index

[ 2016-11-10T09:26:52+08:00 ] 127.0.0.1 /index.php/m=admin&c=index&a=index
INFO: [ app_init ] --START--
INFO: Run Behavior\BuildLiteBehavior [ RunTime:0.000019s ]
INFO: [ app_init ] --END-- [ RunTime:0.000408s ]
ERR: 无法加载模块:M=admin&c=index&a=index

[ 2016-11-10T09:26:52+08:00 ] 127.0.0.1 /index.php/m=admin&c=index&a=index
INFO: [ app_init ] --START--
INFO: Run Behavior\BuildLiteBehavior [ RunTime:0.000021s ]
INFO: [ app_init ] --END-- [ RunTime:0.000461s ]
ERR: 无法加载模块:M=admin&c=index&a=index

[ 2016-11-10T09:26:52+08:00 ] 127.0.0.1 /index.php/m=admin&c=index&a=index
INFO: [ app_init ] --START--
INFO: Run Behavior\BuildLiteBehavior [ RunTime:0.000024s ]
INFO: [ app_init ] --END-- [ RunTime:0.000438s ]
ERR: 无法加载模块:M=admin&c=index&a=index

[ 2016-11-10T09:26:55+08:00 ] 127.0.0.1 /index.php/m=admin
INFO: [ app_init ] --START--
INFO: Run Behavior\BuildLiteBehavior [ RunTime:0.000034s ]
INFO: [ app_init ] --END-- [ RunTime:0.000569s ]
ERR: 无法加载模块:M=admin

[ 2016-11-10T09:27:48+08:00 ] 127.0.0.1 /index.php/m=admin
INFO: [ app_init ] --START--
INFO: Run Behavior\BuildLiteBehavior [ RunTime:0.000030s ]
INFO: [ app_init ] --END-- [ RunTime:0.000690s ]
ERR: 无法加载模块:M=admin

[ 2016-11-10T09:28:08+08:00 ] 127.0.0.1 /index.php/m=admin&c=index&a=info
INFO: [ app_init ] --START--
INFO: Run Behavior\BuildLiteBehavior [ RunTime:0.000029s ]
INFO: [ app_init ] --END-- [ RunTime:0.000648s ]
ERR: 无法加载模块:M=admin&c=index&a=info

[ 2016-11-10T09:28:40+08:00 ] 127.0.0.1 /index.php/m=Admin&c=Index&a=info
INFO: [ app_init ] --START--
INFO: Run Behavior\BuildLiteBehavior [ RunTime:0.000023s ]
INFO: [ app_init ] --END-- [ RunTime:0.000479s ]
ERR: 无法加载模块:M=Admin&c=Index&a=info

[ 2016-11-10T09:28:46+08:00 ] 127.0.0.1 /index.php/m=Admin&c=Index
INFO: [ app_init ] --START--
INFO: Run Behavior\BuildLiteBehavior [ RunTime:0.000032s ]
INFO: [ app_init ] --END-- [ RunTime:0.000710s ]
ERR: 无法加载模块:M=Admin&c=Index

[ 2016-11-10T09:29:28+08:00 ] 127.0.0.1 /index.php/m=Admin&c=Index&c=info
INFO: [ app_init ] --START--
INFO: Run Behavior\BuildLiteBehavior [ RunTime:0.000026s ]
INFO: [ app_init ] --END-- [ RunTime:0.000581s ]
ERR: 无法加载模块:M=Admin&c=Index&c=info

[ 2016-11-10T09:29:48+08:00 ] 127.0.0.1 /index.php/m=Admin&c=Index&c=info
INFO: [ app_init ] --START--
INFO: Run Behavior\BuildLiteBehavior [ RunTime:0.000027s ]
INFO: [ app_init ] --END-- [ RunTime:0.000478s ]
ERR: 无法加载模块:M=Admin&c=Index&c=info

[ 2016-11-10T09:29:58+08:00 ] 127.0.0.1 /index.php/m=Admin&c=Index&c=info
INFO: [ app_init ] --START--
INFO: Run Behavior\BuildLiteBehavior [ RunTime:0.000020s ]
INFO: [ app_init ] --END-- [ RunTime:0.000455s ]
ERR: 无法加载模块:M=Admin&c=Index&c=info

[ 2016-11-10T09:29:58+08:00 ] 127.0.0.1 /index.php/m=Admin&c=Index&c=info
INFO: [ app_init ] --START--
INFO: Run Behavior\BuildLiteBehavior [ RunTime:0.000020s ]
INFO: [ app_init ] --END-- [ RunTime:0.000389s ]
ERR: 无法加载模块:M=Admin&c=Index&c=info

[ 2016-11-10T14:46:29+08:00 ] 127.0.0.1 /index.php/page.html
INFO: [ app_init ] --START--
INFO: Run Behavior\BuildLiteBehavior [ RunTime:0.000033s ]
INFO: [ app_init ] --END-- [ RunTime:0.000781s ]
ERR: 无法加载模块:Page

[ 2016-11-10T14:46:32+08:00 ] 127.0.0.1 /index.php/pass.html
INFO: [ app_init ] --START--
INFO: Run Behavior\BuildLiteBehavior [ RunTime:0.000027s ]
INFO: [ app_init ] --END-- [ RunTime:0.000600s ]
ERR: 无法加载模块:Pass

[ 2016-11-10T14:47:28+08:00 ] 127.0.0.1 /index.php/pass.html
INFO: [ app_init ] --START--
INFO: Run Behavior\BuildLiteBehavior [ RunTime:0.000021s ]
INFO: [ app_init ] --END-- [ RunTime:0.000446s ]
ERR: 无法加载模块:Pass

[ 2016-11-10T16:14:56+08:00 ] 127.0.0.1 /index.php/page.html
INFO: [ app_init ] --START--
INFO: Run Behavior\BuildLiteBehavior [ RunTime:0.000024s ]
INFO: [ app_init ] --END-- [ RunTime:0.000514s ]
ERR: 无法加载模块:Page

[ 2016-11-10T16:15:08+08:00 ] 127.0.0.1 /index.php/book.html
INFO: [ app_init ] --START--
INFO: Run Behavior\BuildLiteBehavior [ RunTime:0.000036s ]
INFO: [ app_init ] --END-- [ RunTime:0.000773s ]
ERR: 无法加载模块:Book

