[ 2017-01-11T12:40:47+08:00 ] 127.0.0.1 /index.php/Admin/Goods/goods_number/id/44/goods_name/%E4%B8%89%E6%98%9F+Galaxy+S7%EF%BC%88G9300%EF%BC%894GB+32G+%E9%93%82%E5%85%89%E9%87%91.html
INFO: [ app_init ] --START--
INFO: Run Behavior\BuildLiteBehavior [ RunTime:0.000027s ]
INFO: [ app_init ] --END-- [ RunTime:0.000791s ]
INFO: [ app_begin ] --START--
INFO: Run Behavior\ReadHtmlCacheBehavior [ RunTime:0.000980s ]
INFO: [ app_begin ] --END-- [ RunTime:0.001145s ]
NOTIC: [8] A session had already been started - ignoring session_start() D:\we\ThinkPHP\Common\functions.php 第 1263 行.
SQL: select count(*) has from wx_privilege where module_name="Admin" and controller_name="Goods" and action_name="goods_number" [ RunTime:0.0004s ]
SQL: SELECT a.*,b.attr_name FROM wx_goods_attr a LEFT JOIN wx_attribute b on a.attr_id=b.id WHERE attr_id IN (SELECT attr_id FROM wx_goods_attr WHERE goods_id=44 GROUP BY attr_id HAVING count(*)>1)  AND a.goods_id=44 [ RunTime:0.0008s ]
SQL: SHOW COLUMNS FROM `wx_goods_number` [ RunTime:0.0029s ]
SQL: SELECT * FROM `wx_goods_number` WHERE `goods_id` = '44'  [ RunTime:0.0004s ]
INFO: [ view_parse ] --START--
INFO: [ template_filter ] --START--
INFO: Run Behavior\ContentReplaceBehavior [ RunTime:0.000065s ]
INFO: [ template_filter ] --END-- [ RunTime:0.000155s ]
INFO: Run Behavior\ParseTemplateBehavior [ RunTime:0.007056s ]
INFO: [ view_parse ] --END-- [ RunTime:0.007135s ]
INFO: [ view_filter ] --START--
INFO: Run Behavior\WriteHtmlCacheBehavior [ RunTime:0.000466s ]
INFO: [ view_filter ] --END-- [ RunTime:0.000530s ]
INFO: [ app_end ] --START--
INFO: Run Behavior\ShowPageTraceBehavior [ RunTime:0.000552s ]
INFO: [ app_end ] --END-- [ RunTime:0.000613s ]

[ 2017-01-11T13:38:04+08:00 ] 127.0.0.1 /index.php/Admin/Category/lst.html
INFO: [ app_init ] --START--
INFO: Run Behavior\BuildLiteBehavior [ RunTime:0.000023s ]
INFO: [ app_init ] --END-- [ RunTime:0.000529s ]
INFO: [ app_begin ] --START--
INFO: Run Behavior\ReadHtmlCacheBehavior [ RunTime:0.000622s ]
INFO: [ app_begin ] --END-- [ RunTime:0.000705s ]
NOTIC: [8] A session had already been started - ignoring session_start() D:\we\ThinkPHP\Common\functions.php 第 1263 行.
SQL: select count(*) has from wx_privilege where module_name="Admin" and controller_name="Category" and action_name="lst" [ RunTime:0.0004s ]
SQL: SHOW COLUMNS FROM `wx_category` [ RunTime:0.0394s ]
SQL: SELECT * FROM `wx_category`  [ RunTime:0.0003s ]
INFO: [ view_parse ] --START--
INFO: [ template_filter ] --START--
INFO: Run Behavior\ContentReplaceBehavior [ RunTime:0.000082s ]
INFO: [ template_filter ] --END-- [ RunTime:0.000173s ]
NOTIC: [8] Undefined variable: page D:\we\Application\Runtime\Cache\Admin\395c0ba78bddab9d6617dcec0f2fd9a9.php 第 40 行.
INFO: Run Behavior\ParseTemplateBehavior [ RunTime:0.020309s ]
INFO: [ view_parse ] --END-- [ RunTime:0.020418s ]
INFO: [ view_filter ] --START--
INFO: Run Behavior\WriteHtmlCacheBehavior [ RunTime:0.000530s ]
INFO: [ view_filter ] --END-- [ RunTime:0.000612s ]
INFO: [ app_end ] --START--
INFO: Run Behavior\ShowPageTraceBehavior [ RunTime:0.000719s ]
INFO: [ app_end ] --END-- [ RunTime:0.000799s ]

[ 2017-01-11T16:09:26+08:00 ] 127.0.0.1 /index.php/Admin/Category/edit/id/13.html
INFO: [ app_init ] --START--
INFO: Run Behavior\BuildLiteBehavior [ RunTime:0.000019s ]
INFO: [ app_init ] --END-- [ RunTime:0.000495s ]
INFO: [ app_begin ] --START--
INFO: Run Behavior\ReadHtmlCacheBehavior [ RunTime:0.000671s ]
INFO: [ app_begin ] --END-- [ RunTime:0.000739s ]
NOTIC: [8] A session had already been started - ignoring session_start() D:\we\ThinkPHP\Common\functions.php 第 1263 行.
SQL: select count(*) has from wx_privilege where module_name="Admin" and controller_name="Category" and action_name="edit" [ RunTime:0.0005s ]
SQL: SHOW COLUMNS FROM `wx_category` [ RunTime:0.0034s ]
SQL: SELECT * FROM `wx_category` WHERE `id` = 13 LIMIT 1   [ RunTime:0.0003s ]
SQL: SHOW COLUMNS FROM `wx_category` [ RunTime:0.0026s ]
SQL: SELECT * FROM `wx_category`  [ RunTime:0.0002s ]
SQL: SELECT * FROM `wx_category`  [ RunTime:0.0002s ]
INFO: [ view_parse ] --START--
INFO: [ template_filter ] --START--
INFO: Run Behavior\ContentReplaceBehavior [ RunTime:0.000061s ]
INFO: [ template_filter ] --END-- [ RunTime:0.000131s ]
INFO: Run Behavior\ParseTemplateBehavior [ RunTime:0.023498s ]
INFO: [ view_parse ] --END-- [ RunTime:0.023581s ]
INFO: [ view_filter ] --START--
INFO: Run Behavior\WriteHtmlCacheBehavior [ RunTime:0.000458s ]
INFO: [ view_filter ] --END-- [ RunTime:0.000516s ]
INFO: [ app_end ] --START--
INFO: Run Behavior\ShowPageTraceBehavior [ RunTime:0.000628s ]
INFO: [ app_end ] --END-- [ RunTime:0.000687s ]

[ 2017-01-11T16:10:34+08:00 ] 127.0.0.1 /index.php/Admin/Goods/recyclelst.html
INFO: [ app_init ] --START--
INFO: Run Behavior\BuildLiteBehavior [ RunTime:0.000032s ]
INFO: [ app_init ] --END-- [ RunTime:0.000735s ]
INFO: [ app_begin ] --START--
INFO: Run Behavior\ReadHtmlCacheBehavior [ RunTime:0.001038s ]
INFO: [ app_begin ] --END-- [ RunTime:0.001163s ]
NOTIC: [8] A session had already been started - ignoring session_start() D:\we\ThinkPHP\Common\functions.php 第 1263 行.
SQL: select count(*) has from wx_privilege where module_name="Admin" and controller_name="Goods" and action_name="recyclelst" [ RunTime:0.0004s ]
SQL: SHOW COLUMNS FROM `wx_goods` [ RunTime:0.0030s ]
SQL: SELECT COUNT(*) AS tp_count FROM wx_goods a WHERE `is_delete` = 1 LIMIT 1   [ RunTime:0.0002s ]
SQL: SELECT a.*,ifnull(sum(b.goods_number),0) gn FROM wx_goods a left join wx_goods_number b on a.id=b.goods_id  WHERE `is_delete` = 1 GROUP BY a.id LIMIT 0,5   [ RunTime:0.0029s ]
INFO: [ view_parse ] --START--
INFO: [ template_filter ] --START--
INFO: Run Behavior\ContentReplaceBehavior [ RunTime:0.000074s ]
INFO: [ template_filter ] --END-- [ RunTime:0.000149s ]
INFO: Run Behavior\ParseTemplateBehavior [ RunTime:0.017327s ]
INFO: [ view_parse ] --END-- [ RunTime:0.017423s ]
INFO: [ view_filter ] --START--
INFO: Run Behavior\WriteHtmlCacheBehavior [ RunTime:0.000464s ]
INFO: [ view_filter ] --END-- [ RunTime:0.000524s ]
INFO: [ app_end ] --START--
INFO: Run Behavior\ShowPageTraceBehavior [ RunTime:0.000639s ]
INFO: [ app_end ] --END-- [ RunTime:0.000711s ]

[ 2017-01-11T16:14:58+08:00 ] 127.0.0.1 /index.php/Admin/Attention/index.html
INFO: [ app_init ] --START--
INFO: Run Behavior\BuildLiteBehavior [ RunTime:0.000033s ]
INFO: [ app_init ] --END-- [ RunTime:0.000932s ]
INFO: [ app_begin ] --START--
INFO: Run Behavior\ReadHtmlCacheBehavior [ RunTime:0.001093s ]
INFO: [ app_begin ] --END-- [ RunTime:0.001221s ]
NOTIC: [8] A session had already been started - ignoring session_start() D:\we\ThinkPHP\Common\functions.php 第 1263 行.
SQL: select count(*) has from wx_privilege where module_name="Admin" and controller_name="Attention" and action_name="index" [ RunTime:0.0006s ]
SQL: SHOW COLUMNS FROM `wx_attention` [ RunTime:0.0500s ]
SQL: SELECT * FROM `wx_attention` LIMIT 1   [ RunTime:0.0004s ]
INFO: [ view_parse ] --START--
INFO: [ template_filter ] --START--
INFO: Run Behavior\ContentReplaceBehavior [ RunTime:0.000088s ]
INFO: [ template_filter ] --END-- [ RunTime:0.000213s ]
INFO: Run Behavior\ParseTemplateBehavior [ RunTime:0.019596s ]
INFO: [ view_parse ] --END-- [ RunTime:0.019724s ]
INFO: [ view_filter ] --START--
INFO: Run Behavior\WriteHtmlCacheBehavior [ RunTime:0.000775s ]
INFO: [ view_filter ] --END-- [ RunTime:0.000888s ]
INFO: [ app_end ] --START--
INFO: Run Behavior\ShowPageTraceBehavior [ RunTime:0.001147s ]
INFO: [ app_end ] --END-- [ RunTime:0.001264s ]

[ 2017-01-11T17:15:37+08:00 ] 127.0.0.1 /index.php/Admin/Index/index.html
INFO: [ app_init ] --START--
INFO: Run Behavior\BuildLiteBehavior [ RunTime:0.000023s ]
INFO: [ app_init ] --END-- [ RunTime:0.000580s ]
INFO: [ app_begin ] --START--
INFO: Run Behavior\ReadHtmlCacheBehavior [ RunTime:0.000801s ]
INFO: [ app_begin ] --END-- [ RunTime:0.000885s ]
NOTIC: [8] A session had already been started - ignoring session_start() D:\we\ThinkPHP\Common\functions.php 第 1263 行.
SQL: SHOW COLUMNS FROM `wx_config` [ RunTime:0.0038s ]
SQL: SELECT `appid`,`appsecret`,`token`,`logo` FROM `wx_config` LIMIT 1   [ RunTime:0.0003s ]
SQL: select * from wx_privilege [ RunTime:0.0004s ]
INFO: [ view_parse ] --START--
INFO: [ template_filter ] --START--
INFO: Run Behavior\ContentReplaceBehavior [ RunTime:0.000068s ]
INFO: [ template_filter ] --END-- [ RunTime:0.000151s ]
INFO: Run Behavior\ParseTemplateBehavior [ RunTime:0.009039s ]
INFO: [ view_parse ] --END-- [ RunTime:0.009124s ]
INFO: [ view_filter ] --START--
INFO: Run Behavior\WriteHtmlCacheBehavior [ RunTime:0.000620s ]
INFO: [ view_filter ] --END-- [ RunTime:0.000698s ]
NOTIC: [8] Undefined index: HTTP_RAW_POST_DATA D:\we\Application\Admin\Model\WeChatModel.class.php 第 223 行.

[ 2017-01-11T17:15:38+08:00 ] 127.0.0.1 /index.php/Admin/Index/info.html
INFO: [ app_init ] --START--
INFO: Run Behavior\BuildLiteBehavior [ RunTime:0.000020s ]
INFO: [ app_init ] --END-- [ RunTime:0.000415s ]
INFO: [ app_begin ] --START--
INFO: Run Behavior\ReadHtmlCacheBehavior [ RunTime:0.000599s ]
INFO: [ app_begin ] --END-- [ RunTime:0.000664s ]
NOTIC: [8] A session had already been started - ignoring session_start() D:\we\ThinkPHP\Common\functions.php 第 1263 行.
SQL: SHOW COLUMNS FROM `wx_config` [ RunTime:0.0029s ]
SQL: SELECT * FROM `wx_config` LIMIT 1   [ RunTime:0.0002s ]
INFO: [ view_parse ] --START--
INFO: [ template_filter ] --START--
INFO: Run Behavior\ContentReplaceBehavior [ RunTime:0.000083s ]
INFO: [ template_filter ] --END-- [ RunTime:0.000180s ]
INFO: Run Behavior\ParseTemplateBehavior [ RunTime:0.010242s ]
INFO: [ view_parse ] --END-- [ RunTime:0.010319s ]
INFO: [ view_filter ] --START--
INFO: Run Behavior\WriteHtmlCacheBehavior [ RunTime:0.000430s ]
INFO: [ view_filter ] --END-- [ RunTime:0.000496s ]
INFO: [ app_end ] --START--
INFO: Run Behavior\ShowPageTraceBehavior [ RunTime:0.000640s ]
INFO: [ app_end ] --END-- [ RunTime:0.000702s ]

[ 2017-01-11T17:16:46+08:00 ] 127.0.0.1 /index.php/Admin/Role/lst.html
INFO: [ app_init ] --START--
INFO: Run Behavior\BuildLiteBehavior [ RunTime:0.000031s ]
INFO: [ app_init ] --END-- [ RunTime:0.000688s ]
INFO: [ app_begin ] --START--
INFO: Run Behavior\ReadHtmlCacheBehavior [ RunTime:0.000996s ]
INFO: [ app_begin ] --END-- [ RunTime:0.001120s ]
NOTIC: [8] A session had already been started - ignoring session_start() D:\we\ThinkPHP\Common\functions.php 第 1263 行.
SQL: select count(*) has from wx_privilege where module_name="Admin" and controller_name="Role" and action_name="lst" [ RunTime:0.0005s ]
NOTIC: [2048] Declaration of Admin\Model\RoleModel::_after_insert() should be compatible with Think\Model::_after_insert($data, $options) D:\we\Application\Admin\Model\RoleModel.class.php 第 77 行.
SQL: SHOW COLUMNS FROM `wx_role` [ RunTime:0.0297s ]
NOTIC: [8] Undefined variable: where D:\we\Application\Admin\Model\RoleModel.class.php 第 67 行.
SQL: SELECT COUNT(*) AS tp_count FROM wx_role a LIMIT 1   [ RunTime:0.0003s ]
NOTIC: [8] Undefined variable: where D:\we\Application\Admin\Model\RoleModel.class.php 第 74 行.
SQL: SELECT a.*,GROUP_CONCAT(c.pri_name) pri_name FROM wx_role a left join wx_role_privilege b on a.id=b.role_id left join wx_privilege c on b.pri_id=c.id  GROUP BY a.id LIMIT 0,2   [ RunTime:0.0297s ]
INFO: [ view_parse ] --START--
INFO: [ template_filter ] --START--
INFO: Run Behavior\ContentReplaceBehavior [ RunTime:0.000110s ]
INFO: [ template_filter ] --END-- [ RunTime:0.000239s ]
INFO: Run Behavior\ParseTemplateBehavior [ RunTime:0.024598s ]
INFO: [ view_parse ] --END-- [ RunTime:0.024730s ]
INFO: [ view_filter ] --START--
INFO: Run Behavior\WriteHtmlCacheBehavior [ RunTime:0.000848s ]
INFO: [ view_filter ] --END-- [ RunTime:0.000960s ]
INFO: [ app_end ] --START--
INFO: Run Behavior\ShowPageTraceBehavior [ RunTime:0.001141s ]
INFO: [ app_end ] --END-- [ RunTime:0.001265s ]

[ 2017-01-11T17:23:06+08:00 ] 127.0.0.1 /index.php/Admin/Index/index.html
INFO: [ app_init ] --START--
INFO: Run Behavior\BuildLiteBehavior [ RunTime:0.000018s ]
INFO: [ app_init ] --END-- [ RunTime:0.000560s ]
INFO: [ app_begin ] --START--
INFO: Run Behavior\ReadHtmlCacheBehavior [ RunTime:0.000597s ]
INFO: [ app_begin ] --END-- [ RunTime:0.000671s ]
NOTIC: [8] A session had already been started - ignoring session_start() D:\we\ThinkPHP\Common\functions.php 第 1263 行.
SQL: SHOW COLUMNS FROM `wx_config` [ RunTime:0.0028s ]
SQL: SELECT `appid`,`appsecret`,`token`,`logo` FROM `wx_config` LIMIT 1   [ RunTime:0.0002s ]
SQL: select * from wx_privilege [ RunTime:0.0003s ]
INFO: [ view_parse ] --START--
INFO: [ template_filter ] --START--
INFO: Run Behavior\ContentReplaceBehavior [ RunTime:0.000053s ]
INFO: [ template_filter ] --END-- [ RunTime:0.000115s ]
INFO: Run Behavior\ParseTemplateBehavior [ RunTime:0.007312s ]
INFO: [ view_parse ] --END-- [ RunTime:0.007385s ]
INFO: [ view_filter ] --START--
INFO: Run Behavior\WriteHtmlCacheBehavior [ RunTime:0.000432s ]
INFO: [ view_filter ] --END-- [ RunTime:0.000495s ]
NOTIC: [8] Undefined index: HTTP_RAW_POST_DATA D:\we\Application\Admin\Model\WeChatModel.class.php 第 223 行.

[ 2017-01-11T17:23:06+08:00 ] 127.0.0.1 /index.php/Admin/Index/info.html
INFO: [ app_init ] --START--
INFO: Run Behavior\BuildLiteBehavior [ RunTime:0.000020s ]
INFO: [ app_init ] --END-- [ RunTime:0.000399s ]
INFO: [ app_begin ] --START--
INFO: Run Behavior\ReadHtmlCacheBehavior [ RunTime:0.000568s ]
INFO: [ app_begin ] --END-- [ RunTime:0.000643s ]
NOTIC: [8] A session had already been started - ignoring session_start() D:\we\ThinkPHP\Common\functions.php 第 1263 行.
SQL: SHOW COLUMNS FROM `wx_config` [ RunTime:0.0030s ]
SQL: SELECT * FROM `wx_config` LIMIT 1   [ RunTime:0.0004s ]
INFO: [ view_parse ] --START--
INFO: [ template_filter ] --START--
INFO: Run Behavior\ContentReplaceBehavior [ RunTime:0.000082s ]
INFO: [ template_filter ] --END-- [ RunTime:0.000182s ]
INFO: Run Behavior\ParseTemplateBehavior [ RunTime:0.009392s ]
INFO: [ view_parse ] --END-- [ RunTime:0.009531s ]
INFO: [ view_filter ] --START--
INFO: Run Behavior\WriteHtmlCacheBehavior [ RunTime:0.000717s ]
INFO: [ view_filter ] --END-- [ RunTime:0.000796s ]
INFO: [ app_end ] --START--
INFO: Run Behavior\ShowPageTraceBehavior [ RunTime:0.000690s ]
INFO: [ app_end ] --END-- [ RunTime:0.000760s ]

[ 2017-01-11T17:28:15+08:00 ] 127.0.0.1 /index.php/Admin/Index/index.html
INFO: [ app_init ] --START--
INFO: Run Behavior\BuildLiteBehavior [ RunTime:0.000030s ]
INFO: [ app_init ] --END-- [ RunTime:0.000671s ]
INFO: [ app_begin ] --START--
INFO: Run Behavior\ReadHtmlCacheBehavior [ RunTime:0.000963s ]
INFO: [ app_begin ] --END-- [ RunTime:0.001079s ]
NOTIC: [8] A session had already been started - ignoring session_start() D:\we\ThinkPHP\Common\functions.php 第 1263 行.
SQL: SHOW COLUMNS FROM `wx_config` [ RunTime:0.0032s ]
SQL: SELECT `appid`,`appsecret`,`token`,`logo` FROM `wx_config` LIMIT 1   [ RunTime:0.0002s ]
SQL: select * from wx_privilege [ RunTime:0.0003s ]
INFO: [ view_parse ] --START--
INFO: [ template_filter ] --START--
INFO: Run Behavior\ContentReplaceBehavior [ RunTime:0.000057s ]
INFO: [ template_filter ] --END-- [ RunTime:0.000130s ]
INFO: Run Behavior\ParseTemplateBehavior [ RunTime:0.007068s ]
INFO: [ view_parse ] --END-- [ RunTime:0.007160s ]
INFO: [ view_filter ] --START--
INFO: Run Behavior\WriteHtmlCacheBehavior [ RunTime:0.000425s ]
INFO: [ view_filter ] --END-- [ RunTime:0.000507s ]
NOTIC: [8] Undefined index: HTTP_RAW_POST_DATA D:\we\Application\Admin\Model\WeChatModel.class.php 第 223 行.

[ 2017-01-11T17:28:15+08:00 ] 127.0.0.1 /index.php/Admin/Index/info.html
INFO: [ app_init ] --START--
INFO: Run Behavior\BuildLiteBehavior [ RunTime:0.000019s ]
INFO: [ app_init ] --END-- [ RunTime:0.000387s ]
INFO: [ app_begin ] --START--
INFO: Run Behavior\ReadHtmlCacheBehavior [ RunTime:0.000625s ]
INFO: [ app_begin ] --END-- [ RunTime:0.000697s ]
NOTIC: [8] A session had already been started - ignoring session_start() D:\we\ThinkPHP\Common\functions.php 第 1263 行.
SQL: SHOW COLUMNS FROM `wx_config` [ RunTime:0.0039s ]
SQL: SELECT * FROM `wx_config` LIMIT 1   [ RunTime:0.0003s ]
INFO: [ view_parse ] --START--
INFO: [ template_filter ] --START--
INFO: Run Behavior\ContentReplaceBehavior [ RunTime:0.000070s ]
INFO: [ template_filter ] --END-- [ RunTime:0.000142s ]
INFO: Run Behavior\ParseTemplateBehavior [ RunTime:0.007177s ]
INFO: [ view_parse ] --END-- [ RunTime:0.007279s ]
INFO: [ view_filter ] --START--
INFO: Run Behavior\WriteHtmlCacheBehavior [ RunTime:0.000444s ]
INFO: [ view_filter ] --END-- [ RunTime:0.000546s ]
INFO: [ app_end ] --START--
INFO: Run Behavior\ShowPageTraceBehavior [ RunTime:0.000585s ]
INFO: [ app_end ] --END-- [ RunTime:0.000672s ]

[ 2017-01-11T17:28:55+08:00 ] 127.0.0.1 /index.php/Admin/Index/index.html
INFO: [ app_init ] --START--
INFO: Run Behavior\BuildLiteBehavior [ RunTime:0.000024s ]
INFO: [ app_init ] --END-- [ RunTime:0.000541s ]
INFO: [ app_begin ] --START--
INFO: Run Behavior\ReadHtmlCacheBehavior [ RunTime:0.000810s ]
INFO: [ app_begin ] --END-- [ RunTime:0.000892s ]
NOTIC: [8] A session had already been started - ignoring session_start() D:\we\ThinkPHP\Common\functions.php 第 1263 行.
SQL: SHOW COLUMNS FROM `wx_config` [ RunTime:0.0032s ]
SQL: SELECT `appid`,`appsecret`,`token`,`logo` FROM `wx_config` LIMIT 1   [ RunTime:0.0002s ]
SQL: select * from wx_privilege [ RunTime:0.0004s ]
INFO: [ view_parse ] --START--
INFO: [ template_filter ] --START--
INFO: Run Behavior\ContentReplaceBehavior [ RunTime:0.000066s ]
INFO: [ template_filter ] --END-- [ RunTime:0.000151s ]
INFO: Run Behavior\ParseTemplateBehavior [ RunTime:0.008580s ]
INFO: [ view_parse ] --END-- [ RunTime:0.008674s ]
INFO: [ view_filter ] --START--
INFO: Run Behavior\WriteHtmlCacheBehavior [ RunTime:0.000510s ]
INFO: [ view_filter ] --END-- [ RunTime:0.000593s ]
NOTIC: [8] Undefined index: HTTP_RAW_POST_DATA D:\we\Application\Admin\Model\WeChatModel.class.php 第 223 行.

[ 2017-01-11T17:28:56+08:00 ] 127.0.0.1 /index.php/Admin/Index/info.html
INFO: [ app_init ] --START--
INFO: Run Behavior\BuildLiteBehavior [ RunTime:0.000021s ]
INFO: [ app_init ] --END-- [ RunTime:0.000401s ]
INFO: [ app_begin ] --START--
INFO: Run Behavior\ReadHtmlCacheBehavior [ RunTime:0.000630s ]
INFO: [ app_begin ] --END-- [ RunTime:0.000699s ]
NOTIC: [8] A session had already been started - ignoring session_start() D:\we\ThinkPHP\Common\functions.php 第 1263 行.
SQL: SHOW COLUMNS FROM `wx_config` [ RunTime:0.0042s ]
SQL: SELECT * FROM `wx_config` LIMIT 1   [ RunTime:0.0004s ]
INFO: [ view_parse ] --START--
INFO: [ template_filter ] --START--
INFO: Run Behavior\ContentReplaceBehavior [ RunTime:0.000072s ]
INFO: [ template_filter ] --END-- [ RunTime:0.000152s ]
INFO: Run Behavior\ParseTemplateBehavior [ RunTime:0.007339s ]
INFO: [ view_parse ] --END-- [ RunTime:0.007417s ]
INFO: [ view_filter ] --START--
INFO: Run Behavior\WriteHtmlCacheBehavior [ RunTime:0.000434s ]
INFO: [ view_filter ] --END-- [ RunTime:0.000504s ]
INFO: [ app_end ] --START--
INFO: Run Behavior\ShowPageTraceBehavior [ RunTime:0.000636s ]
INFO: [ app_end ] --END-- [ RunTime:0.000717s ]

[ 2017-01-11T17:40:37+08:00 ] 127.0.0.1 /index.php/Admin/Admin/lst.html
INFO: [ app_init ] --START--
INFO: Run Behavior\BuildLiteBehavior [ RunTime:0.000030s ]
INFO: [ app_init ] --END-- [ RunTime:0.000783s ]
INFO: [ app_begin ] --START--
INFO: Run Behavior\ReadHtmlCacheBehavior [ RunTime:0.001100s ]
INFO: [ app_begin ] --END-- [ RunTime:0.001253s ]
NOTIC: [8] A session had already been started - ignoring session_start() D:\we\ThinkPHP\Common\functions.php 第 1263 行.
SQL: select count(*) has from wx_privilege where module_name="Admin" and controller_name="Admin" and action_name="lst" [ RunTime:0.0003s ]
SQL: SHOW COLUMNS FROM `wx_admin` [ RunTime:0.0141s ]
NOTIC: [8] Undefined variable: where D:\we\Application\Admin\Model\AdminModel.class.php 第 125 行.
SQL: SELECT COUNT(*) AS tp_count FROM wx_admin a LIMIT 1   [ RunTime:0.0002s ]
NOTIC: [8] Undefined variable: where D:\we\Application\Admin\Model\AdminModel.class.php 第 132 行.
SQL: SELECT * FROM wx_admin a LIMIT 0,2   [ RunTime:0.0003s ]
INFO: [ view_parse ] --START--
INFO: [ template_filter ] --START--
INFO: Run Behavior\ContentReplaceBehavior [ RunTime:0.000062s ]
INFO: [ template_filter ] --END-- [ RunTime:0.000128s ]
INFO: Run Behavior\ParseTemplateBehavior [ RunTime:0.017097s ]
INFO: [ view_parse ] --END-- [ RunTime:0.017175s ]
INFO: [ view_filter ] --START--
INFO: Run Behavior\WriteHtmlCacheBehavior [ RunTime:0.000440s ]
INFO: [ view_filter ] --END-- [ RunTime:0.000498s ]
INFO: [ app_end ] --START--
INFO: Run Behavior\ShowPageTraceBehavior [ RunTime:0.000568s ]
INFO: [ app_end ] --END-- [ RunTime:0.000629s ]

[ 2017-01-11T17:40:38+08:00 ] 127.0.0.1 /index.php/Admin/Index/index.html
INFO: [ app_init ] --START--
INFO: Run Behavior\BuildLiteBehavior [ RunTime:0.000023s ]
INFO: [ app_init ] --END-- [ RunTime:0.000592s ]
INFO: [ app_begin ] --START--
INFO: Run Behavior\ReadHtmlCacheBehavior [ RunTime:0.000741s ]
INFO: [ app_begin ] --END-- [ RunTime:0.000827s ]
NOTIC: [8] A session had already been started - ignoring session_start() D:\we\ThinkPHP\Common\functions.php 第 1263 行.
SQL: SHOW COLUMNS FROM `wx_config` [ RunTime:0.0031s ]
SQL: SELECT `appid`,`appsecret`,`token`,`logo` FROM `wx_config` LIMIT 1   [ RunTime:0.0002s ]
SQL: select * from wx_privilege [ RunTime:0.0003s ]
INFO: [ view_parse ] --START--
INFO: [ template_filter ] --START--
INFO: Run Behavior\ContentReplaceBehavior [ RunTime:0.000051s ]
INFO: [ template_filter ] --END-- [ RunTime:0.000113s ]
INFO: Run Behavior\ParseTemplateBehavior [ RunTime:0.007100s ]
INFO: [ view_parse ] --END-- [ RunTime:0.007167s ]
INFO: [ view_filter ] --START--
INFO: Run Behavior\WriteHtmlCacheBehavior [ RunTime:0.000432s ]
INFO: [ view_filter ] --END-- [ RunTime:0.000489s ]
NOTIC: [8] Undefined index: HTTP_RAW_POST_DATA D:\we\Application\Admin\Model\WeChatModel.class.php 第 223 行.

[ 2017-01-11T17:40:38+08:00 ] 127.0.0.1 /index.php/Admin/Index/info.html
INFO: [ app_init ] --START--
INFO: Run Behavior\BuildLiteBehavior [ RunTime:0.000024s ]
INFO: [ app_init ] --END-- [ RunTime:0.000485s ]
INFO: [ app_begin ] --START--
INFO: Run Behavior\ReadHtmlCacheBehavior [ RunTime:0.000647s ]
INFO: [ app_begin ] --END-- [ RunTime:0.000725s ]
NOTIC: [8] A session had already been started - ignoring session_start() D:\we\ThinkPHP\Common\functions.php 第 1263 行.
SQL: SHOW COLUMNS FROM `wx_config` [ RunTime:0.0057s ]
SQL: SELECT * FROM `wx_config` LIMIT 1   [ RunTime:0.0008s ]
INFO: [ view_parse ] --START--
INFO: [ template_filter ] --START--
INFO: Run Behavior\ContentReplaceBehavior [ RunTime:0.000070s ]
INFO: [ template_filter ] --END-- [ RunTime:0.000150s ]
INFO: Run Behavior\ParseTemplateBehavior [ RunTime:0.008609s ]
INFO: [ view_parse ] --END-- [ RunTime:0.008703s ]
INFO: [ view_filter ] --START--
INFO: Run Behavior\WriteHtmlCacheBehavior [ RunTime:0.000520s ]
INFO: [ view_filter ] --END-- [ RunTime:0.000604s ]
INFO: [ app_end ] --START--
INFO: Run Behavior\ShowPageTraceBehavior [ RunTime:0.000694s ]
INFO: [ app_end ] --END-- [ RunTime:0.000770s ]

[ 2017-01-11T17:40:59+08:00 ] 127.0.0.1 /index.php/Admin/Index/index.html
INFO: [ app_init ] --START--
INFO: Run Behavior\BuildLiteBehavior [ RunTime:0.000019s ]
INFO: [ app_init ] --END-- [ RunTime:0.000470s ]
INFO: [ app_begin ] --START--
INFO: Run Behavior\ReadHtmlCacheBehavior [ RunTime:0.000577s ]
INFO: [ app_begin ] --END-- [ RunTime:0.000649s ]
NOTIC: [8] A session had already been started - ignoring session_start() D:\we\ThinkPHP\Common\functions.php 第 1263 行.
SQL: SHOW COLUMNS FROM `wx_config` [ RunTime:0.0031s ]
SQL: SELECT `appid`,`appsecret`,`token`,`logo` FROM `wx_config` LIMIT 1   [ RunTime:0.0002s ]
SQL: select * from wx_privilege [ RunTime:0.0003s ]
INFO: [ view_parse ] --START--
INFO: [ template_filter ] --START--
INFO: Run Behavior\ContentReplaceBehavior [ RunTime:0.000067s ]
INFO: [ template_filter ] --END-- [ RunTime:0.000141s ]
INFO: Run Behavior\ParseTemplateBehavior [ RunTime:0.007552s ]
INFO: [ view_parse ] --END-- [ RunTime:0.007634s ]
INFO: [ view_filter ] --START--
INFO: Run Behavior\WriteHtmlCacheBehavior [ RunTime:0.000434s ]
INFO: [ view_filter ] --END-- [ RunTime:0.000499s ]
NOTIC: [8] Undefined index: HTTP_RAW_POST_DATA D:\we\Application\Admin\Model\WeChatModel.class.php 第 223 行.

[ 2017-01-11T17:40:59+08:00 ] 127.0.0.1 /index.php/Admin/Index/info.html
INFO: [ app_init ] --START--
INFO: Run Behavior\BuildLiteBehavior [ RunTime:0.000025s ]
INFO: [ app_init ] --END-- [ RunTime:0.000496s ]
INFO: [ app_begin ] --START--
INFO: Run Behavior\ReadHtmlCacheBehavior [ RunTime:0.000634s ]
INFO: [ app_begin ] --END-- [ RunTime:0.000729s ]
NOTIC: [8] A session had already been started - ignoring session_start() D:\we\ThinkPHP\Common\functions.php 第 1263 行.
SQL: SHOW COLUMNS FROM `wx_config` [ RunTime:0.0032s ]
SQL: SELECT * FROM `wx_config` LIMIT 1   [ RunTime:0.0017s ]
INFO: [ view_parse ] --START--
INFO: [ template_filter ] --START--
INFO: Run Behavior\ContentReplaceBehavior [ RunTime:0.000099s ]
INFO: [ template_filter ] --END-- [ RunTime:0.000218s ]
INFO: Run Behavior\ParseTemplateBehavior [ RunTime:0.008789s ]
INFO: [ view_parse ] --END-- [ RunTime:0.008890s ]
INFO: [ view_filter ] --START--
INFO: Run Behavior\WriteHtmlCacheBehavior [ RunTime:0.000492s ]
INFO: [ view_filter ] --END-- [ RunTime:0.000565s ]
INFO: [ app_end ] --START--
INFO: Run Behavior\ShowPageTraceBehavior [ RunTime:0.000611s ]
INFO: [ app_end ] --END-- [ RunTime:0.000683s ]

[ 2017-01-11T17:41:04+08:00 ] 127.0.0.1 /index.php/Admin/Index/index.html
INFO: [ app_init ] --START--
INFO: Run Behavior\BuildLiteBehavior [ RunTime:0.000036s ]
INFO: [ app_init ] --END-- [ RunTime:0.000786s ]
INFO: [ app_begin ] --START--
INFO: Run Behavior\ReadHtmlCacheBehavior [ RunTime:0.001173s ]
INFO: [ app_begin ] --END-- [ RunTime:0.001323s ]
NOTIC: [8] A session had already been started - ignoring session_start() D:\we\ThinkPHP\Common\functions.php 第 1263 行.
SQL: SHOW COLUMNS FROM `wx_config` [ RunTime:0.0030s ]
SQL: SELECT `appid`,`appsecret`,`token`,`logo` FROM `wx_config` LIMIT 1   [ RunTime:0.0002s ]
SQL: select * from wx_privilege [ RunTime:0.0003s ]
INFO: [ view_parse ] --START--
INFO: [ template_filter ] --START--
INFO: Run Behavior\ContentReplaceBehavior [ RunTime:0.000081s ]
INFO: [ template_filter ] --END-- [ RunTime:0.000151s ]
INFO: Run Behavior\ParseTemplateBehavior [ RunTime:0.007053s ]
INFO: [ view_parse ] --END-- [ RunTime:0.007141s ]
INFO: [ view_filter ] --START--
INFO: Run Behavior\WriteHtmlCacheBehavior [ RunTime:0.000507s ]
INFO: [ view_filter ] --END-- [ RunTime:0.000573s ]
NOTIC: [8] Undefined index: HTTP_RAW_POST_DATA D:\we\Application\Admin\Model\WeChatModel.class.php 第 223 行.

[ 2017-01-11T17:41:04+08:00 ] 127.0.0.1 /index.php/Admin/Index/info.html
INFO: [ app_init ] --START--
INFO: Run Behavior\BuildLiteBehavior [ RunTime:0.000040s ]
INFO: [ app_init ] --END-- [ RunTime:0.000653s ]
INFO: [ app_begin ] --START--
INFO: Run Behavior\ReadHtmlCacheBehavior [ RunTime:0.000585s ]
INFO: [ app_begin ] --END-- [ RunTime:0.000660s ]
NOTIC: [8] A session had already been started - ignoring session_start() D:\we\ThinkPHP\Common\functions.php 第 1263 行.
SQL: SHOW COLUMNS FROM `wx_config` [ RunTime:0.0040s ]
SQL: SELECT * FROM `wx_config` LIMIT 1   [ RunTime:0.0003s ]
INFO: [ view_parse ] --START--
INFO: [ template_filter ] --START--
INFO: Run Behavior\ContentReplaceBehavior [ RunTime:0.000069s ]
INFO: [ template_filter ] --END-- [ RunTime:0.000140s ]
INFO: Run Behavior\ParseTemplateBehavior [ RunTime:0.007043s ]
INFO: [ view_parse ] --END-- [ RunTime:0.007122s ]
INFO: [ view_filter ] --START--
INFO: Run Behavior\WriteHtmlCacheBehavior [ RunTime:0.000414s ]
INFO: [ view_filter ] --END-- [ RunTime:0.000497s ]
INFO: [ app_end ] --START--
INFO: Run Behavior\ShowPageTraceBehavior [ RunTime:0.000663s ]
INFO: [ app_end ] --END-- [ RunTime:0.000729s ]

[ 2017-01-11T17:41:09+08:00 ] 127.0.0.1 /index.php/Admin/Index/index.html
INFO: [ app_init ] --START--
INFO: Run Behavior\BuildLiteBehavior [ RunTime:0.000019s ]
INFO: [ app_init ] --END-- [ RunTime:0.000405s ]
INFO: [ app_begin ] --START--
INFO: Run Behavior\ReadHtmlCacheBehavior [ RunTime:0.000590s ]
INFO: [ app_begin ] --END-- [ RunTime:0.000659s ]
NOTIC: [8] A session had already been started - ignoring session_start() D:\we\ThinkPHP\Common\functions.php 第 1263 行.
SQL: SHOW COLUMNS FROM `wx_config` [ RunTime:0.0032s ]
SQL: SELECT `appid`,`appsecret`,`token`,`logo` FROM `wx_config` LIMIT 1   [ RunTime:0.0002s ]
SQL: select * from wx_privilege [ RunTime:0.0003s ]
INFO: [ view_parse ] --START--
INFO: [ template_filter ] --START--
INFO: Run Behavior\ContentReplaceBehavior [ RunTime:0.000059s ]
INFO: [ template_filter ] --END-- [ RunTime:0.000136s ]
INFO: Run Behavior\ParseTemplateBehavior [ RunTime:0.007771s ]
INFO: [ view_parse ] --END-- [ RunTime:0.007849s ]
INFO: [ view_filter ] --START--
INFO: Run Behavior\WriteHtmlCacheBehavior [ RunTime:0.000411s ]
INFO: [ view_filter ] --END-- [ RunTime:0.000478s ]
NOTIC: [8] Undefined index: HTTP_RAW_POST_DATA D:\we\Application\Admin\Model\WeChatModel.class.php 第 223 行.

[ 2017-01-11T17:41:09+08:00 ] 127.0.0.1 /index.php/Admin/Index/info.html
INFO: [ app_init ] --START--
INFO: Run Behavior\BuildLiteBehavior [ RunTime:0.000021s ]
INFO: [ app_init ] --END-- [ RunTime:0.000434s ]
INFO: [ app_begin ] --START--
INFO: Run Behavior\ReadHtmlCacheBehavior [ RunTime:0.000578s ]
INFO: [ app_begin ] --END-- [ RunTime:0.000666s ]
NOTIC: [8] A session had already been started - ignoring session_start() D:\we\ThinkPHP\Common\functions.php 第 1263 行.
SQL: SHOW COLUMNS FROM `wx_config` [ RunTime:0.0029s ]
SQL: SELECT * FROM `wx_config` LIMIT 1   [ RunTime:0.0002s ]
INFO: [ view_parse ] --START--
INFO: [ template_filter ] --START--
INFO: Run Behavior\ContentReplaceBehavior [ RunTime:0.000069s ]
INFO: [ template_filter ] --END-- [ RunTime:0.000143s ]
INFO: Run Behavior\ParseTemplateBehavior [ RunTime:0.007129s ]
INFO: [ view_parse ] --END-- [ RunTime:0.007199s ]
INFO: [ view_filter ] --START--
INFO: Run Behavior\WriteHtmlCacheBehavior [ RunTime:0.000364s ]
INFO: [ view_filter ] --END-- [ RunTime:0.000424s ]
INFO: [ app_end ] --START--
INFO: Run Behavior\ShowPageTraceBehavior [ RunTime:0.000618s ]
INFO: [ app_end ] --END-- [ RunTime:0.000688s ]

