[ 2017-04-14T09:02:13+08:00 ] 218.241.251.144 /index.php/Admin
INFO: [ app_init ] --START--
INFO: Run Behavior\BuildLiteBehavior [ RunTime:0.000000s ]
INFO: [ app_init ] --END-- [ RunTime:0.000000s ]
INFO: [ app_begin ] --START--
INFO: Run Behavior\ReadHtmlCacheBehavior [ RunTime:0.000000s ]
INFO: [ app_begin ] --END-- [ RunTime:0.000000s ]

[ 2017-04-14T09:02:13+08:00 ] 218.241.251.144 /index.php/Admin/Login/login.html
INFO: [ app_init ] --START--
INFO: Run Behavior\BuildLiteBehavior [ RunTime:0.000000s ]
INFO: [ app_init ] --END-- [ RunTime:0.000000s ]
INFO: [ app_begin ] --START--
INFO: Run Behavior\ReadHtmlCacheBehavior [ RunTime:0.000000s ]
INFO: [ app_begin ] --END-- [ RunTime:0.000000s ]
INFO: [ view_parse ] --START--
INFO: [ template_filter ] --START--
INFO: Run Behavior\ContentReplaceBehavior [ RunTime:0.000000s ]
INFO: [ template_filter ] --END-- [ RunTime:0.000000s ]
INFO: Run Behavior\ParseTemplateBehavior [ RunTime:0.015625s ]
INFO: [ view_parse ] --END-- [ RunTime:0.015625s ]
INFO: [ view_filter ] --START--
INFO: Run Behavior\WriteHtmlCacheBehavior [ RunTime:0.000000s ]
INFO: [ view_filter ] --END-- [ RunTime:0.000000s ]
INFO: [ app_end ] --START--
INFO: Run Behavior\ShowPageTraceBehavior [ RunTime:0.000000s ]
INFO: [ app_end ] --END-- [ RunTime:0.000000s ]

[ 2017-04-14T09:02:14+08:00 ] 218.241.251.144 /index.php/Admin/Login/chkcode.html
INFO: [ app_init ] --START--
INFO: Run Behavior\BuildLiteBehavior [ RunTime:0.000000s ]
INFO: [ app_init ] --END-- [ RunTime:0.000000s ]
INFO: [ app_begin ] --START--
INFO: Run Behavior\ReadHtmlCacheBehavior [ RunTime:0.000000s ]
INFO: [ app_begin ] --END-- [ RunTime:0.000000s ]
INFO: [ app_end ] --START--
INFO: Run Behavior\ShowPageTraceBehavior [ RunTime:0.000000s ]
INFO: [ app_end ] --END-- [ RunTime:0.000000s ]

[ 2017-04-14T09:02:21+08:00 ] 218.241.251.144 /index.php/Admin/Login/login.html
INFO: [ app_init ] --START--
INFO: Run Behavior\BuildLiteBehavior [ RunTime:0.000000s ]
INFO: [ app_init ] --END-- [ RunTime:0.000000s ]
INFO: [ app_begin ] --START--
INFO: Run Behavior\ReadHtmlCacheBehavior [ RunTime:0.015625s ]
INFO: [ app_begin ] --END-- [ RunTime:0.015625s ]
SQL: SHOW COLUMNS FROM `wx_admin` [ RunTime:0.0000s ]
NOTIC: [8] Undefined index: auto C:\web\weixin\wx\ThinkPHP\Library\Think\Model.class.php 第 1128 行.
SQL: SELECT * FROM `wx_admin` WHERE `username` = 'admin' LIMIT 1   [ RunTime:0.0000s ]

[ 2017-04-14T09:02:21+08:00 ] 218.241.251.144 /index.php/Admin/Index/index.html
INFO: [ app_init ] --START--
INFO: Run Behavior\BuildLiteBehavior [ RunTime:0.000000s ]
INFO: [ app_init ] --END-- [ RunTime:0.000000s ]
INFO: [ app_begin ] --START--
INFO: Run Behavior\ReadHtmlCacheBehavior [ RunTime:0.000000s ]
INFO: [ app_begin ] --END-- [ RunTime:0.000000s ]
SQL: SHOW COLUMNS FROM `wx_config` [ RunTime:0.0000s ]
SQL: SELECT `appid`,`appsecret`,`token`,`logo` FROM `wx_config` LIMIT 1   [ RunTime:0.0000s ]
SQL: select * from wx_privilege [ RunTime:0.0156s ]
INFO: [ view_parse ] --START--
INFO: [ template_filter ] --START--
INFO: Run Behavior\ContentReplaceBehavior [ RunTime:0.000000s ]
INFO: [ template_filter ] --END-- [ RunTime:0.000000s ]
INFO: Run Behavior\ParseTemplateBehavior [ RunTime:0.000000s ]
INFO: [ view_parse ] --END-- [ RunTime:0.000000s ]
INFO: [ view_filter ] --START--
INFO: Run Behavior\WriteHtmlCacheBehavior [ RunTime:0.000000s ]
INFO: [ view_filter ] --END-- [ RunTime:0.000000s ]
NOTIC: [8] Undefined index: HTTP_RAW_POST_DATA C:\web\weixin\wx\Application\Admin\Model\WeChatModel.class.php 第 223 行.

[ 2017-04-14T09:02:21+08:00 ] 218.241.251.144 /index.php/Admin/Index/info.html
INFO: [ app_init ] --START--
INFO: Run Behavior\BuildLiteBehavior [ RunTime:0.000000s ]
INFO: [ app_init ] --END-- [ RunTime:0.000000s ]
INFO: [ app_begin ] --START--
INFO: Run Behavior\ReadHtmlCacheBehavior [ RunTime:0.000000s ]
INFO: [ app_begin ] --END-- [ RunTime:0.000000s ]
SQL: SHOW COLUMNS FROM `wx_config` [ RunTime:0.0000s ]
SQL: SELECT * FROM `wx_config` LIMIT 1   [ RunTime:0.0000s ]
INFO: [ view_parse ] --START--
INFO: [ template_filter ] --START--
INFO: Run Behavior\ContentReplaceBehavior [ RunTime:0.000000s ]
INFO: [ template_filter ] --END-- [ RunTime:0.000000s ]
INFO: Run Behavior\ParseTemplateBehavior [ RunTime:0.000000s ]
INFO: [ view_parse ] --END-- [ RunTime:0.000000s ]
INFO: [ view_filter ] --START--
INFO: Run Behavior\WriteHtmlCacheBehavior [ RunTime:0.000000s ]
INFO: [ view_filter ] --END-- [ RunTime:0.000000s ]
INFO: [ app_end ] --START--
INFO: Run Behavior\ShowPageTraceBehavior [ RunTime:0.000000s ]
INFO: [ app_end ] --END-- [ RunTime:0.000000s ]

[ 2017-04-14T09:02:24+08:00 ] 218.241.251.144 /index.php/Admin/Goods/lst.html
INFO: [ app_init ] --START--
INFO: Run Behavior\BuildLiteBehavior [ RunTime:0.000000s ]
INFO: [ app_init ] --END-- [ RunTime:0.000000s ]
INFO: [ app_begin ] --START--
INFO: Run Behavior\ReadHtmlCacheBehavior [ RunTime:0.000000s ]
INFO: [ app_begin ] --END-- [ RunTime:0.000000s ]
SQL: select count(*) has from wx_privilege where module_name="Admin" and controller_name="Goods" and action_name="lst" [ RunTime:0.0000s ]
SQL: SHOW COLUMNS FROM `wx_goods` [ RunTime:0.0000s ]
SQL: SELECT COUNT(*) AS tp_count FROM wx_goods a WHERE `is_delete` = 0 LIMIT 1   [ RunTime:0.0000s ]
SQL: SELECT a.*,ifnull(sum(b.goods_number),0) gn FROM wx_goods a left join wx_goods_number b on a.id=b.goods_id  WHERE `is_delete` = 0 GROUP BY a.id LIMIT 0,5   [ RunTime:0.0000s ]
INFO: [ view_parse ] --START--
INFO: [ template_filter ] --START--
INFO: Run Behavior\ContentReplaceBehavior [ RunTime:0.000000s ]
INFO: [ template_filter ] --END-- [ RunTime:0.000000s ]
INFO: Run Behavior\ParseTemplateBehavior [ RunTime:0.015625s ]
INFO: [ view_parse ] --END-- [ RunTime:0.015625s ]
INFO: [ view_filter ] --START--
INFO: Run Behavior\WriteHtmlCacheBehavior [ RunTime:0.000000s ]
INFO: [ view_filter ] --END-- [ RunTime:0.000000s ]
INFO: [ app_end ] --START--
INFO: Run Behavior\ShowPageTraceBehavior [ RunTime:0.000000s ]
INFO: [ app_end ] --END-- [ RunTime:0.015625s ]

[ 2017-04-14T09:16:55+08:00 ] 218.241.251.144 /index.php/Admin/Order/wzf.html
INFO: [ app_init ] --START--
INFO: Run Behavior\BuildLiteBehavior [ RunTime:0.000000s ]
INFO: [ app_init ] --END-- [ RunTime:0.000000s ]
INFO: [ app_begin ] --START--
INFO: Run Behavior\ReadHtmlCacheBehavior [ RunTime:0.000000s ]
INFO: [ app_begin ] --END-- [ RunTime:0.000000s ]
SQL: select count(*) has from wx_privilege where module_name="Admin" and controller_name="Order" and action_name="wzf" [ RunTime:0.0000s ]
SQL: SHOW COLUMNS FROM `wx_order` [ RunTime:0.0000s ]
SQL: SELECT COUNT(*) AS tp_count FROM wx_order a WHERE `pay_status` = '0' LIMIT 1   [ RunTime:0.0000s ]
SQL: SELECT * FROM wx_order a WHERE `pay_status` = '0' LIMIT 0,5   [ RunTime:0.0000s ]
INFO: [ view_parse ] --START--
INFO: [ template_filter ] --START--
INFO: Run Behavior\ContentReplaceBehavior [ RunTime:0.000000s ]
INFO: [ template_filter ] --END-- [ RunTime:0.000000s ]
NOTIC: [8] Undefined index: goods_name C:\web\weixin\wx\Application\Runtime\Cache\Admin\abd8ea0c20621efd27fa5fa63ce1b444.php 第 53 行.
NOTIC: [8] Undefined index: goods_name C:\web\weixin\wx\Application\Runtime\Cache\Admin\abd8ea0c20621efd27fa5fa63ce1b444.php 第 53 行.
NOTIC: [8] Undefined index: goods_name C:\web\weixin\wx\Application\Runtime\Cache\Admin\abd8ea0c20621efd27fa5fa63ce1b444.php 第 53 行.
NOTIC: [8] Undefined index: goods_name C:\web\weixin\wx\Application\Runtime\Cache\Admin\abd8ea0c20621efd27fa5fa63ce1b444.php 第 53 行.
NOTIC: [8] Undefined index: goods_name C:\web\weixin\wx\Application\Runtime\Cache\Admin\abd8ea0c20621efd27fa5fa63ce1b444.php 第 53 行.
INFO: Run Behavior\ParseTemplateBehavior [ RunTime:0.015625s ]
INFO: [ view_parse ] --END-- [ RunTime:0.015625s ]
INFO: [ view_filter ] --START--
INFO: Run Behavior\WriteHtmlCacheBehavior [ RunTime:0.000000s ]
INFO: [ view_filter ] --END-- [ RunTime:0.000000s ]
INFO: [ app_end ] --START--
INFO: Run Behavior\ShowPageTraceBehavior [ RunTime:0.000000s ]
INFO: [ app_end ] --END-- [ RunTime:0.000000s ]

[ 2017-04-14T09:16:56+08:00 ] 218.241.251.144 /index.php/Admin/Order/yzf.html
INFO: [ app_init ] --START--
INFO: Run Behavior\BuildLiteBehavior [ RunTime:0.000000s ]
INFO: [ app_init ] --END-- [ RunTime:0.000000s ]
INFO: [ app_begin ] --START--
INFO: Run Behavior\ReadHtmlCacheBehavior [ RunTime:0.000000s ]
INFO: [ app_begin ] --END-- [ RunTime:0.000000s ]
SQL: select count(*) has from wx_privilege where module_name="Admin" and controller_name="Order" and action_name="yzf" [ RunTime:0.0000s ]
SQL: SHOW COLUMNS FROM `wx_order` [ RunTime:0.0000s ]
SQL: SELECT COUNT(*) AS tp_count FROM wx_order a WHERE `pay_status` = '1' LIMIT 1   [ RunTime:0.0000s ]
SQL: SELECT * FROM wx_order a WHERE `pay_status` = '1' LIMIT 0,5   [ RunTime:0.0000s ]
INFO: [ view_parse ] --START--
INFO: [ template_filter ] --START--
INFO: Run Behavior\ContentReplaceBehavior [ RunTime:0.000000s ]
INFO: [ template_filter ] --END-- [ RunTime:0.000000s ]
NOTIC: [8] Undefined index: goods_name C:\web\weixin\wx\Application\Runtime\Cache\Admin\b0e71c7ea32d5881986b694a4db025a5.php 第 53 行.
INFO: Run Behavior\ParseTemplateBehavior [ RunTime:0.015625s ]
INFO: [ view_parse ] --END-- [ RunTime:0.015625s ]
INFO: [ view_filter ] --START--
INFO: Run Behavior\WriteHtmlCacheBehavior [ RunTime:0.000000s ]
INFO: [ view_filter ] --END-- [ RunTime:0.000000s ]
INFO: [ app_end ] --START--
INFO: Run Behavior\ShowPageTraceBehavior [ RunTime:0.015625s ]
INFO: [ app_end ] --END-- [ RunTime:0.015625s ]

[ 2017-04-14T09:16:56+08:00 ] 218.241.251.144 /index.php/Admin/Order/wfh.html
INFO: [ app_init ] --START--
INFO: Run Behavior\BuildLiteBehavior [ RunTime:0.000000s ]
INFO: [ app_init ] --END-- [ RunTime:0.000000s ]
INFO: [ app_begin ] --START--
INFO: Run Behavior\ReadHtmlCacheBehavior [ RunTime:0.000000s ]
INFO: [ app_begin ] --END-- [ RunTime:0.000000s ]
SQL: select count(*) has from wx_privilege where module_name="Admin" and controller_name="Order" and action_name="wfh" [ RunTime:0.0000s ]
SQL: SHOW COLUMNS FROM `wx_order` [ RunTime:0.0000s ]
SQL: SELECT COUNT(*) AS tp_count FROM wx_order a WHERE `post_status` = '0' LIMIT 1   [ RunTime:0.0000s ]
SQL: SELECT * FROM wx_order a WHERE `post_status` = '0' LIMIT 0,5   [ RunTime:0.0000s ]
INFO: [ view_parse ] --START--
INFO: [ template_filter ] --START--
INFO: Run Behavior\ContentReplaceBehavior [ RunTime:0.000000s ]
INFO: [ template_filter ] --END-- [ RunTime:0.000000s ]
NOTIC: [8] Undefined index: goods_name C:\web\weixin\wx\Application\Runtime\Cache\Admin\05ee6c830f4b46925857c57d980b0fc1.php 第 53 行.
NOTIC: [8] Undefined index: goods_name C:\web\weixin\wx\Application\Runtime\Cache\Admin\05ee6c830f4b46925857c57d980b0fc1.php 第 53 行.
NOTIC: [8] Undefined index: goods_name C:\web\weixin\wx\Application\Runtime\Cache\Admin\05ee6c830f4b46925857c57d980b0fc1.php 第 53 行.
NOTIC: [8] Undefined index: goods_name C:\web\weixin\wx\Application\Runtime\Cache\Admin\05ee6c830f4b46925857c57d980b0fc1.php 第 53 行.
NOTIC: [8] Undefined index: goods_name C:\web\weixin\wx\Application\Runtime\Cache\Admin\05ee6c830f4b46925857c57d980b0fc1.php 第 53 行.
INFO: Run Behavior\ParseTemplateBehavior [ RunTime:0.031250s ]
INFO: [ view_parse ] --END-- [ RunTime:0.031250s ]
INFO: [ view_filter ] --START--
INFO: Run Behavior\WriteHtmlCacheBehavior [ RunTime:0.000000s ]
INFO: [ view_filter ] --END-- [ RunTime:0.000000s ]
INFO: [ app_end ] --START--
INFO: Run Behavior\ShowPageTraceBehavior [ RunTime:0.000000s ]
INFO: [ app_end ] --END-- [ RunTime:0.000000s ]

[ 2017-04-14T09:16:57+08:00 ] 218.241.251.144 /index.php/Admin/Order/yfh.html
INFO: [ app_init ] --START--
INFO: Run Behavior\BuildLiteBehavior [ RunTime:0.000000s ]
INFO: [ app_init ] --END-- [ RunTime:0.000000s ]
INFO: [ app_begin ] --START--
INFO: Run Behavior\ReadHtmlCacheBehavior [ RunTime:0.000000s ]
INFO: [ app_begin ] --END-- [ RunTime:0.000000s ]
SQL: select count(*) has from wx_privilege where module_name="Admin" and controller_name="Order" and action_name="yfh" [ RunTime:0.0000s ]
SQL: SHOW COLUMNS FROM `wx_order` [ RunTime:0.0000s ]
SQL: SELECT COUNT(*) AS tp_count FROM wx_order a WHERE `post_status` = '1' LIMIT 1   [ RunTime:0.0000s ]
SQL: SELECT * FROM wx_order a WHERE `post_status` = '1' LIMIT 0,5   [ RunTime:0.0000s ]
INFO: [ view_parse ] --START--
INFO: [ template_filter ] --START--
INFO: Run Behavior\ContentReplaceBehavior [ RunTime:0.000000s ]
INFO: [ template_filter ] --END-- [ RunTime:0.000000s ]
INFO: Run Behavior\ParseTemplateBehavior [ RunTime:0.031250s ]
INFO: [ view_parse ] --END-- [ RunTime:0.031250s ]
INFO: [ view_filter ] --START--
INFO: Run Behavior\WriteHtmlCacheBehavior [ RunTime:0.000000s ]
INFO: [ view_filter ] --END-- [ RunTime:0.000000s ]
INFO: [ app_end ] --START--
INFO: Run Behavior\ShowPageTraceBehavior [ RunTime:0.000000s ]
INFO: [ app_end ] --END-- [ RunTime:0.000000s ]

