[ 2017-01-06T09:15:54+08:00 ] 127.0.0.1 /index.php/Admin/Index/
INFO: [ app_init ] --START--
INFO: Run Behavior\BuildLiteBehavior [ RunTime:0.000036s ]
INFO: [ app_init ] --END-- [ RunTime:0.000843s ]
INFO: [ app_begin ] --START--
INFO: Run Behavior\ReadHtmlCacheBehavior [ RunTime:0.000517s ]
INFO: [ app_begin ] --END-- [ RunTime:0.000582s ]
NOTIC: [8] A session had already been started - ignoring session_start() D:\we\ThinkPHP\Common\functions.php 第 1263 行.

[ 2017-01-06T09:15:54+08:00 ] 127.0.0.1 /index.php/Admin/Login/login.html
INFO: [ app_init ] --START--
INFO: Run Behavior\BuildLiteBehavior [ RunTime:0.000015s ]
INFO: [ app_init ] --END-- [ RunTime:0.000340s ]
INFO: [ app_begin ] --START--
INFO: Run Behavior\ReadHtmlCacheBehavior [ RunTime:0.000437s ]
INFO: [ app_begin ] --END-- [ RunTime:0.000498s ]
NOTIC: [8] A session had already been started - ignoring session_start() D:\we\ThinkPHP\Common\functions.php 第 1263 行.
INFO: [ view_parse ] --START--
INFO: [ template_filter ] --START--
INFO: Run Behavior\ContentReplaceBehavior [ RunTime:0.000052s ]
INFO: [ template_filter ] --END-- [ RunTime:0.000128s ]
INFO: Run Behavior\ParseTemplateBehavior [ RunTime:0.010251s ]
INFO: [ view_parse ] --END-- [ RunTime:0.010321s ]
INFO: [ view_filter ] --START--
INFO: Run Behavior\WriteHtmlCacheBehavior [ RunTime:0.000305s ]
INFO: [ view_filter ] --END-- [ RunTime:0.000359s ]
INFO: [ app_end ] --START--
INFO: Run Behavior\ShowPageTraceBehavior [ RunTime:0.000514s ]
INFO: [ app_end ] --END-- [ RunTime:0.000573s ]

[ 2017-01-06T09:15:54+08:00 ] 127.0.0.1 /index.php/Admin/Login/chkcode.html
INFO: [ app_init ] --START--
INFO: Run Behavior\BuildLiteBehavior [ RunTime:0.000018s ]
INFO: [ app_init ] --END-- [ RunTime:0.000446s ]
INFO: [ app_begin ] --START--
INFO: Run Behavior\ReadHtmlCacheBehavior [ RunTime:0.000544s ]
INFO: [ app_begin ] --END-- [ RunTime:0.000607s ]
NOTIC: [8] A session had already been started - ignoring session_start() D:\we\ThinkPHP\Common\functions.php 第 1263 行.
INFO: [ app_end ] --START--
INFO: Run Behavior\ShowPageTraceBehavior [ RunTime:0.000639s ]
INFO: [ app_end ] --END-- [ RunTime:0.000720s ]

[ 2017-01-06T09:16:05+08:00 ] 127.0.0.1 /index.php/Admin/Login/login.html
INFO: [ app_init ] --START--
INFO: Run Behavior\BuildLiteBehavior [ RunTime:0.000031s ]
INFO: [ app_init ] --END-- [ RunTime:0.000708s ]
INFO: [ app_begin ] --START--
INFO: Run Behavior\ReadHtmlCacheBehavior [ RunTime:0.000836s ]
INFO: [ app_begin ] --END-- [ RunTime:0.000963s ]
NOTIC: [8] A session had already been started - ignoring session_start() D:\we\ThinkPHP\Common\functions.php 第 1263 行.
SQL: SHOW COLUMNS FROM `wx_admin` [ RunTime:0.0516s ]
NOTIC: [8] Undefined index: auto D:\we\ThinkPHP\Library\Think\Model.class.php 第 1128 行.
SQL: SELECT * FROM `wx_admin` WHERE `username` = 'admin' LIMIT 1   [ RunTime:0.0005s ]
INFO: [ view_parse ] --START--
INFO: [ template_filter ] --START--
INFO: Run Behavior\ContentReplaceBehavior [ RunTime:0.000084s ]
INFO: [ template_filter ] --END-- [ RunTime:0.000227s ]
INFO: Run Behavior\ParseTemplateBehavior [ RunTime:0.009555s ]
INFO: [ view_parse ] --END-- [ RunTime:0.009679s ]
INFO: [ view_filter ] --START--
INFO: Run Behavior\WriteHtmlCacheBehavior [ RunTime:0.000671s ]
INFO: [ view_filter ] --END-- [ RunTime:0.000782s ]

[ 2017-01-06T09:16:06+08:00 ] 127.0.0.1 /index.php/Admin/Login/login.html
INFO: [ app_init ] --START--
INFO: Run Behavior\BuildLiteBehavior [ RunTime:0.000025s ]
INFO: [ app_init ] --END-- [ RunTime:0.000597s ]
INFO: [ app_begin ] --START--
INFO: Run Behavior\ReadHtmlCacheBehavior [ RunTime:0.000699s ]
INFO: [ app_begin ] --END-- [ RunTime:0.000795s ]
NOTIC: [8] A session had already been started - ignoring session_start() D:\we\ThinkPHP\Common\functions.php 第 1263 行.
INFO: [ view_parse ] --START--
INFO: [ template_filter ] --START--
INFO: Run Behavior\ContentReplaceBehavior [ RunTime:0.000074s ]
INFO: [ template_filter ] --END-- [ RunTime:0.000182s ]
INFO: Run Behavior\ParseTemplateBehavior [ RunTime:0.007727s ]
INFO: [ view_parse ] --END-- [ RunTime:0.007821s ]
INFO: [ view_filter ] --START--
INFO: Run Behavior\WriteHtmlCacheBehavior [ RunTime:0.000439s ]
INFO: [ view_filter ] --END-- [ RunTime:0.000520s ]
INFO: [ app_end ] --START--
INFO: Run Behavior\ShowPageTraceBehavior [ RunTime:0.000692s ]
INFO: [ app_end ] --END-- [ RunTime:0.000781s ]

[ 2017-01-06T09:16:16+08:00 ] 127.0.0.1 /index.php/Admin/Login/chkcode.html?
INFO: [ app_init ] --START--
INFO: Run Behavior\BuildLiteBehavior [ RunTime:0.000030s ]
INFO: [ app_init ] --END-- [ RunTime:0.000637s ]
INFO: [ app_begin ] --START--
INFO: Run Behavior\ReadHtmlCacheBehavior [ RunTime:0.000956s ]
INFO: [ app_begin ] --END-- [ RunTime:0.001081s ]
NOTIC: [8] A session had already been started - ignoring session_start() D:\we\ThinkPHP\Common\functions.php 第 1263 行.
INFO: [ app_end ] --START--
INFO: Run Behavior\ShowPageTraceBehavior [ RunTime:0.000996s ]
INFO: [ app_end ] --END-- [ RunTime:0.001140s ]

[ 2017-01-06T09:16:17+08:00 ] 127.0.0.1 /index.php/Admin/Login/chkcode.html??
INFO: [ app_init ] --START--
INFO: Run Behavior\BuildLiteBehavior [ RunTime:0.000034s ]
INFO: [ app_init ] --END-- [ RunTime:0.000827s ]
INFO: [ app_begin ] --START--
INFO: Run Behavior\ReadHtmlCacheBehavior [ RunTime:0.000992s ]
INFO: [ app_begin ] --END-- [ RunTime:0.001132s ]
NOTIC: [8] A session had already been started - ignoring session_start() D:\we\ThinkPHP\Common\functions.php 第 1263 行.
INFO: [ app_end ] --START--
INFO: Run Behavior\ShowPageTraceBehavior [ RunTime:0.001110s ]
INFO: [ app_end ] --END-- [ RunTime:0.001273s ]

[ 2017-01-06T09:16:22+08:00 ] 127.0.0.1 /index.php/Admin/Login/chkcode.html???
INFO: [ app_init ] --START--
INFO: Run Behavior\BuildLiteBehavior [ RunTime:0.000053s ]
INFO: [ app_init ] --END-- [ RunTime:0.001193s ]
INFO: [ app_begin ] --START--
INFO: Run Behavior\ReadHtmlCacheBehavior [ RunTime:0.001535s ]
INFO: [ app_begin ] --END-- [ RunTime:0.001746s ]
NOTIC: [8] A session had already been started - ignoring session_start() D:\we\ThinkPHP\Common\functions.php 第 1263 行.
INFO: [ app_end ] --START--
INFO: Run Behavior\ShowPageTraceBehavior [ RunTime:0.001528s ]
INFO: [ app_end ] --END-- [ RunTime:0.001770s ]

[ 2017-01-06T09:16:24+08:00 ] 127.0.0.1 /index.php/Admin/Login/chkcode.html????
INFO: [ app_init ] --START--
INFO: Run Behavior\BuildLiteBehavior [ RunTime:0.000029s ]
INFO: [ app_init ] --END-- [ RunTime:0.000739s ]
INFO: [ app_begin ] --START--
INFO: Run Behavior\ReadHtmlCacheBehavior [ RunTime:0.000878s ]
INFO: [ app_begin ] --END-- [ RunTime:0.001000s ]
NOTIC: [8] A session had already been started - ignoring session_start() D:\we\ThinkPHP\Common\functions.php 第 1263 行.
INFO: [ app_end ] --START--
INFO: Run Behavior\ShowPageTraceBehavior [ RunTime:0.000845s ]
INFO: [ app_end ] --END-- [ RunTime:0.000974s ]

[ 2017-01-06T09:16:29+08:00 ] 127.0.0.1 /index.php/Admin/Login/login.html
INFO: [ app_init ] --START--
INFO: Run Behavior\BuildLiteBehavior [ RunTime:0.000033s ]
INFO: [ app_init ] --END-- [ RunTime:0.000712s ]
INFO: [ app_begin ] --START--
INFO: Run Behavior\ReadHtmlCacheBehavior [ RunTime:0.000874s ]
INFO: [ app_begin ] --END-- [ RunTime:0.001001s ]
NOTIC: [8] A session had already been started - ignoring session_start() D:\we\ThinkPHP\Common\functions.php 第 1263 行.
SQL: SHOW COLUMNS FROM `wx_admin` [ RunTime:0.0021s ]
NOTIC: [8] Undefined index: auto D:\we\ThinkPHP\Library\Think\Model.class.php 第 1128 行.
SQL: SELECT * FROM `wx_admin` WHERE `username` = 'admin' LIMIT 1   [ RunTime:0.0004s ]

[ 2017-01-06T09:16:29+08:00 ] 127.0.0.1 /index.php/Admin/Index/index.html
INFO: [ app_init ] --START--
INFO: Run Behavior\BuildLiteBehavior [ RunTime:0.000016s ]
INFO: [ app_init ] --END-- [ RunTime:0.000436s ]
INFO: [ app_begin ] --START--
INFO: Run Behavior\ReadHtmlCacheBehavior [ RunTime:0.000486s ]
INFO: [ app_begin ] --END-- [ RunTime:0.000550s ]
NOTIC: [8] A session had already been started - ignoring session_start() D:\we\ThinkPHP\Common\functions.php 第 1263 行.
SQL: SHOW COLUMNS FROM `wx_config` [ RunTime:0.0484s ]
SQL: SELECT `appid`,`appsecret`,`token`,`logo` FROM `wx_config` LIMIT 1   [ RunTime:0.0005s ]
SQL: select * from wx_privilege [ RunTime:0.0453s ]
INFO: [ view_parse ] --START--
INFO: [ template_filter ] --START--
INFO: Run Behavior\ContentReplaceBehavior [ RunTime:0.000122s ]
INFO: [ template_filter ] --END-- [ RunTime:0.000281s ]
INFO: Run Behavior\ParseTemplateBehavior [ RunTime:0.031972s ]
INFO: [ view_parse ] --END-- [ RunTime:0.032178s ]
INFO: [ view_filter ] --START--
INFO: Run Behavior\WriteHtmlCacheBehavior [ RunTime:0.000864s ]
INFO: [ view_filter ] --END-- [ RunTime:0.001011s ]
NOTIC: [8] Undefined index: HTTP_RAW_POST_DATA D:\we\Application\Admin\Model\WeChatModel.class.php 第 223 行.

[ 2017-01-06T09:16:29+08:00 ] 127.0.0.1 /index.php/Admin/Index/info.html
INFO: [ app_init ] --START--
INFO: Run Behavior\BuildLiteBehavior [ RunTime:0.000018s ]
INFO: [ app_init ] --END-- [ RunTime:0.000386s ]
INFO: [ app_begin ] --START--
INFO: Run Behavior\ReadHtmlCacheBehavior [ RunTime:0.000705s ]
INFO: [ app_begin ] --END-- [ RunTime:0.000862s ]
NOTIC: [8] A session had already been started - ignoring session_start() D:\we\ThinkPHP\Common\functions.php 第 1263 行.
SQL: SHOW COLUMNS FROM `wx_config` [ RunTime:0.0022s ]
SQL: SELECT * FROM `wx_config` LIMIT 1   [ RunTime:0.0002s ]
INFO: [ view_parse ] --START--
INFO: [ template_filter ] --START--
INFO: Run Behavior\ContentReplaceBehavior [ RunTime:0.000064s ]
INFO: [ template_filter ] --END-- [ RunTime:0.000129s ]
INFO: Run Behavior\ParseTemplateBehavior [ RunTime:0.029473s ]
INFO: [ view_parse ] --END-- [ RunTime:0.029539s ]
INFO: [ view_filter ] --START--
INFO: Run Behavior\WriteHtmlCacheBehavior [ RunTime:0.000292s ]
INFO: [ view_filter ] --END-- [ RunTime:0.000350s ]
INFO: [ app_end ] --START--
INFO: Run Behavior\ShowPageTraceBehavior [ RunTime:0.000490s ]
INFO: [ app_end ] --END-- [ RunTime:0.000546s ]

[ 2017-01-06T09:16:32+08:00 ] 127.0.0.1 /index.php/Admin/Index/info.html
INFO: [ app_init ] --START--
INFO: Run Behavior\BuildLiteBehavior [ RunTime:0.000018s ]
INFO: [ app_init ] --END-- [ RunTime:0.000386s ]
INFO: [ app_begin ] --START--
INFO: Run Behavior\ReadHtmlCacheBehavior [ RunTime:0.000443s ]
INFO: [ app_begin ] --END-- [ RunTime:0.000507s ]
NOTIC: [8] A session had already been started - ignoring session_start() D:\we\ThinkPHP\Common\functions.php 第 1263 行.
SQL: SHOW COLUMNS FROM `wx_config` [ RunTime:0.0022s ]
SQL: SELECT * FROM `wx_config` LIMIT 1   [ RunTime:0.0003s ]
INFO: [ view_parse ] --START--
INFO: [ template_filter ] --START--
INFO: Run Behavior\ContentReplaceBehavior [ RunTime:0.000063s ]
INFO: [ template_filter ] --END-- [ RunTime:0.000121s ]
INFO: Run Behavior\ParseTemplateBehavior [ RunTime:0.006195s ]
INFO: [ view_parse ] --END-- [ RunTime:0.006256s ]
INFO: [ view_filter ] --START--
INFO: Run Behavior\WriteHtmlCacheBehavior [ RunTime:0.000302s ]
INFO: [ view_filter ] --END-- [ RunTime:0.000358s ]
INFO: [ app_end ] --START--
INFO: Run Behavior\ShowPageTraceBehavior [ RunTime:0.000472s ]
INFO: [ app_end ] --END-- [ RunTime:0.000531s ]

[ 2017-01-06T09:16:34+08:00 ] 127.0.0.1 /index.php/Admin/Index/info.html
INFO: [ app_init ] --START--
INFO: Run Behavior\BuildLiteBehavior [ RunTime:0.000023s ]
INFO: [ app_init ] --END-- [ RunTime:0.000546s ]
INFO: [ app_begin ] --START--
INFO: Run Behavior\ReadHtmlCacheBehavior [ RunTime:0.000625s ]
INFO: [ app_begin ] --END-- [ RunTime:0.000709s ]
NOTIC: [8] A session had already been started - ignoring session_start() D:\we\ThinkPHP\Common\functions.php 第 1263 行.
SQL: SHOW COLUMNS FROM `wx_config` [ RunTime:0.0022s ]
SQL: SELECT * FROM `wx_config` LIMIT 1   [ RunTime:0.0002s ]
INFO: [ view_parse ] --START--
INFO: [ template_filter ] --START--
INFO: Run Behavior\ContentReplaceBehavior [ RunTime:0.000060s ]
INFO: [ template_filter ] --END-- [ RunTime:0.000117s ]
INFO: Run Behavior\ParseTemplateBehavior [ RunTime:0.006285s ]
INFO: [ view_parse ] --END-- [ RunTime:0.006353s ]
INFO: [ view_filter ] --START--
INFO: Run Behavior\WriteHtmlCacheBehavior [ RunTime:0.000305s ]
INFO: [ view_filter ] --END-- [ RunTime:0.000361s ]
INFO: [ app_end ] --START--
INFO: Run Behavior\ShowPageTraceBehavior [ RunTime:0.000591s ]
INFO: [ app_end ] --END-- [ RunTime:0.000649s ]

[ 2017-01-06T09:16:52+08:00 ] 127.0.0.1 /index.php/Admin/Index/ajaxLogoUpload/type_id/1
INFO: [ app_init ] --START--
INFO: Run Behavior\BuildLiteBehavior [ RunTime:0.000017s ]
INFO: [ app_init ] --END-- [ RunTime:0.000396s ]
INFO: [ app_begin ] --START--
INFO: Run Behavior\ReadHtmlCacheBehavior [ RunTime:0.000459s ]
INFO: [ app_begin ] --END-- [ RunTime:0.000524s ]
NOTIC: [8] A session had already been started - ignoring session_start() D:\we\ThinkPHP\Common\functions.php 第 1263 行.
SQL: SHOW COLUMNS FROM `wx_config` [ RunTime:0.0024s ]
SQL: SELECT `logo` FROM `wx_config` LIMIT 1   [ RunTime:0.0002s ]
SQL: UPDATE `wx_config` SET `logo`='/Public/Admin/images/20150616111750118.jpg' WHERE `id` = 1 [ RunTime:0.0004s ]
INFO: [ app_end ] --START--
INFO: Run Behavior\ShowPageTraceBehavior [ RunTime:0.000624s ]
INFO: [ app_end ] --END-- [ RunTime:0.000689s ]

[ 2017-01-06T09:16:55+08:00 ] 127.0.0.1 /index.php/Admin/Index/index.html
INFO: [ app_init ] --START--
INFO: Run Behavior\BuildLiteBehavior [ RunTime:0.000036s ]
INFO: [ app_init ] --END-- [ RunTime:0.000874s ]
INFO: [ app_begin ] --START--
INFO: Run Behavior\ReadHtmlCacheBehavior [ RunTime:0.001027s ]
INFO: [ app_begin ] --END-- [ RunTime:0.001170s ]
NOTIC: [8] A session had already been started - ignoring session_start() D:\we\ThinkPHP\Common\functions.php 第 1263 行.
SQL: SHOW COLUMNS FROM `wx_config` [ RunTime:0.0025s ]
SQL: SELECT `appid`,`appsecret`,`token`,`logo` FROM `wx_config` LIMIT 1   [ RunTime:0.0002s ]
SQL: select * from wx_privilege [ RunTime:0.0003s ]
INFO: [ view_parse ] --START--
INFO: [ template_filter ] --START--
INFO: Run Behavior\ContentReplaceBehavior [ RunTime:0.000060s ]
INFO: [ template_filter ] --END-- [ RunTime:0.000134s ]
INFO: Run Behavior\ParseTemplateBehavior [ RunTime:0.007321s ]
INFO: [ view_parse ] --END-- [ RunTime:0.007398s ]
INFO: [ view_filter ] --START--
INFO: Run Behavior\WriteHtmlCacheBehavior [ RunTime:0.000408s ]
INFO: [ view_filter ] --END-- [ RunTime:0.000478s ]
NOTIC: [8] Undefined index: HTTP_RAW_POST_DATA D:\we\Application\Admin\Model\WeChatModel.class.php 第 223 行.

[ 2017-01-06T09:16:55+08:00 ] 127.0.0.1 /index.php/Admin/Index/info.html
INFO: [ app_init ] --START--
INFO: Run Behavior\BuildLiteBehavior [ RunTime:0.000022s ]
INFO: [ app_init ] --END-- [ RunTime:0.000410s ]
INFO: [ app_begin ] --START--
INFO: Run Behavior\ReadHtmlCacheBehavior [ RunTime:0.000776s ]
INFO: [ app_begin ] --END-- [ RunTime:0.000871s ]
NOTIC: [8] A session had already been started - ignoring session_start() D:\we\ThinkPHP\Common\functions.php 第 1263 行.
SQL: SHOW COLUMNS FROM `wx_config` [ RunTime:0.0030s ]
SQL: SELECT * FROM `wx_config` LIMIT 1   [ RunTime:0.0002s ]
INFO: [ view_parse ] --START--
INFO: [ template_filter ] --START--
INFO: Run Behavior\ContentReplaceBehavior [ RunTime:0.000115s ]
INFO: [ template_filter ] --END-- [ RunTime:0.000242s ]
INFO: Run Behavior\ParseTemplateBehavior [ RunTime:0.007413s ]
INFO: [ view_parse ] --END-- [ RunTime:0.007480s ]
INFO: [ view_filter ] --START--
INFO: Run Behavior\WriteHtmlCacheBehavior [ RunTime:0.000288s ]
INFO: [ view_filter ] --END-- [ RunTime:0.000344s ]
INFO: [ app_end ] --START--
INFO: Run Behavior\ShowPageTraceBehavior [ RunTime:0.000450s ]
INFO: [ app_end ] --END-- [ RunTime:0.000509s ]

[ 2017-01-06T09:17:17+08:00 ] 127.0.0.1 /index.php/Admin/Goods/lst.html
INFO: [ app_init ] --START--
INFO: Run Behavior\BuildLiteBehavior [ RunTime:0.000027s ]
INFO: [ app_init ] --END-- [ RunTime:0.000672s ]
INFO: [ app_begin ] --START--
INFO: Run Behavior\ReadHtmlCacheBehavior [ RunTime:0.000843s ]
INFO: [ app_begin ] --END-- [ RunTime:0.000948s ]
NOTIC: [8] A session had already been started - ignoring session_start() D:\we\ThinkPHP\Common\functions.php 第 1263 行.
SQL: select count(*) has from wx_privilege where module_name="Admin" and controller_name="Goods" and action_name="lst" [ RunTime:0.0004s ]
SQL: SHOW COLUMNS FROM `wx_goods` [ RunTime:0.0033s ]
SQL: SELECT COUNT(*) AS tp_count FROM wx_goods a WHERE `is_delete` = 0 LIMIT 1   [ RunTime:0.0003s ]
SQL: SELECT * FROM wx_goods a WHERE `is_delete` = 0 LIMIT 0,5   [ RunTime:0.0006s ]
INFO: [ view_parse ] --START--
INFO: [ template_filter ] --START--
INFO: Run Behavior\ContentReplaceBehavior [ RunTime:0.000108s ]
INFO: [ template_filter ] --END-- [ RunTime:0.000219s ]
INFO: Run Behavior\ParseTemplateBehavior [ RunTime:0.021679s ]
INFO: [ view_parse ] --END-- [ RunTime:0.021785s ]
INFO: [ view_filter ] --START--
INFO: Run Behavior\WriteHtmlCacheBehavior [ RunTime:0.000495s ]
INFO: [ view_filter ] --END-- [ RunTime:0.000588s ]
INFO: [ app_end ] --START--
INFO: Run Behavior\ShowPageTraceBehavior [ RunTime:0.000751s ]
INFO: [ app_end ] --END-- [ RunTime:0.000848s ]

[ 2017-01-06T09:17:18+08:00 ] 127.0.0.1 /index.php/Admin/Type/lst.html
INFO: [ app_init ] --START--
INFO: Run Behavior\BuildLiteBehavior [ RunTime:0.000030s ]
INFO: [ app_init ] --END-- [ RunTime:0.000652s ]
INFO: [ app_begin ] --START--
INFO: Run Behavior\ReadHtmlCacheBehavior [ RunTime:0.000784s ]
INFO: [ app_begin ] --END-- [ RunTime:0.000904s ]
NOTIC: [8] A session had already been started - ignoring session_start() D:\we\ThinkPHP\Common\functions.php 第 1263 行.
SQL: select count(*) has from wx_privilege where module_name="Admin" and controller_name="Type" and action_name="lst" [ RunTime:0.0003s ]
SQL: SHOW COLUMNS FROM `wx_type` [ RunTime:0.0311s ]
NOTIC: [8] Undefined variable: where D:\we\Application\Admin\Model\TypeModel.class.php 第 41 行.
SQL: SELECT COUNT(*) AS tp_count FROM wx_type a LIMIT 1   [ RunTime:0.0002s ]
NOTIC: [8] Undefined variable: where D:\we\Application\Admin\Model\TypeModel.class.php 第 47 行.
SQL: SELECT * FROM wx_type a LIMIT 0,5   [ RunTime:0.0002s ]
INFO: [ view_parse ] --START--
INFO: [ template_filter ] --START--
INFO: Run Behavior\ContentReplaceBehavior [ RunTime:0.000148s ]
INFO: [ template_filter ] --END-- [ RunTime:0.000309s ]
INFO: Run Behavior\ParseTemplateBehavior [ RunTime:0.029616s ]
INFO: [ view_parse ] --END-- [ RunTime:0.029755s ]
INFO: [ view_filter ] --START--
INFO: Run Behavior\WriteHtmlCacheBehavior [ RunTime:0.000685s ]
INFO: [ view_filter ] --END-- [ RunTime:0.000846s ]
INFO: [ app_end ] --START--
INFO: Run Behavior\ShowPageTraceBehavior [ RunTime:0.001142s ]
INFO: [ app_end ] --END-- [ RunTime:0.001293s ]

[ 2017-01-06T09:17:20+08:00 ] 127.0.0.1 /index.php/Admin/Goods/lst.html
INFO: [ app_init ] --START--
INFO: Run Behavior\BuildLiteBehavior [ RunTime:0.000031s ]
INFO: [ app_init ] --END-- [ RunTime:0.000745s ]
INFO: [ app_begin ] --START--
INFO: Run Behavior\ReadHtmlCacheBehavior [ RunTime:0.000892s ]
INFO: [ app_begin ] --END-- [ RunTime:0.001014s ]
NOTIC: [8] A session had already been started - ignoring session_start() D:\we\ThinkPHP\Common\functions.php 第 1263 行.
SQL: select count(*) has from wx_privilege where module_name="Admin" and controller_name="Goods" and action_name="lst" [ RunTime:0.0003s ]
SQL: SHOW COLUMNS FROM `wx_goods` [ RunTime:0.0023s ]
SQL: SELECT COUNT(*) AS tp_count FROM wx_goods a WHERE `is_delete` = 0 LIMIT 1   [ RunTime:0.0003s ]
SQL: SELECT * FROM wx_goods a WHERE `is_delete` = 0 LIMIT 0,5   [ RunTime:0.0003s ]
INFO: [ view_parse ] --START--
INFO: [ template_filter ] --START--
INFO: Run Behavior\ContentReplaceBehavior [ RunTime:0.000070s ]
INFO: [ template_filter ] --END-- [ RunTime:0.000134s ]
INFO: Run Behavior\ParseTemplateBehavior [ RunTime:0.007430s ]
INFO: [ view_parse ] --END-- [ RunTime:0.007507s ]
INFO: [ view_filter ] --START--
INFO: Run Behavior\WriteHtmlCacheBehavior [ RunTime:0.000284s ]
INFO: [ view_filter ] --END-- [ RunTime:0.000353s ]
INFO: [ app_end ] --START--
INFO: Run Behavior\ShowPageTraceBehavior [ RunTime:0.000444s ]
INFO: [ app_end ] --END-- [ RunTime:0.000508s ]

[ 2017-01-06T09:17:20+08:00 ] 127.0.0.1 /index.php/Admin/Goods/lst.html
INFO: [ app_init ] --START--
INFO: Run Behavior\BuildLiteBehavior [ RunTime:0.000050s ]
INFO: [ app_init ] --END-- [ RunTime:0.001225s ]
INFO: [ app_begin ] --START--
INFO: Run Behavior\ReadHtmlCacheBehavior [ RunTime:0.001432s ]
INFO: [ app_begin ] --END-- [ RunTime:0.001645s ]
NOTIC: [8] A session had already been started - ignoring session_start() D:\we\ThinkPHP\Common\functions.php 第 1263 行.
SQL: select count(*) has from wx_privilege where module_name="Admin" and controller_name="Goods" and action_name="lst" [ RunTime:0.0005s ]
SQL: SHOW COLUMNS FROM `wx_goods` [ RunTime:0.0039s ]
SQL: SELECT COUNT(*) AS tp_count FROM wx_goods a WHERE `is_delete` = 0 LIMIT 1   [ RunTime:0.0004s ]
SQL: SELECT * FROM wx_goods a WHERE `is_delete` = 0 LIMIT 0,5   [ RunTime:0.0007s ]
INFO: [ view_parse ] --START--
INFO: [ template_filter ] --START--
INFO: Run Behavior\ContentReplaceBehavior [ RunTime:0.000185s ]
INFO: [ template_filter ] --END-- [ RunTime:0.000362s ]
INFO: Run Behavior\ParseTemplateBehavior [ RunTime:0.019414s ]
INFO: [ view_parse ] --END-- [ RunTime:0.019618s ]
INFO: [ view_filter ] --START--
INFO: Run Behavior\WriteHtmlCacheBehavior [ RunTime:0.000800s ]
INFO: [ view_filter ] --END-- [ RunTime:0.000989s ]
INFO: [ app_end ] --START--
INFO: Run Behavior\ShowPageTraceBehavior [ RunTime:0.001311s ]
INFO: [ app_end ] --END-- [ RunTime:0.001489s ]

[ 2017-01-06T09:18:29+08:00 ] 127.0.0.1 /index.php/Admin/Keyword/lst.html
INFO: [ app_init ] --START--
INFO: Run Behavior\BuildLiteBehavior [ RunTime:0.000028s ]
INFO: [ app_init ] --END-- [ RunTime:0.000649s ]
INFO: [ app_begin ] --START--
INFO: Run Behavior\ReadHtmlCacheBehavior [ RunTime:0.000760s ]
INFO: [ app_begin ] --END-- [ RunTime:0.000864s ]
NOTIC: [8] A session had already been started - ignoring session_start() D:\we\ThinkPHP\Common\functions.php 第 1263 行.
SQL: select count(*) has from wx_privilege where module_name="Admin" and controller_name="Keyword" and action_name="lst" [ RunTime:0.0005s ]
SQL: SHOW COLUMNS FROM `wx_keyword` [ RunTime:0.0336s ]
NOTIC: [8] Undefined variable: where D:\we\Application\Admin\Model\KeywordModel.class.php 第 35 行.
SQL: SELECT COUNT(*) AS tp_count FROM wx_keyword a LIMIT 1   [ RunTime:0.0004s ]
NOTIC: [8] Undefined variable: where D:\we\Application\Admin\Model\KeywordModel.class.php 第 42 行.
SQL: SELECT * FROM wx_keyword a LIMIT 0,2   [ RunTime:0.0003s ]
INFO: [ view_parse ] --START--
INFO: [ template_filter ] --START--
INFO: Run Behavior\ContentReplaceBehavior [ RunTime:0.000096s ]
INFO: [ template_filter ] --END-- [ RunTime:0.000200s ]
INFO: Run Behavior\ParseTemplateBehavior [ RunTime:0.018146s ]
INFO: [ view_parse ] --END-- [ RunTime:0.018265s ]
INFO: [ view_filter ] --START--
INFO: Run Behavior\WriteHtmlCacheBehavior [ RunTime:0.000473s ]
INFO: [ view_filter ] --END-- [ RunTime:0.000574s ]
INFO: [ app_end ] --START--
INFO: Run Behavior\ShowPageTraceBehavior [ RunTime:0.000770s ]
INFO: [ app_end ] --END-- [ RunTime:0.000868s ]

[ 2017-01-06T09:18:30+08:00 ] 127.0.0.1 /index.php/Admin/Attention/index.html
INFO: [ app_init ] --START--
INFO: Run Behavior\BuildLiteBehavior [ RunTime:0.000031s ]
INFO: [ app_init ] --END-- [ RunTime:0.000630s ]
INFO: [ app_begin ] --START--
INFO: Run Behavior\ReadHtmlCacheBehavior [ RunTime:0.000809s ]
INFO: [ app_begin ] --END-- [ RunTime:0.000930s ]
NOTIC: [8] A session had already been started - ignoring session_start() D:\we\ThinkPHP\Common\functions.php 第 1263 行.
SQL: select count(*) has from wx_privilege where module_name="Admin" and controller_name="Attention" and action_name="index" [ RunTime:0.0005s ]
SQL: SHOW COLUMNS FROM `wx_attention` [ RunTime:0.0474s ]
SQL: SELECT * FROM `wx_attention` LIMIT 1   [ RunTime:0.0008s ]
INFO: [ view_parse ] --START--
INFO: [ template_filter ] --START--
INFO: Run Behavior\ContentReplaceBehavior [ RunTime:0.000138s ]
INFO: [ template_filter ] --END-- [ RunTime:0.000343s ]
INFO: Run Behavior\ParseTemplateBehavior [ RunTime:0.036347s ]
INFO: [ view_parse ] --END-- [ RunTime:0.036628s ]
INFO: [ view_filter ] --START--
INFO: Run Behavior\WriteHtmlCacheBehavior [ RunTime:0.000856s ]
INFO: [ view_filter ] --END-- [ RunTime:0.001067s ]
INFO: [ app_end ] --START--
INFO: Run Behavior\ShowPageTraceBehavior [ RunTime:0.001431s ]
INFO: [ app_end ] --END-- [ RunTime:0.001628s ]

[ 2017-01-06T09:18:31+08:00 ] 127.0.0.1 /index.php/Admin/Keyword/lst.html
INFO: [ app_init ] --START--
INFO: Run Behavior\BuildLiteBehavior [ RunTime:0.000035s ]
INFO: [ app_init ] --END-- [ RunTime:0.000819s ]
INFO: [ app_begin ] --START--
INFO: Run Behavior\ReadHtmlCacheBehavior [ RunTime:0.000928s ]
INFO: [ app_begin ] --END-- [ RunTime:0.001070s ]
NOTIC: [8] A session had already been started - ignoring session_start() D:\we\ThinkPHP\Common\functions.php 第 1263 行.
SQL: select count(*) has from wx_privilege where module_name="Admin" and controller_name="Keyword" and action_name="lst" [ RunTime:0.0003s ]
SQL: SHOW COLUMNS FROM `wx_keyword` [ RunTime:0.0023s ]
NOTIC: [8] Undefined variable: where D:\we\Application\Admin\Model\KeywordModel.class.php 第 35 行.
SQL: SELECT COUNT(*) AS tp_count FROM wx_keyword a LIMIT 1   [ RunTime:0.0002s ]
NOTIC: [8] Undefined variable: where D:\we\Application\Admin\Model\KeywordModel.class.php 第 42 行.
SQL: SELECT * FROM wx_keyword a LIMIT 0,2   [ RunTime:0.0002s ]
INFO: [ view_parse ] --START--
INFO: [ template_filter ] --START--
INFO: Run Behavior\ContentReplaceBehavior [ RunTime:0.000058s ]
INFO: [ template_filter ] --END-- [ RunTime:0.000118s ]
INFO: Run Behavior\ParseTemplateBehavior [ RunTime:0.005708s ]
INFO: [ view_parse ] --END-- [ RunTime:0.005778s ]
INFO: [ view_filter ] --START--
INFO: Run Behavior\WriteHtmlCacheBehavior [ RunTime:0.000240s ]
INFO: [ view_filter ] --END-- [ RunTime:0.000298s ]
INFO: [ app_end ] --START--
INFO: Run Behavior\ShowPageTraceBehavior [ RunTime:0.000431s ]
INFO: [ app_end ] --END-- [ RunTime:0.000489s ]

[ 2017-01-06T09:18:31+08:00 ] 127.0.0.1 /index.php/Admin/Index/info.html
INFO: [ app_init ] --START--
INFO: Run Behavior\BuildLiteBehavior [ RunTime:0.000030s ]
INFO: [ app_init ] --END-- [ RunTime:0.000646s ]
INFO: [ app_begin ] --START--
INFO: Run Behavior\ReadHtmlCacheBehavior [ RunTime:0.000804s ]
INFO: [ app_begin ] --END-- [ RunTime:0.000927s ]
NOTIC: [8] A session had already been started - ignoring session_start() D:\we\ThinkPHP\Common\functions.php 第 1263 行.
SQL: SHOW COLUMNS FROM `wx_config` [ RunTime:0.0024s ]
SQL: SELECT * FROM `wx_config` LIMIT 1   [ RunTime:0.0002s ]
INFO: [ view_parse ] --START--
INFO: [ template_filter ] --START--
INFO: Run Behavior\ContentReplaceBehavior [ RunTime:0.000076s ]
INFO: [ template_filter ] --END-- [ RunTime:0.000147s ]
INFO: Run Behavior\ParseTemplateBehavior [ RunTime:0.007333s ]
INFO: [ view_parse ] --END-- [ RunTime:0.007416s ]
INFO: [ view_filter ] --START--
INFO: Run Behavior\WriteHtmlCacheBehavior [ RunTime:0.000363s ]
INFO: [ view_filter ] --END-- [ RunTime:0.000438s ]
INFO: [ app_end ] --START--
INFO: Run Behavior\ShowPageTraceBehavior [ RunTime:0.000571s ]
INFO: [ app_end ] --END-- [ RunTime:0.000644s ]

[ 2017-01-06T09:21:47+08:00 ] 127.0.0.1 /index.php/Admin/Goods/lst.html
INFO: [ app_init ] --START--
INFO: Run Behavior\BuildLiteBehavior [ RunTime:0.000031s ]
INFO: [ app_init ] --END-- [ RunTime:0.000790s ]
INFO: [ app_begin ] --START--
INFO: Run Behavior\ReadHtmlCacheBehavior [ RunTime:0.000954s ]
INFO: [ app_begin ] --END-- [ RunTime:0.001080s ]
NOTIC: [8] A session had already been started - ignoring session_start() D:\we\ThinkPHP\Common\functions.php 第 1263 行.
SQL: select count(*) has from wx_privilege where module_name="Admin" and controller_name="Goods" and action_name="lst" [ RunTime:0.0004s ]
SQL: SHOW COLUMNS FROM `wx_goods` [ RunTime:0.0028s ]
SQL: SELECT COUNT(*) AS tp_count FROM wx_goods a WHERE `is_delete` = 0 LIMIT 1   [ RunTime:0.0003s ]
SQL: SELECT * FROM wx_goods a WHERE `is_delete` = 0 LIMIT 0,5   [ RunTime:0.0003s ]
INFO: [ view_parse ] --START--
INFO: [ template_filter ] --START--
INFO: Run Behavior\ContentReplaceBehavior [ RunTime:0.000087s ]
INFO: [ template_filter ] --END-- [ RunTime:0.000162s ]
INFO: Run Behavior\ParseTemplateBehavior [ RunTime:0.009042s ]
INFO: [ view_parse ] --END-- [ RunTime:0.009132s ]
INFO: [ view_filter ] --START--
INFO: Run Behavior\WriteHtmlCacheBehavior [ RunTime:0.000389s ]
INFO: [ view_filter ] --END-- [ RunTime:0.000471s ]
INFO: [ app_end ] --START--
INFO: Run Behavior\ShowPageTraceBehavior [ RunTime:0.000599s ]
INFO: [ app_end ] --END-- [ RunTime:0.000677s ]

[ 2017-01-06T09:21:48+08:00 ] 127.0.0.1 /index.php/Admin/Type/lst.html
INFO: [ app_init ] --START--
INFO: Run Behavior\BuildLiteBehavior [ RunTime:0.000023s ]
INFO: [ app_init ] --END-- [ RunTime:0.000569s ]
INFO: [ app_begin ] --START--
INFO: Run Behavior\ReadHtmlCacheBehavior [ RunTime:0.000668s ]
INFO: [ app_begin ] --END-- [ RunTime:0.000759s ]
NOTIC: [8] A session had already been started - ignoring session_start() D:\we\ThinkPHP\Common\functions.php 第 1263 行.
SQL: select count(*) has from wx_privilege where module_name="Admin" and controller_name="Type" and action_name="lst" [ RunTime:0.0003s ]
SQL: SHOW COLUMNS FROM `wx_type` [ RunTime:0.0027s ]
NOTIC: [8] Undefined variable: where D:\we\Application\Admin\Model\TypeModel.class.php 第 41 行.
SQL: SELECT COUNT(*) AS tp_count FROM wx_type a LIMIT 1   [ RunTime:0.0002s ]
NOTIC: [8] Undefined variable: where D:\we\Application\Admin\Model\TypeModel.class.php 第 47 行.
SQL: SELECT * FROM wx_type a LIMIT 0,5   [ RunTime:0.0002s ]
INFO: [ view_parse ] --START--
INFO: [ template_filter ] --START--
INFO: Run Behavior\ContentReplaceBehavior [ RunTime:0.000085s ]
INFO: [ template_filter ] --END-- [ RunTime:0.000168s ]
INFO: Run Behavior\ParseTemplateBehavior [ RunTime:0.008241s ]
INFO: [ view_parse ] --END-- [ RunTime:0.008339s ]
INFO: [ view_filter ] --START--
INFO: Run Behavior\WriteHtmlCacheBehavior [ RunTime:0.000333s ]
INFO: [ view_filter ] --END-- [ RunTime:0.000417s ]
INFO: [ app_end ] --START--
INFO: Run Behavior\ShowPageTraceBehavior [ RunTime:0.000584s ]
INFO: [ app_end ] --END-- [ RunTime:0.000667s ]

[ 2017-01-06T09:21:48+08:00 ] 127.0.0.1 /index.php/Admin/Category/lst.html
INFO: [ app_init ] --START--
INFO: Run Behavior\BuildLiteBehavior [ RunTime:0.000041s ]
INFO: [ app_init ] --END-- [ RunTime:0.000897s ]
INFO: [ app_begin ] --START--
INFO: Run Behavior\ReadHtmlCacheBehavior [ RunTime:0.001093s ]
INFO: [ app_begin ] --END-- [ RunTime:0.001254s ]
NOTIC: [8] A session had already been started - ignoring session_start() D:\we\ThinkPHP\Common\functions.php 第 1263 行.
SQL: select count(*) has from wx_privilege where module_name="Admin" and controller_name="Category" and action_name="lst" [ RunTime:0.0003s ]
SQL: SHOW COLUMNS FROM `wx_category` [ RunTime:0.0243s ]
SQL: SELECT * FROM `wx_category`  [ RunTime:0.0007s ]
INFO: [ view_parse ] --START--
INFO: [ template_filter ] --START--
INFO: Run Behavior\ContentReplaceBehavior [ RunTime:0.000124s ]
INFO: [ template_filter ] --END-- [ RunTime:0.000288s ]
NOTIC: [8] Undefined variable: page D:\we\Application\Runtime\Cache\Admin\395c0ba78bddab9d6617dcec0f2fd9a9.php 第 40 行.
INFO: Run Behavior\ParseTemplateBehavior [ RunTime:0.024674s ]
INFO: [ view_parse ] --END-- [ RunTime:0.024861s ]
INFO: [ view_filter ] --START--
INFO: Run Behavior\WriteHtmlCacheBehavior [ RunTime:0.000606s ]
INFO: [ view_filter ] --END-- [ RunTime:0.000740s ]
INFO: [ app_end ] --START--
INFO: Run Behavior\ShowPageTraceBehavior [ RunTime:0.001041s ]
INFO: [ app_end ] --END-- [ RunTime:0.001172s ]

[ 2017-01-06T09:21:49+08:00 ] 127.0.0.1 /index.php/Admin/Goods/recyclelst.html
INFO: [ app_init ] --START--
INFO: Run Behavior\BuildLiteBehavior [ RunTime:0.000032s ]
INFO: [ app_init ] --END-- [ RunTime:0.000743s ]
INFO: [ app_begin ] --START--
INFO: Run Behavior\ReadHtmlCacheBehavior [ RunTime:0.000880s ]
INFO: [ app_begin ] --END-- [ RunTime:0.001004s ]
NOTIC: [8] A session had already been started - ignoring session_start() D:\we\ThinkPHP\Common\functions.php 第 1263 行.
SQL: select count(*) has from wx_privilege where module_name="Admin" and controller_name="Goods" and action_name="recyclelst" [ RunTime:0.0004s ]
SQL: SHOW COLUMNS FROM `wx_goods` [ RunTime:0.0036s ]
SQL: SELECT COUNT(*) AS tp_count FROM wx_goods a WHERE `is_delete` = 1 LIMIT 1   [ RunTime:0.0002s ]
SQL: SELECT * FROM wx_goods a WHERE `is_delete` = 1 LIMIT 0,5   [ RunTime:0.0003s ]
INFO: [ view_parse ] --START--
INFO: [ template_filter ] --START--
INFO: Run Behavior\ContentReplaceBehavior [ RunTime:0.000081s ]
INFO: [ template_filter ] --END-- [ RunTime:0.000164s ]
INFO: Run Behavior\ParseTemplateBehavior [ RunTime:0.013392s ]
INFO: [ view_parse ] --END-- [ RunTime:0.013474s ]
INFO: [ view_filter ] --START--
INFO: Run Behavior\WriteHtmlCacheBehavior [ RunTime:0.000363s ]
INFO: [ view_filter ] --END-- [ RunTime:0.000438s ]
INFO: [ app_end ] --START--
INFO: Run Behavior\ShowPageTraceBehavior [ RunTime:0.000570s ]
INFO: [ app_end ] --END-- [ RunTime:0.000644s ]

[ 2017-01-06T10:32:03+08:00 ] 127.0.0.1 /index.php/Admin/Goods/lst.html
INFO: [ app_init ] --START--
INFO: Run Behavior\BuildLiteBehavior [ RunTime:0.000017s ]
INFO: [ app_init ] --END-- [ RunTime:0.000368s ]
INFO: [ app_begin ] --START--
INFO: Run Behavior\ReadHtmlCacheBehavior [ RunTime:0.000626s ]
INFO: [ app_begin ] --END-- [ RunTime:0.000700s ]
NOTIC: [8] A session had already been started - ignoring session_start() D:\we\ThinkPHP\Common\functions.php 第 1263 行.
SQL: select count(*) has from wx_privilege where module_name="Admin" and controller_name="Goods" and action_name="lst" [ RunTime:0.0004s ]
SQL: SHOW COLUMNS FROM `wx_goods` [ RunTime:0.0025s ]
SQL: SELECT COUNT(*) AS tp_count FROM wx_goods a WHERE `is_delete` = 0 LIMIT 1   [ RunTime:0.0003s ]
SQL: SELECT * FROM wx_goods a WHERE `is_delete` = 0 LIMIT 0,5   [ RunTime:0.0003s ]
INFO: [ view_parse ] --START--
INFO: [ template_filter ] --START--
INFO: Run Behavior\ContentReplaceBehavior [ RunTime:0.000106s ]
INFO: [ template_filter ] --END-- [ RunTime:0.000195s ]
INFO: Run Behavior\ParseTemplateBehavior [ RunTime:0.007730s ]
INFO: [ view_parse ] --END-- [ RunTime:0.007795s ]
INFO: [ view_filter ] --START--
INFO: Run Behavior\WriteHtmlCacheBehavior [ RunTime:0.000417s ]
INFO: [ view_filter ] --END-- [ RunTime:0.000473s ]
INFO: [ app_end ] --START--
INFO: Run Behavior\ShowPageTraceBehavior [ RunTime:0.000659s ]
INFO: [ app_end ] --END-- [ RunTime:0.000748s ]

[ 2017-01-06T10:32:05+08:00 ] 127.0.0.1 /index.php/Admin/Goods/goods_number/id/46/goods_name/Apple+iPhone+7+%28A1660%29+32G+%E7%8E%AB%E7%91%B0%E9%87%91%E8%89%B2+%E7%A7%BB%E5%8A%A8%E8%81%94%E9%80%9A%E7%94%B5%E4%BF%A14G%E6%89%8B%E6%9C%BA.html
INFO: [ app_init ] --START--
INFO: Run Behavior\BuildLiteBehavior [ RunTime:0.000029s ]
INFO: [ app_init ] --END-- [ RunTime:0.000492s ]
INFO: [ app_begin ] --START--
INFO: Run Behavior\ReadHtmlCacheBehavior [ RunTime:0.000630s ]
INFO: [ app_begin ] --END-- [ RunTime:0.000707s ]
NOTIC: [8] A session had already been started - ignoring session_start() D:\we\ThinkPHP\Common\functions.php 第 1263 行.
SQL: select count(*) has from wx_privilege where module_name="Admin" and controller_name="Goods" and action_name="goods_number" [ RunTime:0.0002s ]
SQL: SELECT a.*,b.attr_name FROM wx_goods_attr a LEFT JOIN wx_attribute b on a.attr_id=b.id WHERE attr_id IN (SELECT attr_id FROM wx_goods_attr WHERE goods_id=46 GROUP BY attr_id HAVING count(*)>1)  AND a.goods_id=46 [ RunTime:0.0125s ]
SQL: SHOW COLUMNS FROM `wx_goods_number` [ RunTime:0.0025s ]
SQL: SELECT * FROM `wx_goods_number` WHERE `goods_id` = '46'  [ RunTime:0.0002s ]
INFO: [ view_parse ] --START--
INFO: [ template_filter ] --START--
INFO: Run Behavior\ContentReplaceBehavior [ RunTime:0.000068s ]
INFO: [ template_filter ] --END-- [ RunTime:0.000146s ]
INFO: Run Behavior\ParseTemplateBehavior [ RunTime:0.020230s ]
INFO: [ view_parse ] --END-- [ RunTime:0.020299s ]
INFO: [ view_filter ] --START--
INFO: Run Behavior\WriteHtmlCacheBehavior [ RunTime:0.000366s ]
INFO: [ view_filter ] --END-- [ RunTime:0.000432s ]
INFO: [ app_end ] --START--
INFO: Run Behavior\ShowPageTraceBehavior [ RunTime:0.000583s ]
INFO: [ app_end ] --END-- [ RunTime:0.000645s ]

[ 2017-01-06T10:32:09+08:00 ] 127.0.0.1 /index.php/Admin/Goods/lst.html
INFO: [ app_init ] --START--
INFO: Run Behavior\BuildLiteBehavior [ RunTime:0.000018s ]
INFO: [ app_init ] --END-- [ RunTime:0.000405s ]
INFO: [ app_begin ] --START--
INFO: Run Behavior\ReadHtmlCacheBehavior [ RunTime:0.000650s ]
INFO: [ app_begin ] --END-- [ RunTime:0.000722s ]
NOTIC: [8] A session had already been started - ignoring session_start() D:\we\ThinkPHP\Common\functions.php 第 1263 行.
SQL: select count(*) has from wx_privilege where module_name="Admin" and controller_name="Goods" and action_name="lst" [ RunTime:0.0003s ]
SQL: SHOW COLUMNS FROM `wx_goods` [ RunTime:0.0029s ]
SQL: SELECT COUNT(*) AS tp_count FROM wx_goods a WHERE `is_delete` = 0 LIMIT 1   [ RunTime:0.0003s ]
SQL: SELECT * FROM wx_goods a WHERE `is_delete` = 0 LIMIT 0,5   [ RunTime:0.0004s ]
INFO: [ view_parse ] --START--
INFO: [ template_filter ] --START--
INFO: Run Behavior\ContentReplaceBehavior [ RunTime:0.000072s ]
INFO: [ template_filter ] --END-- [ RunTime:0.000141s ]
INFO: Run Behavior\ParseTemplateBehavior [ RunTime:0.008379s ]
INFO: [ view_parse ] --END-- [ RunTime:0.008446s ]
INFO: [ view_filter ] --START--
INFO: Run Behavior\WriteHtmlCacheBehavior [ RunTime:0.000445s ]
INFO: [ view_filter ] --END-- [ RunTime:0.000505s ]
INFO: [ app_end ] --START--
INFO: Run Behavior\ShowPageTraceBehavior [ RunTime:0.000626s ]
INFO: [ app_end ] --END-- [ RunTime:0.000691s ]

[ 2017-01-06T10:32:14+08:00 ] 127.0.0.1 /index.php/Admin/Goods/goods_number/id/44/goods_name/%E4%B8%89%E6%98%9F+Galaxy+S7%EF%BC%88G9300%EF%BC%894GB+32G+%E9%93%82%E5%85%89%E9%87%91.html
INFO: [ app_init ] --START--
INFO: Run Behavior\BuildLiteBehavior [ RunTime:0.000018s ]
INFO: [ app_init ] --END-- [ RunTime:0.000444s ]
INFO: [ app_begin ] --START--
INFO: Run Behavior\ReadHtmlCacheBehavior [ RunTime:0.000621s ]
INFO: [ app_begin ] --END-- [ RunTime:0.000701s ]
NOTIC: [8] A session had already been started - ignoring session_start() D:\we\ThinkPHP\Common\functions.php 第 1263 行.
SQL: select count(*) has from wx_privilege where module_name="Admin" and controller_name="Goods" and action_name="goods_number" [ RunTime:0.0003s ]
SQL: SELECT a.*,b.attr_name FROM wx_goods_attr a LEFT JOIN wx_attribute b on a.attr_id=b.id WHERE attr_id IN (SELECT attr_id FROM wx_goods_attr WHERE goods_id=44 GROUP BY attr_id HAVING count(*)>1)  AND a.goods_id=44 [ RunTime:0.0008s ]
SQL: SHOW COLUMNS FROM `wx_goods_number` [ RunTime:0.0031s ]
SQL: SELECT * FROM `wx_goods_number` WHERE `goods_id` = '44'  [ RunTime:0.0003s ]
INFO: [ view_parse ] --START--
INFO: [ template_filter ] --START--
INFO: Run Behavior\ContentReplaceBehavior [ RunTime:0.000077s ]
INFO: [ template_filter ] --END-- [ RunTime:0.000183s ]
INFO: Run Behavior\ParseTemplateBehavior [ RunTime:0.007160s ]
INFO: [ view_parse ] --END-- [ RunTime:0.007228s ]
INFO: [ view_filter ] --START--
INFO: Run Behavior\WriteHtmlCacheBehavior [ RunTime:0.000397s ]
INFO: [ view_filter ] --END-- [ RunTime:0.000453s ]
INFO: [ app_end ] --START--
INFO: Run Behavior\ShowPageTraceBehavior [ RunTime:0.000556s ]
INFO: [ app_end ] --END-- [ RunTime:0.000634s ]

[ 2017-01-06T10:32:30+08:00 ] 127.0.0.1 /index.php/Admin/Goods/lst.html
INFO: [ app_init ] --START--
INFO: Run Behavior\BuildLiteBehavior [ RunTime:0.000017s ]
INFO: [ app_init ] --END-- [ RunTime:0.000520s ]
INFO: [ app_begin ] --START--
INFO: Run Behavior\ReadHtmlCacheBehavior [ RunTime:0.000635s ]
INFO: [ app_begin ] --END-- [ RunTime:0.000704s ]
NOTIC: [8] A session had already been started - ignoring session_start() D:\we\ThinkPHP\Common\functions.php 第 1263 行.
SQL: select count(*) has from wx_privilege where module_name="Admin" and controller_name="Goods" and action_name="lst" [ RunTime:0.0003s ]
SQL: SHOW COLUMNS FROM `wx_goods` [ RunTime:0.0026s ]
SQL: SELECT COUNT(*) AS tp_count FROM wx_goods a WHERE `is_delete` = 0 LIMIT 1   [ RunTime:0.0003s ]
SQL: SELECT * FROM wx_goods a WHERE `is_delete` = 0 LIMIT 0,5   [ RunTime:0.0003s ]
INFO: [ view_parse ] --START--
INFO: [ template_filter ] --START--
INFO: Run Behavior\ContentReplaceBehavior [ RunTime:0.000069s ]
INFO: [ template_filter ] --END-- [ RunTime:0.000144s ]
INFO: Run Behavior\ParseTemplateBehavior [ RunTime:0.007938s ]
INFO: [ view_parse ] --END-- [ RunTime:0.008005s ]
INFO: [ view_filter ] --START--
INFO: Run Behavior\WriteHtmlCacheBehavior [ RunTime:0.000392s ]
INFO: [ view_filter ] --END-- [ RunTime:0.000447s ]
INFO: [ app_end ] --START--
INFO: Run Behavior\ShowPageTraceBehavior [ RunTime:0.000544s ]
INFO: [ app_end ] --END-- [ RunTime:0.000609s ]

[ 2017-01-06T10:32:32+08:00 ] 127.0.0.1 /index.php/Admin/Goods/goods_number/id/45/goods_name/%E5%B0%8F%E7%B1%B3Note2+%E5%85%A8%E7%BD%91%E9%80%9A+%E6%A0%87%E5%87%86%E7%89%88+4GB%E5%86%85%E5%AD%98+64GB+ROM+%E4%BA%AE%E9%BB%91%E8%89%B2+4G%E6%89%8B%E6%9C%BA.html
INFO: [ app_init ] --START--
INFO: Run Behavior\BuildLiteBehavior [ RunTime:0.000019s ]
INFO: [ app_init ] --END-- [ RunTime:0.000411s ]
INFO: [ app_begin ] --START--
INFO: Run Behavior\ReadHtmlCacheBehavior [ RunTime:0.000589s ]
INFO: [ app_begin ] --END-- [ RunTime:0.000662s ]
NOTIC: [8] A session had already been started - ignoring session_start() D:\we\ThinkPHP\Common\functions.php 第 1263 行.
SQL: select count(*) has from wx_privilege where module_name="Admin" and controller_name="Goods" and action_name="goods_number" [ RunTime:0.0003s ]
SQL: SELECT a.*,b.attr_name FROM wx_goods_attr a LEFT JOIN wx_attribute b on a.attr_id=b.id WHERE attr_id IN (SELECT attr_id FROM wx_goods_attr WHERE goods_id=45 GROUP BY attr_id HAVING count(*)>1)  AND a.goods_id=45 [ RunTime:0.0010s ]
SQL: SHOW COLUMNS FROM `wx_goods_number` [ RunTime:0.0030s ]
SQL: SELECT * FROM `wx_goods_number` WHERE `goods_id` = '45'  [ RunTime:0.0003s ]
INFO: [ view_parse ] --START--
INFO: [ template_filter ] --START--
INFO: Run Behavior\ContentReplaceBehavior [ RunTime:0.000069s ]
INFO: [ template_filter ] --END-- [ RunTime:0.000143s ]
INFO: Run Behavior\ParseTemplateBehavior [ RunTime:0.006616s ]
INFO: [ view_parse ] --END-- [ RunTime:0.006689s ]
INFO: [ view_filter ] --START--
INFO: Run Behavior\WriteHtmlCacheBehavior [ RunTime:0.000394s ]
INFO: [ view_filter ] --END-- [ RunTime:0.000448s ]
INFO: [ app_end ] --START--
INFO: Run Behavior\ShowPageTraceBehavior [ RunTime:0.000578s ]
INFO: [ app_end ] --END-- [ RunTime:0.000640s ]

[ 2017-01-06T11:55:15+08:00 ] 127.0.0.1 /index.php/Admin/Goods/goods_number/id/45/goods_name/%E5%B0%8F%E7%B1%B3Note2+%E5%85%A8%E7%BD%91%E9%80%9A+%E6%A0%87%E5%87%86%E7%89%88+4GB%E5%86%85%E5%AD%98+64GB+ROM+%E4%BA%AE%E9%BB%91%E8%89%B2+4G%E6%89%8B%E6%9C%BA.html
INFO: [ app_init ] --START--
INFO: Run Behavior\BuildLiteBehavior [ RunTime:0.000019s ]
INFO: [ app_init ] --END-- [ RunTime:0.000391s ]
INFO: [ app_begin ] --START--
INFO: Run Behavior\ReadHtmlCacheBehavior [ RunTime:0.000594s ]
INFO: [ app_begin ] --END-- [ RunTime:0.000676s ]
NOTIC: [8] A session had already been started - ignoring session_start() D:\we\ThinkPHP\Common\functions.php 第 1263 行.
SQL: select count(*) has from wx_privilege where module_name="Admin" and controller_name="Goods" and action_name="goods_number" [ RunTime:0.0003s ]
SQL: SELECT a.*,b.attr_name FROM wx_goods_attr a LEFT JOIN wx_attribute b on a.attr_id=b.id WHERE attr_id IN (SELECT attr_id FROM wx_goods_attr WHERE goods_id=45 GROUP BY attr_id HAVING count(*)>1)  AND a.goods_id=45 [ RunTime:0.0007s ]
SQL: SHOW COLUMNS FROM `wx_goods_number` [ RunTime:0.0020s ]
SQL: SELECT * FROM `wx_goods_number` WHERE `goods_id` = '45'  [ RunTime:0.0002s ]
INFO: [ view_parse ] --START--
INFO: [ template_filter ] --START--
INFO: Run Behavior\ContentReplaceBehavior [ RunTime:0.000068s ]
INFO: [ template_filter ] --END-- [ RunTime:0.000134s ]
INFO: Run Behavior\ParseTemplateBehavior [ RunTime:0.006518s ]
INFO: [ view_parse ] --END-- [ RunTime:0.006595s ]
INFO: [ view_filter ] --START--
INFO: Run Behavior\WriteHtmlCacheBehavior [ RunTime:0.000385s ]
INFO: [ view_filter ] --END-- [ RunTime:0.000449s ]
INFO: [ app_end ] --START--
INFO: Run Behavior\ShowPageTraceBehavior [ RunTime:0.000663s ]
INFO: [ app_end ] --END-- [ RunTime:0.000725s ]

[ 2017-01-06T12:15:12+08:00 ] 127.0.0.1 /index.php/Admin/Index/index.html
INFO: [ app_init ] --START--
INFO: Run Behavior\BuildLiteBehavior [ RunTime:0.000018s ]
INFO: [ app_init ] --END-- [ RunTime:0.000518s ]
INFO: [ app_begin ] --START--
INFO: Run Behavior\ReadHtmlCacheBehavior [ RunTime:0.000581s ]
INFO: [ app_begin ] --END-- [ RunTime:0.000643s ]
NOTIC: [8] A session had already been started - ignoring session_start() D:\we\ThinkPHP\Common\functions.php 第 1263 行.
SQL: SHOW COLUMNS FROM `wx_config` [ RunTime:0.0023s ]
SQL: SELECT `appid`,`appsecret`,`token`,`logo` FROM `wx_config` LIMIT 1   [ RunTime:0.0003s ]
SQL: select * from wx_privilege [ RunTime:0.0004s ]
INFO: [ view_parse ] --START--
INFO: [ template_filter ] --START--
INFO: Run Behavior\ContentReplaceBehavior [ RunTime:0.000054s ]
INFO: [ template_filter ] --END-- [ RunTime:0.000121s ]
INFO: Run Behavior\ParseTemplateBehavior [ RunTime:0.007604s ]
INFO: [ view_parse ] --END-- [ RunTime:0.007670s ]
INFO: [ view_filter ] --START--
INFO: Run Behavior\WriteHtmlCacheBehavior [ RunTime:0.000373s ]
INFO: [ view_filter ] --END-- [ RunTime:0.000431s ]
NOTIC: [8] Undefined index: HTTP_RAW_POST_DATA D:\we\Application\Admin\Model\WeChatModel.class.php 第 223 行.

[ 2017-01-06T12:15:13+08:00 ] 127.0.0.1 /index.php/Admin/Index/info.html
INFO: [ app_init ] --START--
INFO: Run Behavior\BuildLiteBehavior [ RunTime:0.000019s ]
INFO: [ app_init ] --END-- [ RunTime:0.000372s ]
INFO: [ app_begin ] --START--
INFO: Run Behavior\ReadHtmlCacheBehavior [ RunTime:0.000592s ]
INFO: [ app_begin ] --END-- [ RunTime:0.000657s ]
NOTIC: [8] A session had already been started - ignoring session_start() D:\we\ThinkPHP\Common\functions.php 第 1263 行.
SQL: SHOW COLUMNS FROM `wx_config` [ RunTime:0.0028s ]
SQL: SELECT * FROM `wx_config` LIMIT 1   [ RunTime:0.0002s ]
INFO: [ view_parse ] --START--
INFO: [ template_filter ] --START--
INFO: Run Behavior\ContentReplaceBehavior [ RunTime:0.000067s ]
INFO: [ template_filter ] --END-- [ RunTime:0.000136s ]
INFO: Run Behavior\ParseTemplateBehavior [ RunTime:0.006940s ]
INFO: [ view_parse ] --END-- [ RunTime:0.007009s ]
INFO: [ view_filter ] --START--
INFO: Run Behavior\WriteHtmlCacheBehavior [ RunTime:0.000350s ]
INFO: [ view_filter ] --END-- [ RunTime:0.000406s ]
INFO: [ app_end ] --START--
INFO: Run Behavior\ShowPageTraceBehavior [ RunTime:0.000522s ]
INFO: [ app_end ] --END-- [ RunTime:0.000583s ]

[ 2017-01-06T12:43:29+08:00 ] 127.0.0.1 /index.php/Admin/Index/index.html
INFO: [ app_init ] --START--
INFO: Run Behavior\BuildLiteBehavior [ RunTime:0.000033s ]
INFO: [ app_init ] --END-- [ RunTime:0.000629s ]
INFO: [ app_begin ] --START--
INFO: Run Behavior\ReadHtmlCacheBehavior [ RunTime:0.000590s ]
INFO: [ app_begin ] --END-- [ RunTime:0.000671s ]
NOTIC: [8] A session had already been started - ignoring session_start() D:\we\ThinkPHP\Common\functions.php 第 1263 行.

[ 2017-01-06T12:43:29+08:00 ] 127.0.0.1 /index.php/Admin/Login/login.html
INFO: [ app_init ] --START--
INFO: Run Behavior\BuildLiteBehavior [ RunTime:0.000018s ]
INFO: [ app_init ] --END-- [ RunTime:0.000375s ]
INFO: [ app_begin ] --START--
INFO: Run Behavior\ReadHtmlCacheBehavior [ RunTime:0.000501s ]
INFO: [ app_begin ] --END-- [ RunTime:0.000567s ]
NOTIC: [8] A session had already been started - ignoring session_start() D:\we\ThinkPHP\Common\functions.php 第 1263 行.
INFO: [ view_parse ] --START--
INFO: [ template_filter ] --START--
INFO: Run Behavior\ContentReplaceBehavior [ RunTime:0.000064s ]
INFO: [ template_filter ] --END-- [ RunTime:0.000143s ]
INFO: Run Behavior\ParseTemplateBehavior [ RunTime:0.009221s ]
INFO: [ view_parse ] --END-- [ RunTime:0.009288s ]
INFO: [ view_filter ] --START--
INFO: Run Behavior\WriteHtmlCacheBehavior [ RunTime:0.000325s ]
INFO: [ view_filter ] --END-- [ RunTime:0.000381s ]
INFO: [ app_end ] --START--
INFO: Run Behavior\ShowPageTraceBehavior [ RunTime:0.000502s ]
INFO: [ app_end ] --END-- [ RunTime:0.000562s ]

[ 2017-01-06T12:43:30+08:00 ] 127.0.0.1 /index.php/Admin/Login/chkcode.html
INFO: [ app_init ] --START--
INFO: Run Behavior\BuildLiteBehavior [ RunTime:0.000019s ]
INFO: [ app_init ] --END-- [ RunTime:0.000416s ]
INFO: [ app_begin ] --START--
INFO: Run Behavior\ReadHtmlCacheBehavior [ RunTime:0.000530s ]
INFO: [ app_begin ] --END-- [ RunTime:0.000598s ]
NOTIC: [8] A session had already been started - ignoring session_start() D:\we\ThinkPHP\Common\functions.php 第 1263 行.
INFO: [ app_end ] --START--
INFO: Run Behavior\ShowPageTraceBehavior [ RunTime:0.000570s ]
INFO: [ app_end ] --END-- [ RunTime:0.000655s ]

[ 2017-01-06T14:39:19+08:00 ] 127.0.0.1 /index.php/Admin/Index/
INFO: [ app_init ] --START--
INFO: Run Behavior\BuildLiteBehavior [ RunTime:0.000034s ]
INFO: [ app_init ] --END-- [ RunTime:0.000756s ]
INFO: [ app_begin ] --START--
INFO: Run Behavior\ReadHtmlCacheBehavior [ RunTime:0.001061s ]
INFO: [ app_begin ] --END-- [ RunTime:0.001217s ]
NOTIC: [8] A session had already been started - ignoring session_start() D:\we\ThinkPHP\Common\functions.php 第 1263 行.

[ 2017-01-06T14:39:19+08:00 ] 127.0.0.1 /index.php/Admin/Login/login.html
INFO: [ app_init ] --START--
INFO: Run Behavior\BuildLiteBehavior [ RunTime:0.000014s ]
INFO: [ app_init ] --END-- [ RunTime:0.000323s ]
INFO: [ app_begin ] --START--
INFO: Run Behavior\ReadHtmlCacheBehavior [ RunTime:0.000608s ]
INFO: [ app_begin ] --END-- [ RunTime:0.000695s ]
NOTIC: [8] A session had already been started - ignoring session_start() D:\we\ThinkPHP\Common\functions.php 第 1263 行.
INFO: [ view_parse ] --START--
INFO: [ template_filter ] --START--
INFO: Run Behavior\ContentReplaceBehavior [ RunTime:0.000051s ]
INFO: [ template_filter ] --END-- [ RunTime:0.000126s ]
INFO: Run Behavior\ParseTemplateBehavior [ RunTime:0.005400s ]
INFO: [ view_parse ] --END-- [ RunTime:0.005463s ]
INFO: [ view_filter ] --START--
INFO: Run Behavior\WriteHtmlCacheBehavior [ RunTime:0.000290s ]
INFO: [ view_filter ] --END-- [ RunTime:0.000343s ]
INFO: [ app_end ] --START--
INFO: Run Behavior\ShowPageTraceBehavior [ RunTime:0.000491s ]
INFO: [ app_end ] --END-- [ RunTime:0.000560s ]

[ 2017-01-06T14:39:19+08:00 ] 127.0.0.1 /index.php/Admin/Login/chkcode.html
INFO: [ app_init ] --START--
INFO: Run Behavior\BuildLiteBehavior [ RunTime:0.000016s ]
INFO: [ app_init ] --END-- [ RunTime:0.000348s ]
INFO: [ app_begin ] --START--
INFO: Run Behavior\ReadHtmlCacheBehavior [ RunTime:0.000439s ]
INFO: [ app_begin ] --END-- [ RunTime:0.000506s ]
NOTIC: [8] A session had already been started - ignoring session_start() D:\we\ThinkPHP\Common\functions.php 第 1263 行.
INFO: [ app_end ] --START--
INFO: Run Behavior\ShowPageTraceBehavior [ RunTime:0.000920s ]
INFO: [ app_end ] --END-- [ RunTime:0.001036s ]

[ 2017-01-06T14:39:26+08:00 ] 127.0.0.1 /index.php/Admin/Login/chkcode.html?
INFO: [ app_init ] --START--
INFO: Run Behavior\BuildLiteBehavior [ RunTime:0.000051s ]
INFO: [ app_init ] --END-- [ RunTime:0.001110s ]
INFO: [ app_begin ] --START--
INFO: Run Behavior\ReadHtmlCacheBehavior [ RunTime:0.001476s ]
INFO: [ app_begin ] --END-- [ RunTime:0.001685s ]
NOTIC: [8] A session had already been started - ignoring session_start() D:\we\ThinkPHP\Common\functions.php 第 1263 行.
INFO: [ app_end ] --START--
INFO: Run Behavior\ShowPageTraceBehavior [ RunTime:0.001737s ]
INFO: [ app_end ] --END-- [ RunTime:0.001956s ]

[ 2017-01-06T14:39:27+08:00 ] 127.0.0.1 /index.php/Admin/Login/chkcode.html??
INFO: [ app_init ] --START--
INFO: Run Behavior\BuildLiteBehavior [ RunTime:0.000039s ]
INFO: [ app_init ] --END-- [ RunTime:0.001005s ]
INFO: [ app_begin ] --START--
INFO: Run Behavior\ReadHtmlCacheBehavior [ RunTime:0.001224s ]
INFO: [ app_begin ] --END-- [ RunTime:0.001392s ]
NOTIC: [8] A session had already been started - ignoring session_start() D:\we\ThinkPHP\Common\functions.php 第 1263 行.
INFO: [ app_end ] --START--
INFO: Run Behavior\ShowPageTraceBehavior [ RunTime:0.001508s ]
INFO: [ app_end ] --END-- [ RunTime:0.001695s ]

[ 2017-01-06T14:39:28+08:00 ] 127.0.0.1 /index.php/Admin/Login/chkcode.html???
INFO: [ app_init ] --START--
INFO: Run Behavior\BuildLiteBehavior [ RunTime:0.000028s ]
INFO: [ app_init ] --END-- [ RunTime:0.000621s ]
INFO: [ app_begin ] --START--
INFO: Run Behavior\ReadHtmlCacheBehavior [ RunTime:0.000833s ]
INFO: [ app_begin ] --END-- [ RunTime:0.000949s ]
NOTIC: [8] A session had already been started - ignoring session_start() D:\we\ThinkPHP\Common\functions.php 第 1263 行.
INFO: [ app_end ] --START--
INFO: Run Behavior\ShowPageTraceBehavior [ RunTime:0.000923s ]
INFO: [ app_end ] --END-- [ RunTime:0.001047s ]

[ 2017-01-06T14:39:30+08:00 ] 127.0.0.1 /index.php/Admin/Login/chkcode.html????
INFO: [ app_init ] --START--
INFO: Run Behavior\BuildLiteBehavior [ RunTime:0.000032s ]
INFO: [ app_init ] --END-- [ RunTime:0.000741s ]
INFO: [ app_begin ] --START--
INFO: Run Behavior\ReadHtmlCacheBehavior [ RunTime:0.000790s ]
INFO: [ app_begin ] --END-- [ RunTime:0.000914s ]
NOTIC: [8] A session had already been started - ignoring session_start() D:\we\ThinkPHP\Common\functions.php 第 1263 行.
INFO: [ app_end ] --START--
INFO: Run Behavior\ShowPageTraceBehavior [ RunTime:0.000979s ]
INFO: [ app_end ] --END-- [ RunTime:0.001116s ]

[ 2017-01-06T14:39:31+08:00 ] 127.0.0.1 /index.php/Admin/Login/chkcode.html?????
INFO: [ app_init ] --START--
INFO: Run Behavior\BuildLiteBehavior [ RunTime:0.000051s ]
INFO: [ app_init ] --END-- [ RunTime:0.001281s ]
INFO: [ app_begin ] --START--
INFO: Run Behavior\ReadHtmlCacheBehavior [ RunTime:0.001376s ]
INFO: [ app_begin ] --END-- [ RunTime:0.001586s ]
NOTIC: [8] A session had already been started - ignoring session_start() D:\we\ThinkPHP\Common\functions.php 第 1263 行.
INFO: [ app_end ] --START--
INFO: Run Behavior\ShowPageTraceBehavior [ RunTime:0.000832s ]
INFO: [ app_end ] --END-- [ RunTime:0.000943s ]

[ 2017-01-06T14:39:32+08:00 ] 127.0.0.1 /index.php/Admin/Login/chkcode.html??????
INFO: [ app_init ] --START--
INFO: Run Behavior\BuildLiteBehavior [ RunTime:0.000050s ]
INFO: [ app_init ] --END-- [ RunTime:0.001080s ]
INFO: [ app_begin ] --START--
INFO: Run Behavior\ReadHtmlCacheBehavior [ RunTime:0.001466s ]
INFO: [ app_begin ] --END-- [ RunTime:0.001680s ]
NOTIC: [8] A session had already been started - ignoring session_start() D:\we\ThinkPHP\Common\functions.php 第 1263 行.
INFO: [ app_end ] --START--
INFO: Run Behavior\ShowPageTraceBehavior [ RunTime:0.001676s ]
INFO: [ app_end ] --END-- [ RunTime:0.001901s ]

[ 2017-01-06T14:39:33+08:00 ] 127.0.0.1 /index.php/Admin/Login/chkcode.html???????
INFO: [ app_init ] --START--
INFO: Run Behavior\BuildLiteBehavior [ RunTime:0.000018s ]
INFO: [ app_init ] --END-- [ RunTime:0.000352s ]
INFO: [ app_begin ] --START--
INFO: Run Behavior\ReadHtmlCacheBehavior [ RunTime:0.000428s ]
INFO: [ app_begin ] --END-- [ RunTime:0.000495s ]
NOTIC: [8] A session had already been started - ignoring session_start() D:\we\ThinkPHP\Common\functions.php 第 1263 行.
INFO: [ app_end ] --START--
INFO: Run Behavior\ShowPageTraceBehavior [ RunTime:0.000604s ]
INFO: [ app_end ] --END-- [ RunTime:0.000687s ]

[ 2017-01-06T14:39:35+08:00 ] 127.0.0.1 /index.php/Admin/Login/chkcode.html????????
INFO: [ app_init ] --START--
INFO: Run Behavior\BuildLiteBehavior [ RunTime:0.000049s ]
INFO: [ app_init ] --END-- [ RunTime:0.001239s ]
INFO: [ app_begin ] --START--
INFO: Run Behavior\ReadHtmlCacheBehavior [ RunTime:0.001466s ]
INFO: [ app_begin ] --END-- [ RunTime:0.001681s ]
NOTIC: [8] A session had already been started - ignoring session_start() D:\we\ThinkPHP\Common\functions.php 第 1263 行.
INFO: [ app_end ] --START--
INFO: Run Behavior\ShowPageTraceBehavior [ RunTime:0.001946s ]
INFO: [ app_end ] --END-- [ RunTime:0.002193s ]

[ 2017-01-06T14:39:42+08:00 ] 127.0.0.1 /index.php/Admin/Login/login.html
INFO: [ app_init ] --START--
INFO: Run Behavior\BuildLiteBehavior [ RunTime:0.000033s ]
INFO: [ app_init ] --END-- [ RunTime:0.000809s ]
INFO: [ app_begin ] --START--
INFO: Run Behavior\ReadHtmlCacheBehavior [ RunTime:0.000789s ]
INFO: [ app_begin ] --END-- [ RunTime:0.000916s ]
NOTIC: [8] A session had already been started - ignoring session_start() D:\we\ThinkPHP\Common\functions.php 第 1263 行.
SQL: SHOW COLUMNS FROM `wx_admin` [ RunTime:0.0775s ]
NOTIC: [8] Undefined index: auto D:\we\ThinkPHP\Library\Think\Model.class.php 第 1128 行.
SQL: SELECT * FROM `wx_admin` WHERE `username` = 'admin' LIMIT 1   [ RunTime:0.0003s ]

[ 2017-01-06T14:39:43+08:00 ] 127.0.0.1 /index.php/Admin/Index/index.html
INFO: [ app_init ] --START--
INFO: Run Behavior\BuildLiteBehavior [ RunTime:0.000017s ]
INFO: [ app_init ] --END-- [ RunTime:0.000462s ]
INFO: [ app_begin ] --START--
INFO: Run Behavior\ReadHtmlCacheBehavior [ RunTime:0.000437s ]
INFO: [ app_begin ] --END-- [ RunTime:0.000501s ]
NOTIC: [8] A session had already been started - ignoring session_start() D:\we\ThinkPHP\Common\functions.php 第 1263 行.
SQL: SHOW COLUMNS FROM `wx_config` [ RunTime:0.0217s ]
SQL: SELECT `appid`,`appsecret`,`token`,`logo` FROM `wx_config` LIMIT 1   [ RunTime:0.0002s ]
SQL: select * from wx_privilege [ RunTime:0.0266s ]
INFO: [ view_parse ] --START--
INFO: [ template_filter ] --START--
INFO: Run Behavior\ContentReplaceBehavior [ RunTime:0.000080s ]
INFO: [ template_filter ] --END-- [ RunTime:0.000186s ]
INFO: Run Behavior\ParseTemplateBehavior [ RunTime:0.012328s ]
INFO: [ view_parse ] --END-- [ RunTime:0.012467s ]
INFO: [ view_filter ] --START--
INFO: Run Behavior\WriteHtmlCacheBehavior [ RunTime:0.000549s ]
INFO: [ view_filter ] --END-- [ RunTime:0.000677s ]
NOTIC: [8] Undefined index: HTTP_RAW_POST_DATA D:\we\Application\Admin\Model\WeChatModel.class.php 第 223 行.

[ 2017-01-06T14:39:43+08:00 ] 127.0.0.1 /index.php/Admin/Index/info.html
INFO: [ app_init ] --START--
INFO: Run Behavior\BuildLiteBehavior [ RunTime:0.000018s ]
INFO: [ app_init ] --END-- [ RunTime:0.000383s ]
INFO: [ app_begin ] --START--
INFO: Run Behavior\ReadHtmlCacheBehavior [ RunTime:0.000477s ]
INFO: [ app_begin ] --END-- [ RunTime:0.000543s ]
NOTIC: [8] A session had already been started - ignoring session_start() D:\we\ThinkPHP\Common\functions.php 第 1263 行.
SQL: SHOW COLUMNS FROM `wx_config` [ RunTime:0.0020s ]
SQL: SELECT * FROM `wx_config` LIMIT 1   [ RunTime:0.0002s ]
INFO: [ view_parse ] --START--
INFO: [ template_filter ] --START--
INFO: Run Behavior\ContentReplaceBehavior [ RunTime:0.000107s ]
INFO: [ template_filter ] --END-- [ RunTime:0.000199s ]
INFO: Run Behavior\ParseTemplateBehavior [ RunTime:0.008296s ]
INFO: [ view_parse ] --END-- [ RunTime:0.008419s ]
INFO: [ view_filter ] --START--
INFO: Run Behavior\WriteHtmlCacheBehavior [ RunTime:0.000499s ]
INFO: [ view_filter ] --END-- [ RunTime:0.000571s ]
INFO: [ app_end ] --START--
INFO: Run Behavior\ShowPageTraceBehavior [ RunTime:0.000597s ]
INFO: [ app_end ] --END-- [ RunTime:0.000659s ]

[ 2017-01-06T14:39:46+08:00 ] 127.0.0.1 /index.php/Admin/Goods/lst.html
INFO: [ app_init ] --START--
INFO: Run Behavior\BuildLiteBehavior [ RunTime:0.000027s ]
INFO: [ app_init ] --END-- [ RunTime:0.000542s ]
INFO: [ app_begin ] --START--
INFO: Run Behavior\ReadHtmlCacheBehavior [ RunTime:0.000673s ]
INFO: [ app_begin ] --END-- [ RunTime:0.000777s ]
NOTIC: [8] A session had already been started - ignoring session_start() D:\we\ThinkPHP\Common\functions.php 第 1263 行.
SQL: select count(*) has from wx_privilege where module_name="Admin" and controller_name="Goods" and action_name="lst" [ RunTime:0.0002s ]
SQL: SHOW COLUMNS FROM `wx_goods` [ RunTime:0.0021s ]
SQL: SELECT COUNT(*) AS tp_count FROM wx_goods a WHERE `is_delete` = 0 LIMIT 1   [ RunTime:0.0002s ]
SQL: SELECT * FROM wx_goods a WHERE `is_delete` = 0 LIMIT 0,5   [ RunTime:0.0004s ]
INFO: [ view_parse ] --START--
INFO: [ template_filter ] --START--
INFO: Run Behavior\ContentReplaceBehavior [ RunTime:0.000062s ]
INFO: [ template_filter ] --END-- [ RunTime:0.000120s ]
INFO: Run Behavior\ParseTemplateBehavior [ RunTime:0.006840s ]
INFO: [ view_parse ] --END-- [ RunTime:0.006911s ]
INFO: [ view_filter ] --START--
INFO: Run Behavior\WriteHtmlCacheBehavior [ RunTime:0.000301s ]
INFO: [ view_filter ] --END-- [ RunTime:0.000362s ]
INFO: [ app_end ] --START--
INFO: Run Behavior\ShowPageTraceBehavior [ RunTime:0.000507s ]
INFO: [ app_end ] --END-- [ RunTime:0.000566s ]

[ 2017-01-06T14:39:48+08:00 ] 127.0.0.1 /index.php/Admin/Goods/goods_number/id/46/goods_name/Apple+iPhone+7+%28A1660%29+32G+%E7%8E%AB%E7%91%B0%E9%87%91%E8%89%B2+%E7%A7%BB%E5%8A%A8%E8%81%94%E9%80%9A%E7%94%B5%E4%BF%A14G%E6%89%8B%E6%9C%BA.html
INFO: [ app_init ] --START--
INFO: Run Behavior\BuildLiteBehavior [ RunTime:0.000020s ]
INFO: [ app_init ] --END-- [ RunTime:0.000395s ]
INFO: [ app_begin ] --START--
INFO: Run Behavior\ReadHtmlCacheBehavior [ RunTime:0.000523s ]
INFO: [ app_begin ] --END-- [ RunTime:0.000591s ]
NOTIC: [8] A session had already been started - ignoring session_start() D:\we\ThinkPHP\Common\functions.php 第 1263 行.
SQL: select count(*) has from wx_privilege where module_name="Admin" and controller_name="Goods" and action_name="goods_number" [ RunTime:0.0003s ]
SQL: SELECT a.*,b.attr_name FROM wx_goods_attr a LEFT JOIN wx_attribute b on a.attr_id=b.id WHERE attr_id IN (SELECT attr_id FROM wx_goods_attr WHERE goods_id=46 GROUP BY attr_id HAVING count(*)>1)  AND a.goods_id=46 [ RunTime:0.0013s ]
SQL: SHOW COLUMNS FROM `wx_goods_number` [ RunTime:0.0021s ]
SQL: SELECT * FROM `wx_goods_number` WHERE `goods_id` = '46'  [ RunTime:0.0002s ]
INFO: [ view_parse ] --START--
INFO: [ template_filter ] --START--
INFO: Run Behavior\ContentReplaceBehavior [ RunTime:0.000069s ]
INFO: [ template_filter ] --END-- [ RunTime:0.000163s ]
INFO: Run Behavior\ParseTemplateBehavior [ RunTime:0.007348s ]
INFO: [ view_parse ] --END-- [ RunTime:0.007448s ]
INFO: [ view_filter ] --START--
INFO: Run Behavior\WriteHtmlCacheBehavior [ RunTime:0.000491s ]
INFO: [ view_filter ] --END-- [ RunTime:0.000568s ]
INFO: [ app_end ] --START--
INFO: Run Behavior\ShowPageTraceBehavior [ RunTime:0.000606s ]
INFO: [ app_end ] --END-- [ RunTime:0.000678s ]

[ 2017-01-06T14:39:58+08:00 ] 127.0.0.1 /index.php/Admin/Goods/goods_number/id/46/goods_name/Apple+iPhone+7+%28A1660%29+32G+%E7%8E%AB%E7%91%B0%E9%87%91%E8%89%B2+%E7%A7%BB%E5%8A%A8%E8%81%94%E9%80%9A%E7%94%B5%E4%BF%A14G%E6%89%8B%E6%9C%BA.html
INFO: [ app_init ] --START--
INFO: Run Behavior\BuildLiteBehavior [ RunTime:0.000036s ]
INFO: [ app_init ] --END-- [ RunTime:0.000793s ]
INFO: [ app_begin ] --START--
INFO: Run Behavior\ReadHtmlCacheBehavior [ RunTime:0.000898s ]
INFO: [ app_begin ] --END-- [ RunTime:0.001040s ]
NOTIC: [8] A session had already been started - ignoring session_start() D:\we\ThinkPHP\Common\functions.php 第 1263 行.
SQL: select count(*) has from wx_privilege where module_name="Admin" and controller_name="Goods" and action_name="goods_number" [ RunTime:0.0005s ]
SQL: SHOW COLUMNS FROM `wx_goods_number` [ RunTime:0.0020s ]
SQL: DELETE FROM `wx_goods_number` WHERE `goods_id` = '46' [ RunTime:0.0938s ]
SQL: INSERT INTO `wx_goods_number` (`goods_id`,`goods_number`,`goods_attr_id`) VALUES ('46','55','28,39') [ RunTime:0.0910s ]
SQL: INSERT INTO `wx_goods_number` (`goods_id`,`goods_number`,`goods_attr_id`) VALUES ('46','20','20,27') [ RunTime:0.0991s ]
SQL: INSERT INTO `wx_goods_number` (`goods_id`,`goods_number`,`goods_attr_id`) VALUES ('46','55','27,28') [ RunTime:0.0487s ]
INFO: [ view_parse ] --START--
INFO: [ template_filter ] --START--
INFO: Run Behavior\ContentReplaceBehavior [ RunTime:0.000140s ]
INFO: [ template_filter ] --END-- [ RunTime:0.000348s ]
INFO: Run Behavior\ParseTemplateBehavior [ RunTime:0.016388s ]
INFO: [ view_parse ] --END-- [ RunTime:0.016602s ]
INFO: [ view_filter ] --START--
INFO: Run Behavior\WriteHtmlCacheBehavior [ RunTime:0.001040s ]
INFO: [ view_filter ] --END-- [ RunTime:0.001337s ]

[ 2017-01-06T14:39:59+08:00 ] 127.0.0.1 /index.php/Admin/Goods/goods_number/id/46/goods_name/Apple+iPhone+7+%28A1660%29+32G+%E7%8E%AB%E7%91%B0%E9%87%91%E8%89%B2+%E7%A7%BB%E5%8A%A8%E8%81%94%E9%80%9A%E7%94%B5%E4%BF%A14G%E6%89%8B%E6%9C%BA.html
INFO: [ app_init ] --START--
INFO: Run Behavior\BuildLiteBehavior [ RunTime:0.000024s ]
INFO: [ app_init ] --END-- [ RunTime:0.000560s ]
INFO: [ app_begin ] --START--
INFO: Run Behavior\ReadHtmlCacheBehavior [ RunTime:0.000657s ]
INFO: [ app_begin ] --END-- [ RunTime:0.000752s ]
NOTIC: [8] A session had already been started - ignoring session_start() D:\we\ThinkPHP\Common\functions.php 第 1263 行.
SQL: select count(*) has from wx_privilege where module_name="Admin" and controller_name="Goods" and action_name="goods_number" [ RunTime:0.0004s ]
SQL: SELECT a.*,b.attr_name FROM wx_goods_attr a LEFT JOIN wx_attribute b on a.attr_id=b.id WHERE attr_id IN (SELECT attr_id FROM wx_goods_attr WHERE goods_id=46 GROUP BY attr_id HAVING count(*)>1)  AND a.goods_id=46 [ RunTime:0.0007s ]
SQL: SHOW COLUMNS FROM `wx_goods_number` [ RunTime:0.0019s ]
SQL: SELECT * FROM `wx_goods_number` WHERE `goods_id` = '46'  [ RunTime:0.0002s ]
INFO: [ view_parse ] --START--
INFO: [ template_filter ] --START--
INFO: Run Behavior\ContentReplaceBehavior [ RunTime:0.000067s ]
INFO: [ template_filter ] --END-- [ RunTime:0.000135s ]
INFO: Run Behavior\ParseTemplateBehavior [ RunTime:0.006544s ]
INFO: [ view_parse ] --END-- [ RunTime:0.006616s ]
INFO: [ view_filter ] --START--
INFO: Run Behavior\WriteHtmlCacheBehavior [ RunTime:0.000323s ]
INFO: [ view_filter ] --END-- [ RunTime:0.000384s ]
INFO: [ app_end ] --START--
INFO: Run Behavior\ShowPageTraceBehavior [ RunTime:0.000489s ]
INFO: [ app_end ] --END-- [ RunTime:0.000549s ]

[ 2017-01-06T14:58:00+08:00 ] 127.0.0.1 /index.php/Admin/Goods/lst.html
INFO: [ app_init ] --START--
INFO: Run Behavior\BuildLiteBehavior [ RunTime:0.000049s ]
INFO: [ app_init ] --END-- [ RunTime:0.001184s ]
INFO: [ app_begin ] --START--
INFO: Run Behavior\ReadHtmlCacheBehavior [ RunTime:0.001401s ]
INFO: [ app_begin ] --END-- [ RunTime:0.001596s ]
NOTIC: [8] A session had already been started - ignoring session_start() D:\we\ThinkPHP\Common\functions.php 第 1263 行.
SQL: select count(*) has from wx_privilege where module_name="Admin" and controller_name="Goods" and action_name="lst" [ RunTime:0.0003s ]
SQL: SHOW COLUMNS FROM `wx_goods` [ RunTime:0.0030s ]
SQL: SELECT COUNT(*) AS tp_count FROM wx_goods a WHERE `is_delete` = 0 LIMIT 1   [ RunTime:0.0003s ]
SQL: SELECT * FROM wx_goods a WHERE `is_delete` = 0 LIMIT 0,5   [ RunTime:0.0004s ]
INFO: [ view_parse ] --START--
INFO: [ template_filter ] --START--
INFO: Run Behavior\ContentReplaceBehavior [ RunTime:0.000092s ]
INFO: [ template_filter ] --END-- [ RunTime:0.000182s ]
INFO: Run Behavior\ParseTemplateBehavior [ RunTime:0.010417s ]
INFO: [ view_parse ] --END-- [ RunTime:0.010510s ]
INFO: [ view_filter ] --START--
INFO: Run Behavior\WriteHtmlCacheBehavior [ RunTime:0.000522s ]
INFO: [ view_filter ] --END-- [ RunTime:0.000605s ]
INFO: [ app_end ] --START--
INFO: Run Behavior\ShowPageTraceBehavior [ RunTime:0.000739s ]
INFO: [ app_end ] --END-- [ RunTime:0.000827s ]

[ 2017-01-06T14:58:02+08:00 ] 127.0.0.1 /index.php/Admin/Goods/goods_number/id/44/goods_name/%E4%B8%89%E6%98%9F+Galaxy+S7%EF%BC%88G9300%EF%BC%894GB+32G+%E9%93%82%E5%85%89%E9%87%91.html
INFO: [ app_init ] --START--
INFO: Run Behavior\BuildLiteBehavior [ RunTime:0.000054s ]
INFO: [ app_init ] --END-- [ RunTime:0.001381s ]
INFO: [ app_begin ] --START--
INFO: Run Behavior\ReadHtmlCacheBehavior [ RunTime:0.000992s ]
INFO: [ app_begin ] --END-- [ RunTime:0.001121s ]
NOTIC: [8] A session had already been started - ignoring session_start() D:\we\ThinkPHP\Common\functions.php 第 1263 行.
SQL: select count(*) has from wx_privilege where module_name="Admin" and controller_name="Goods" and action_name="goods_number" [ RunTime:0.0005s ]
SQL: SELECT a.*,b.attr_name FROM wx_goods_attr a LEFT JOIN wx_attribute b on a.attr_id=b.id WHERE attr_id IN (SELECT attr_id FROM wx_goods_attr WHERE goods_id=44 GROUP BY attr_id HAVING count(*)>1)  AND a.goods_id=44 [ RunTime:0.0008s ]
SQL: SHOW COLUMNS FROM `wx_goods_number` [ RunTime:0.0024s ]
SQL: SELECT * FROM `wx_goods_number` WHERE `goods_id` = '44'  [ RunTime:0.0002s ]
INFO: [ view_parse ] --START--
INFO: [ template_filter ] --START--
INFO: Run Behavior\ContentReplaceBehavior [ RunTime:0.000067s ]
INFO: [ template_filter ] --END-- [ RunTime:0.000157s ]
INFO: Run Behavior\ParseTemplateBehavior [ RunTime:0.006569s ]
INFO: [ view_parse ] --END-- [ RunTime:0.006642s ]
INFO: [ view_filter ] --START--
INFO: Run Behavior\WriteHtmlCacheBehavior [ RunTime:0.000335s ]
INFO: [ view_filter ] --END-- [ RunTime:0.000390s ]
INFO: [ app_end ] --START--
INFO: Run Behavior\ShowPageTraceBehavior [ RunTime:0.000474s ]
INFO: [ app_end ] --END-- [ RunTime:0.000534s ]

